                              1 ;--------------------------------------------------------
                              2 ; File Created by SDCC : free open source ANSI-C Compiler
                              3 ; Version 3.6.8 #9946 (Linux)
                              4 ;--------------------------------------------------------
                              5 	.module Checkpoint_top_sprite_01
                              6 	.optsdcc -mz80
                              7 	
                              8 ;--------------------------------------------------------
                              9 ; Public variables in this module
                             10 ;--------------------------------------------------------
                             11 	.globl _checkpoint_top_spr_1
                             12 	.globl _checkpoint_top_spr_0
                             13 ;--------------------------------------------------------
                             14 ; special function registers
                             15 ;--------------------------------------------------------
                             16 ;--------------------------------------------------------
                             17 ; ram data
                             18 ;--------------------------------------------------------
                             19 	.area _DATA
                             20 ;--------------------------------------------------------
                             21 ; ram data
                             22 ;--------------------------------------------------------
                             23 	.area _INITIALIZED
                             24 ;--------------------------------------------------------
                             25 ; absolute external ram data
                             26 ;--------------------------------------------------------
                             27 	.area _DABS (ABS)
                             28 ;--------------------------------------------------------
                             29 ; global & static initialisations
                             30 ;--------------------------------------------------------
                             31 	.area _HOME
                             32 	.area _GSINIT
                             33 	.area _GSFINAL
                             34 	.area _GSINIT
                             35 ;--------------------------------------------------------
                             36 ; Home
                             37 ;--------------------------------------------------------
                             38 	.area _HOME
                             39 	.area _HOME
                             40 ;--------------------------------------------------------
                             41 ; code
                             42 ;--------------------------------------------------------
                             43 	.area _CODE
                             44 	.area _CODE
   0000                      45 _checkpoint_top_spr_0:
   0000 F0                   46 	.db #0xf0	; 240
   0001 F0                   47 	.db #0xf0	; 240
   0002 F6                   48 	.db #0xf6	; 246
   0003 F6                   49 	.db #0xf6	; 246
   0004                      50 _checkpoint_top_spr_1:
   0004 96                   51 	.db #0x96	; 150
   0005 6F                   52 	.db #0x6f	; 111	'o'
   0006 6F                   53 	.db #0x6f	; 111	'o'
   0007 96                   54 	.db #0x96	; 150
                             55 	.area _INITIALIZER
                             56 	.area _CABS (ABS)
