                              1 ;--------------------------------------------------------
                              2 ; File Created by SDCC : free open source ANSI-C Compiler
                              3 ; Version 3.6.8 #9946 (Linux)
                              4 ;--------------------------------------------------------
                              5 	.module ColectableSprite
                              6 	.optsdcc -mz80
                              7 	
                              8 ;--------------------------------------------------------
                              9 ; Public variables in this module
                             10 ;--------------------------------------------------------
                             11 	.globl _colectable_spr_3
                             12 	.globl _colectable_spr_2
                             13 	.globl _colectable_spr_1
                             14 	.globl _colectable_spr_0
                             15 ;--------------------------------------------------------
                             16 ; special function registers
                             17 ;--------------------------------------------------------
                             18 ;--------------------------------------------------------
                             19 ; ram data
                             20 ;--------------------------------------------------------
                             21 	.area _DATA
                             22 ;--------------------------------------------------------
                             23 ; ram data
                             24 ;--------------------------------------------------------
                             25 	.area _INITIALIZED
                             26 ;--------------------------------------------------------
                             27 ; absolute external ram data
                             28 ;--------------------------------------------------------
                             29 	.area _DABS (ABS)
                             30 ;--------------------------------------------------------
                             31 ; global & static initialisations
                             32 ;--------------------------------------------------------
                             33 	.area _HOME
                             34 	.area _GSINIT
                             35 	.area _GSFINAL
                             36 	.area _GSINIT
                             37 ;--------------------------------------------------------
                             38 ; Home
                             39 ;--------------------------------------------------------
                             40 	.area _HOME
                             41 	.area _HOME
                             42 ;--------------------------------------------------------
                             43 ; code
                             44 ;--------------------------------------------------------
                             45 	.area _CODE
                             46 	.area _CODE
   0000                      47 _colectable_spr_0:
   0000 F0                   48 	.db #0xf0	; 240
   0001 78                   49 	.db #0x78	; 120	'x'
   0002 F0                   50 	.db #0xf0	; 240
   0003 F0                   51 	.db #0xf0	; 240
   0004 E1                   52 	.db #0xe1	; 225
   0005 F0                   53 	.db #0xf0	; 240
   0006 F0                   54 	.db #0xf0	; 240
   0007 F0                   55 	.db #0xf0	; 240
   0008 F0                   56 	.db #0xf0	; 240
   0009 78                   57 	.db #0x78	; 120	'x'
   000A F3                   58 	.db #0xf3	; 243
   000B FC                   59 	.db #0xfc	; 252
   000C E3                   60 	.db #0xe3	; 227
   000D F4                   61 	.db #0xf4	; 244
   000E F3                   62 	.db #0xf3	; 243
   000F FC                   63 	.db #0xfc	; 252
   0010 E7                   64 	.db #0xe7	; 231
   0011 F6                   65 	.db #0xf6	; 246
   0012 D6                   66 	.db #0xd6	; 214
   0013 F2                   67 	.db #0xf2	; 242
   0014 F4                   68 	.db #0xf4	; 244
   0015 F2                   69 	.db #0xf2	; 242
   0016 F6                   70 	.db #0xf6	; 246
   0017 F6                   71 	.db #0xf6	; 246
   0018 F3                   72 	.db #0xf3	; 243
   0019 FC                   73 	.db #0xfc	; 252
   001A                      74 _colectable_spr_1:
   001A F0                   75 	.db #0xf0	; 240
   001B F0                   76 	.db #0xf0	; 240
   001C F0                   77 	.db #0xf0	; 240
   001D 78                   78 	.db #0x78	; 120	'x'
   001E F0                   79 	.db #0xf0	; 240
   001F F0                   80 	.db #0xf0	; 240
   0020 E1                   81 	.db #0xe1	; 225
   0021 F0                   82 	.db #0xf0	; 240
   0022 F0                   83 	.db #0xf0	; 240
   0023 F0                   84 	.db #0xf0	; 240
   0024 F3                   85 	.db #0xf3	; 243
   0025 FC                   86 	.db #0xfc	; 252
   0026 E3                   87 	.db #0xe3	; 227
   0027 F4                   88 	.db #0xf4	; 244
   0028 F3                   89 	.db #0xf3	; 243
   0029 FC                   90 	.db #0xfc	; 252
   002A E7                   91 	.db #0xe7	; 231
   002B F6                   92 	.db #0xf6	; 246
   002C D6                   93 	.db #0xd6	; 214
   002D F2                   94 	.db #0xf2	; 242
   002E F4                   95 	.db #0xf4	; 244
   002F F2                   96 	.db #0xf2	; 242
   0030 F6                   97 	.db #0xf6	; 246
   0031 F6                   98 	.db #0xf6	; 246
   0032 F3                   99 	.db #0xf3	; 243
   0033 FC                  100 	.db #0xfc	; 252
   0034                     101 _colectable_spr_2:
   0034 E1                  102 	.db #0xe1	; 225
   0035 F0                  103 	.db #0xf0	; 240
   0036 F0                  104 	.db #0xf0	; 240
   0037 F0                  105 	.db #0xf0	; 240
   0038 F0                  106 	.db #0xf0	; 240
   0039 78                  107 	.db #0x78	; 120	'x'
   003A F0                  108 	.db #0xf0	; 240
   003B F0                  109 	.db #0xf0	; 240
   003C E1                  110 	.db #0xe1	; 225
   003D F0                  111 	.db #0xf0	; 240
   003E F3                  112 	.db #0xf3	; 243
   003F FC                  113 	.db #0xfc	; 252
   0040 E3                  114 	.db #0xe3	; 227
   0041 F4                  115 	.db #0xf4	; 244
   0042 F3                  116 	.db #0xf3	; 243
   0043 FC                  117 	.db #0xfc	; 252
   0044 E7                  118 	.db #0xe7	; 231
   0045 F6                  119 	.db #0xf6	; 246
   0046 D6                  120 	.db #0xd6	; 214
   0047 F2                  121 	.db #0xf2	; 242
   0048 F4                  122 	.db #0xf4	; 244
   0049 F2                  123 	.db #0xf2	; 242
   004A F6                  124 	.db #0xf6	; 246
   004B F6                  125 	.db #0xf6	; 246
   004C F3                  126 	.db #0xf3	; 243
   004D FC                  127 	.db #0xfc	; 252
   004E                     128 _colectable_spr_3:
   004E F0                  129 	.db #0xf0	; 240
   004F F0                  130 	.db #0xf0	; 240
   0050 E1                  131 	.db #0xe1	; 225
   0051 F0                  132 	.db #0xf0	; 240
   0052 F0                  133 	.db #0xf0	; 240
   0053 F0                  134 	.db #0xf0	; 240
   0054 F0                  135 	.db #0xf0	; 240
   0055 78                  136 	.db #0x78	; 120	'x'
   0056 F0                  137 	.db #0xf0	; 240
   0057 F0                  138 	.db #0xf0	; 240
   0058 F3                  139 	.db #0xf3	; 243
   0059 FC                  140 	.db #0xfc	; 252
   005A E3                  141 	.db #0xe3	; 227
   005B F4                  142 	.db #0xf4	; 244
   005C F3                  143 	.db #0xf3	; 243
   005D FC                  144 	.db #0xfc	; 252
   005E E7                  145 	.db #0xe7	; 231
   005F F6                  146 	.db #0xf6	; 246
   0060 D6                  147 	.db #0xd6	; 214
   0061 F2                  148 	.db #0xf2	; 242
   0062 F4                  149 	.db #0xf4	; 244
   0063 F2                  150 	.db #0xf2	; 242
   0064 F6                  151 	.db #0xf6	; 246
   0065 F6                  152 	.db #0xf6	; 246
   0066 F3                  153 	.db #0xf3	; 243
   0067 FC                  154 	.db #0xfc	; 252
                            155 	.area _INITIALIZER
                            156 	.area _CABS (ABS)
