                              1 ;--------------------------------------------------------
                              2 ; File Created by SDCC : free open source ANSI-C Compiler
                              3 ; Version 3.6.8 #9946 (Linux)
                              4 ;--------------------------------------------------------
                              5 	.module ColectableVoidSprite
                              6 	.optsdcc -mz80
                              7 	
                              8 ;--------------------------------------------------------
                              9 ; Public variables in this module
                             10 ;--------------------------------------------------------
                             11 	.globl _colectable_void_spr
                             12 ;--------------------------------------------------------
                             13 ; special function registers
                             14 ;--------------------------------------------------------
                             15 ;--------------------------------------------------------
                             16 ; ram data
                             17 ;--------------------------------------------------------
                             18 	.area _DATA
                             19 ;--------------------------------------------------------
                             20 ; ram data
                             21 ;--------------------------------------------------------
                             22 	.area _INITIALIZED
                             23 ;--------------------------------------------------------
                             24 ; absolute external ram data
                             25 ;--------------------------------------------------------
                             26 	.area _DABS (ABS)
                             27 ;--------------------------------------------------------
                             28 ; global & static initialisations
                             29 ;--------------------------------------------------------
                             30 	.area _HOME
                             31 	.area _GSINIT
                             32 	.area _GSFINAL
                             33 	.area _GSINIT
                             34 ;--------------------------------------------------------
                             35 ; Home
                             36 ;--------------------------------------------------------
                             37 	.area _HOME
                             38 	.area _HOME
                             39 ;--------------------------------------------------------
                             40 ; code
                             41 ;--------------------------------------------------------
                             42 	.area _CODE
                             43 	.area _CODE
   0000                      44 _colectable_void_spr:
   0000 F0                   45 	.db #0xf0	; 240
   0001 F0                   46 	.db #0xf0	; 240
   0002 F0                   47 	.db #0xf0	; 240
   0003 F0                   48 	.db #0xf0	; 240
   0004 F0                   49 	.db #0xf0	; 240
   0005 F0                   50 	.db #0xf0	; 240
   0006 F0                   51 	.db #0xf0	; 240
   0007 F0                   52 	.db #0xf0	; 240
   0008 F0                   53 	.db #0xf0	; 240
   0009 F0                   54 	.db #0xf0	; 240
   000A F0                   55 	.db #0xf0	; 240
   000B F0                   56 	.db #0xf0	; 240
   000C F0                   57 	.db #0xf0	; 240
   000D F0                   58 	.db #0xf0	; 240
   000E F0                   59 	.db #0xf0	; 240
   000F F0                   60 	.db #0xf0	; 240
   0010 F0                   61 	.db #0xf0	; 240
   0011 F0                   62 	.db #0xf0	; 240
   0012 F0                   63 	.db #0xf0	; 240
   0013 F0                   64 	.db #0xf0	; 240
   0014 F0                   65 	.db #0xf0	; 240
   0015 F0                   66 	.db #0xf0	; 240
   0016 F0                   67 	.db #0xf0	; 240
   0017 F0                   68 	.db #0xf0	; 240
   0018 F0                   69 	.db #0xf0	; 240
   0019 F0                   70 	.db #0xf0	; 240
                             71 	.area _INITIALIZER
                             72 	.area _CABS (ABS)
