                              1 ;--------------------------------------------------------
                              2 ; File Created by SDCC : free open source ANSI-C Compiler
                              3 ; Version 3.6.8 #9946 (Linux)
                              4 ;--------------------------------------------------------
                              5 	.module DoorSprites
                              6 	.optsdcc -mz80
                              7 	
                              8 ;--------------------------------------------------------
                              9 ; Public variables in this module
                             10 ;--------------------------------------------------------
                             11 	.globl _door_spr_4
                             12 	.globl _door_spr_3
                             13 	.globl _door_spr_2
                             14 	.globl _door_spr_1
                             15 	.globl _door_spr_0
                             16 ;--------------------------------------------------------
                             17 ; special function registers
                             18 ;--------------------------------------------------------
                             19 ;--------------------------------------------------------
                             20 ; ram data
                             21 ;--------------------------------------------------------
                             22 	.area _DATA
                             23 ;--------------------------------------------------------
                             24 ; ram data
                             25 ;--------------------------------------------------------
                             26 	.area _INITIALIZED
                             27 ;--------------------------------------------------------
                             28 ; absolute external ram data
                             29 ;--------------------------------------------------------
                             30 	.area _DABS (ABS)
                             31 ;--------------------------------------------------------
                             32 ; global & static initialisations
                             33 ;--------------------------------------------------------
                             34 	.area _HOME
                             35 	.area _GSINIT
                             36 	.area _GSFINAL
                             37 	.area _GSINIT
                             38 ;--------------------------------------------------------
                             39 ; Home
                             40 ;--------------------------------------------------------
                             41 	.area _HOME
                             42 	.area _HOME
                             43 ;--------------------------------------------------------
                             44 ; code
                             45 ;--------------------------------------------------------
                             46 	.area _CODE
                             47 	.area _CODE
   0000                      48 _door_spr_0:
   0000 FC                   49 	.db #0xfc	; 252
   0001 F3                   50 	.db #0xf3	; 243
   0002 F3                   51 	.db #0xf3	; 243
   0003 FC                   52 	.db #0xfc	; 252
   0004 F0                   53 	.db #0xf0	; 240
   0005 F0                   54 	.db #0xf0	; 240
   0006 FC                   55 	.db #0xfc	; 252
   0007 F3                   56 	.db #0xf3	; 243
   0008 F3                   57 	.db #0xf3	; 243
   0009 FC                   58 	.db #0xfc	; 252
   000A F0                   59 	.db #0xf0	; 240
   000B F0                   60 	.db #0xf0	; 240
   000C FC                   61 	.db #0xfc	; 252
   000D F3                   62 	.db #0xf3	; 243
   000E F3                   63 	.db #0xf3	; 243
   000F FC                   64 	.db #0xfc	; 252
   0010 F0                   65 	.db #0xf0	; 240
   0011 F0                   66 	.db #0xf0	; 240
   0012 FF                   67 	.db #0xff	; 255
   0013 FF                   68 	.db #0xff	; 255
   0014 F4                   69 	.db #0xf4	; 244
   0015 F2                   70 	.db #0xf2	; 242
   0016                      71 _door_spr_1:
   0016 FC                   72 	.db #0xfc	; 252
   0017 F3                   73 	.db #0xf3	; 243
   0018 F3                   74 	.db #0xf3	; 243
   0019 FC                   75 	.db #0xfc	; 252
   001A F0                   76 	.db #0xf0	; 240
   001B F0                   77 	.db #0xf0	; 240
   001C FC                   78 	.db #0xfc	; 252
   001D F3                   79 	.db #0xf3	; 243
   001E F3                   80 	.db #0xf3	; 243
   001F FC                   81 	.db #0xfc	; 252
   0020 F0                   82 	.db #0xf0	; 240
   0021 F0                   83 	.db #0xf0	; 240
   0022 FF                   84 	.db #0xff	; 255
   0023 FF                   85 	.db #0xff	; 255
   0024 F4                   86 	.db #0xf4	; 244
   0025 F2                   87 	.db #0xf2	; 242
   0026 FF                   88 	.db #0xff	; 255
   0027 FF                   89 	.db #0xff	; 255
   0028 FF                   90 	.db #0xff	; 255
   0029 FF                   91 	.db #0xff	; 255
   002A FF                   92 	.db #0xff	; 255
   002B FF                   93 	.db #0xff	; 255
   002C                      94 _door_spr_2:
   002C FC                   95 	.db #0xfc	; 252
   002D F3                   96 	.db #0xf3	; 243
   002E F3                   97 	.db #0xf3	; 243
   002F FC                   98 	.db #0xfc	; 252
   0030 F0                   99 	.db #0xf0	; 240
   0031 F0                  100 	.db #0xf0	; 240
   0032 FF                  101 	.db #0xff	; 255
   0033 FF                  102 	.db #0xff	; 255
   0034 F4                  103 	.db #0xf4	; 244
   0035 F2                  104 	.db #0xf2	; 242
   0036 FF                  105 	.db #0xff	; 255
   0037 FF                  106 	.db #0xff	; 255
   0038 FF                  107 	.db #0xff	; 255
   0039 FF                  108 	.db #0xff	; 255
   003A FF                  109 	.db #0xff	; 255
   003B FF                  110 	.db #0xff	; 255
   003C FF                  111 	.db #0xff	; 255
   003D FF                  112 	.db #0xff	; 255
   003E FF                  113 	.db #0xff	; 255
   003F FF                  114 	.db #0xff	; 255
   0040 FF                  115 	.db #0xff	; 255
   0041 FF                  116 	.db #0xff	; 255
   0042                     117 _door_spr_3:
   0042 FF                  118 	.db #0xff	; 255
   0043 FF                  119 	.db #0xff	; 255
   0044 F4                  120 	.db #0xf4	; 244
   0045 F2                  121 	.db #0xf2	; 242
   0046 FF                  122 	.db #0xff	; 255
   0047 FF                  123 	.db #0xff	; 255
   0048 FF                  124 	.db #0xff	; 255
   0049 FF                  125 	.db #0xff	; 255
   004A FF                  126 	.db #0xff	; 255
   004B FF                  127 	.db #0xff	; 255
   004C FF                  128 	.db #0xff	; 255
   004D FF                  129 	.db #0xff	; 255
   004E FF                  130 	.db #0xff	; 255
   004F FF                  131 	.db #0xff	; 255
   0050 FF                  132 	.db #0xff	; 255
   0051 FF                  133 	.db #0xff	; 255
   0052 FF                  134 	.db #0xff	; 255
   0053 FF                  135 	.db #0xff	; 255
   0054 FF                  136 	.db #0xff	; 255
   0055 FF                  137 	.db #0xff	; 255
   0056 FF                  138 	.db #0xff	; 255
   0057 FF                  139 	.db #0xff	; 255
   0058                     140 _door_spr_4:
   0058 FF                  141 	.db #0xff	; 255
   0059 FF                  142 	.db #0xff	; 255
   005A FF                  143 	.db #0xff	; 255
   005B FF                  144 	.db #0xff	; 255
   005C FF                  145 	.db #0xff	; 255
   005D FF                  146 	.db #0xff	; 255
   005E FF                  147 	.db #0xff	; 255
   005F FF                  148 	.db #0xff	; 255
   0060 FF                  149 	.db #0xff	; 255
   0061 FF                  150 	.db #0xff	; 255
   0062 FF                  151 	.db #0xff	; 255
   0063 FF                  152 	.db #0xff	; 255
   0064 FF                  153 	.db #0xff	; 255
   0065 FF                  154 	.db #0xff	; 255
   0066 FF                  155 	.db #0xff	; 255
   0067 FF                  156 	.db #0xff	; 255
   0068 FF                  157 	.db #0xff	; 255
   0069 FF                  158 	.db #0xff	; 255
   006A FF                  159 	.db #0xff	; 255
   006B FF                  160 	.db #0xff	; 255
   006C FF                  161 	.db #0xff	; 255
   006D FF                  162 	.db #0xff	; 255
                            163 	.area _INITIALIZER
                            164 	.area _CABS (ABS)
