                              1 ;--------------------------------------------------------
                              2 ; File Created by SDCC : free open source ANSI-C Compiler
                              3 ; Version 3.6.8 #9946 (Linux)
                              4 ;--------------------------------------------------------
                              5 	.module DoubleJumpPowerUpSprites
                              6 	.optsdcc -mz80
                              7 	
                              8 ;--------------------------------------------------------
                              9 ; Public variables in this module
                             10 ;--------------------------------------------------------
                             11 	.globl _double_jump_spr_4
                             12 	.globl _double_jump_spr_3
                             13 	.globl _double_jump_spr_2
                             14 	.globl _double_jump_spr_1
                             15 	.globl _double_jump_spr_0
                             16 ;--------------------------------------------------------
                             17 ; special function registers
                             18 ;--------------------------------------------------------
                             19 ;--------------------------------------------------------
                             20 ; ram data
                             21 ;--------------------------------------------------------
                             22 	.area _DATA
                             23 ;--------------------------------------------------------
                             24 ; ram data
                             25 ;--------------------------------------------------------
                             26 	.area _INITIALIZED
                             27 ;--------------------------------------------------------
                             28 ; absolute external ram data
                             29 ;--------------------------------------------------------
                             30 	.area _DABS (ABS)
                             31 ;--------------------------------------------------------
                             32 ; global & static initialisations
                             33 ;--------------------------------------------------------
                             34 	.area _HOME
                             35 	.area _GSINIT
                             36 	.area _GSFINAL
                             37 	.area _GSINIT
                             38 ;--------------------------------------------------------
                             39 ; Home
                             40 ;--------------------------------------------------------
                             41 	.area _HOME
                             42 	.area _HOME
                             43 ;--------------------------------------------------------
                             44 ; code
                             45 ;--------------------------------------------------------
                             46 	.area _CODE
                             47 	.area _CODE
   0000                      48 _double_jump_spr_0:
   0000 F0                   49 	.db #0xf0	; 240
   0001 C3                   50 	.db #0xc3	; 195
   0002 3C                   51 	.db #0x3c	; 60
   0003 F0                   52 	.db #0xf0	; 240
   0004 F0                   53 	.db #0xf0	; 240
   0005 B4                   54 	.db #0xb4	; 180
   0006 D2                   55 	.db #0xd2	; 210
   0007 F0                   56 	.db #0xf0	; 240
   0008 F5                   57 	.db #0xf5	; 245
   0009 BD                   58 	.db #0xbd	; 189
   000A DB                   59 	.db #0xdb	; 219
   000B F2                   60 	.db #0xf2	; 242
   000C F4                   61 	.db #0xf4	; 244
   000D BD                   62 	.db #0xbd	; 189
   000E DB                   63 	.db #0xdb	; 219
   000F FA                   64 	.db #0xfa	; 250
   0010 F0                   65 	.db #0xf0	; 240
   0011 B4                   66 	.db #0xb4	; 180
   0012 D2                   67 	.db #0xd2	; 210
   0013 F0                   68 	.db #0xf0	; 240
   0014 F0                   69 	.db #0xf0	; 240
   0015 C3                   70 	.db #0xc3	; 195
   0016 3C                   71 	.db #0x3c	; 60
   0017 F0                   72 	.db #0xf0	; 240
   0018                      73 _double_jump_spr_1:
   0018 F0                   74 	.db #0xf0	; 240
   0019 F0                   75 	.db #0xf0	; 240
   001A F0                   76 	.db #0xf0	; 240
   001B F0                   77 	.db #0xf0	; 240
   001C F0                   78 	.db #0xf0	; 240
   001D C3                   79 	.db #0xc3	; 195
   001E 3C                   80 	.db #0x3c	; 60
   001F F0                   81 	.db #0xf0	; 240
   0020 F5                   82 	.db #0xf5	; 245
   0021 BD                   83 	.db #0xbd	; 189
   0022 DB                   84 	.db #0xdb	; 219
   0023 F2                   85 	.db #0xf2	; 242
   0024 F4                   86 	.db #0xf4	; 244
   0025 BD                   87 	.db #0xbd	; 189
   0026 DB                   88 	.db #0xdb	; 219
   0027 FA                   89 	.db #0xfa	; 250
   0028 F0                   90 	.db #0xf0	; 240
   0029 C3                   91 	.db #0xc3	; 195
   002A 3C                   92 	.db #0x3c	; 60
   002B F0                   93 	.db #0xf0	; 240
   002C F0                   94 	.db #0xf0	; 240
   002D F0                   95 	.db #0xf0	; 240
   002E F0                   96 	.db #0xf0	; 240
   002F F0                   97 	.db #0xf0	; 240
   0030                      98 _double_jump_spr_2:
   0030 F0                   99 	.db #0xf0	; 240
   0031 F0                  100 	.db #0xf0	; 240
   0032 F0                  101 	.db #0xf0	; 240
   0033 F0                  102 	.db #0xf0	; 240
   0034 F0                  103 	.db #0xf0	; 240
   0035 F0                  104 	.db #0xf0	; 240
   0036 F0                  105 	.db #0xf0	; 240
   0037 F0                  106 	.db #0xf0	; 240
   0038 F5                  107 	.db #0xf5	; 245
   0039 9F                  108 	.db #0x9f	; 159
   003A 9F                  109 	.db #0x9f	; 159
   003B F2                  110 	.db #0xf2	; 242
   003C F4                  111 	.db #0xf4	; 244
   003D 8F                  112 	.db #0x8f	; 143
   003E 1F                  113 	.db #0x1f	; 31
   003F FA                  114 	.db #0xfa	; 250
   0040 F0                  115 	.db #0xf0	; 240
   0041 F0                  116 	.db #0xf0	; 240
   0042 F0                  117 	.db #0xf0	; 240
   0043 F0                  118 	.db #0xf0	; 240
   0044 F0                  119 	.db #0xf0	; 240
   0045 F0                  120 	.db #0xf0	; 240
   0046 F0                  121 	.db #0xf0	; 240
   0047 F0                  122 	.db #0xf0	; 240
   0048                     123 _double_jump_spr_3:
   0048 F0                  124 	.db #0xf0	; 240
   0049 F0                  125 	.db #0xf0	; 240
   004A F0                  126 	.db #0xf0	; 240
   004B F0                  127 	.db #0xf0	; 240
   004C F0                  128 	.db #0xf0	; 240
   004D F0                  129 	.db #0xf0	; 240
   004E F0                  130 	.db #0xf0	; 240
   004F F0                  131 	.db #0xf0	; 240
   0050 F5                  132 	.db #0xf5	; 245
   0051 8F                  133 	.db #0x8f	; 143
   0052 1F                  134 	.db #0x1f	; 31
   0053 F2                  135 	.db #0xf2	; 242
   0054 F4                  136 	.db #0xf4	; 244
   0055 9F                  137 	.db #0x9f	; 159
   0056 9F                  138 	.db #0x9f	; 159
   0057 FA                  139 	.db #0xfa	; 250
   0058 F0                  140 	.db #0xf0	; 240
   0059 F0                  141 	.db #0xf0	; 240
   005A F0                  142 	.db #0xf0	; 240
   005B F0                  143 	.db #0xf0	; 240
   005C F0                  144 	.db #0xf0	; 240
   005D F0                  145 	.db #0xf0	; 240
   005E F0                  146 	.db #0xf0	; 240
   005F F0                  147 	.db #0xf0	; 240
   0060                     148 _double_jump_spr_4:
   0060 F0                  149 	.db #0xf0	; 240
   0061 87                  150 	.db #0x87	; 135
   0062 1E                  151 	.db #0x1e	; 30
   0063 F0                  152 	.db #0xf0	; 240
   0064 87                  153 	.db #0x87	; 135
   0065 78                  154 	.db #0x78	; 120	'x'
   0066 E1                  155 	.db #0xe1	; 225
   0067 1E                  156 	.db #0x1e	; 30
   0068 7D                  157 	.db #0x7d	; 125
   0069 F9                  158 	.db #0xf9	; 249
   006A FB                  159 	.db #0xfb	; 251
   006B E3                  160 	.db #0xe3	; 227
   006C 7C                  161 	.db #0x7c	; 124
   006D FD                  162 	.db #0xfd	; 253
   006E F9                  163 	.db #0xf9	; 249
   006F EB                  164 	.db #0xeb	; 235
   0070 87                  165 	.db #0x87	; 135
   0071 78                  166 	.db #0x78	; 120	'x'
   0072 E1                  167 	.db #0xe1	; 225
   0073 1E                  168 	.db #0x1e	; 30
   0074 F0                  169 	.db #0xf0	; 240
   0075 87                  170 	.db #0x87	; 135
   0076 1E                  171 	.db #0x1e	; 30
   0077 F0                  172 	.db #0xf0	; 240
                            173 	.area _INITIALIZER
                            174 	.area _CABS (ABS)
