                              1 ;--------------------------------------------------------
                              2 ; File Created by SDCC : free open source ANSI-C Compiler
                              3 ; Version 3.6.8 #9946 (Linux)
                              4 ;--------------------------------------------------------
                              5 	.module EnemySawSprites
                              6 	.optsdcc -mz80
                              7 	
                              8 ;--------------------------------------------------------
                              9 ; Public variables in this module
                             10 ;--------------------------------------------------------
                             11 	.globl _enemy_saw_spr_7
                             12 	.globl _enemy_saw_spr_6
                             13 	.globl _enemy_saw_spr_5
                             14 	.globl _enemy_saw_spr_4
                             15 	.globl _enemy_saw_spr_3
                             16 	.globl _enemy_saw_spr_2
                             17 	.globl _enemy_saw_spr_1
                             18 	.globl _enemy_saw_spr_0
                             19 ;--------------------------------------------------------
                             20 ; special function registers
                             21 ;--------------------------------------------------------
                             22 ;--------------------------------------------------------
                             23 ; ram data
                             24 ;--------------------------------------------------------
                             25 	.area _DATA
                             26 ;--------------------------------------------------------
                             27 ; ram data
                             28 ;--------------------------------------------------------
                             29 	.area _INITIALIZED
                             30 ;--------------------------------------------------------
                             31 ; absolute external ram data
                             32 ;--------------------------------------------------------
                             33 	.area _DABS (ABS)
                             34 ;--------------------------------------------------------
                             35 ; global & static initialisations
                             36 ;--------------------------------------------------------
                             37 	.area _HOME
                             38 	.area _GSINIT
                             39 	.area _GSFINAL
                             40 	.area _GSINIT
                             41 ;--------------------------------------------------------
                             42 ; Home
                             43 ;--------------------------------------------------------
                             44 	.area _HOME
                             45 	.area _HOME
                             46 ;--------------------------------------------------------
                             47 ; code
                             48 ;--------------------------------------------------------
                             49 	.area _CODE
                             50 	.area _CODE
   0000                      51 _enemy_saw_spr_0:
   0000 00                   52 	.db #0x00	; 0
   0001 E1                   53 	.db #0xe1	; 225
   0002 00                   54 	.db #0x00	; 0
   0003 F0                   55 	.db #0xf0	; 240
   0004 FF                   56 	.db #0xff	; 255
   0005 00                   57 	.db #0x00	; 0
   0006 00                   58 	.db #0x00	; 0
   0007 D3                   59 	.db #0xd3	; 211
   0008 00                   60 	.db #0x00	; 0
   0009 3C                   61 	.db #0x3c	; 60
   000A FF                   62 	.db #0xff	; 255
   000B 00                   63 	.db #0x00	; 0
   000C 00                   64 	.db #0x00	; 0
   000D B4                   65 	.db #0xb4	; 180
   000E 00                   66 	.db #0x00	; 0
   000F D2                   67 	.db #0xd2	; 210
   0010 FF                   68 	.db #0xff	; 255
   0011 00                   69 	.db #0x00	; 0
   0012 00                   70 	.db #0x00	; 0
   0013 B4                   71 	.db #0xb4	; 180
   0014 00                   72 	.db #0x00	; 0
   0015 EB                   73 	.db #0xeb	; 235
   0016 FF                   74 	.db #0xff	; 255
   0017 00                   75 	.db #0x00	; 0
   0018 00                   76 	.db #0x00	; 0
   0019 7D                   77 	.db #0x7d	; 125
   001A 00                   78 	.db #0x00	; 0
   001B D2                   79 	.db #0xd2	; 210
   001C FF                   80 	.db #0xff	; 255
   001D 00                   81 	.db #0x00	; 0
   001E 00                   82 	.db #0x00	; 0
   001F B4                   83 	.db #0xb4	; 180
   0020 00                   84 	.db #0x00	; 0
   0021 D2                   85 	.db #0xd2	; 210
   0022 FF                   86 	.db #0xff	; 255
   0023 00                   87 	.db #0x00	; 0
   0024 00                   88 	.db #0x00	; 0
   0025 C3                   89 	.db #0xc3	; 195
   0026 00                   90 	.db #0x00	; 0
   0027 BC                   91 	.db #0xbc	; 188
   0028 FF                   92 	.db #0xff	; 255
   0029 00                   93 	.db #0x00	; 0
   002A 00                   94 	.db #0x00	; 0
   002B F0                   95 	.db #0xf0	; 240
   002C 00                   96 	.db #0x00	; 0
   002D 78                   97 	.db #0x78	; 120	'x'
   002E FF                   98 	.db #0xff	; 255
   002F 00                   99 	.db #0x00	; 0
   0030                     100 _enemy_saw_spr_1:
   0030 88                  101 	.db #0x88	; 136
   0031 70                  102 	.db #0x70	; 112	'p'
   0032 00                  103 	.db #0x00	; 0
   0033 78                  104 	.db #0x78	; 120	'x'
   0034 77                  105 	.db #0x77	; 119	'w'
   0035 80                  106 	.db #0x80	; 128
   0036 88                  107 	.db #0x88	; 136
   0037 61                  108 	.db #0x61	; 97	'a'
   0038 00                  109 	.db #0x00	; 0
   0039 9E                  110 	.db #0x9e	; 158
   003A 77                  111 	.db #0x77	; 119	'w'
   003B 80                  112 	.db #0x80	; 128
   003C 88                  113 	.db #0x88	; 136
   003D 52                  114 	.db #0x52	; 82	'R'
   003E 00                  115 	.db #0x00	; 0
   003F E1                  116 	.db #0xe1	; 225
   0040 77                  117 	.db #0x77	; 119	'w'
   0041 80                  118 	.db #0x80	; 128
   0042 88                  119 	.db #0x88	; 136
   0043 52                  120 	.db #0x52	; 82	'R'
   0044 00                  121 	.db #0x00	; 0
   0045 F5                  122 	.db #0xf5	; 245
   0046 77                  123 	.db #0x77	; 119	'w'
   0047 08                  124 	.db #0x08	; 8
   0048 88                  125 	.db #0x88	; 136
   0049 36                  126 	.db #0x36	; 54	'6'
   004A 00                  127 	.db #0x00	; 0
   004B E9                  128 	.db #0xe9	; 233
   004C 77                  129 	.db #0x77	; 119	'w'
   004D 80                  130 	.db #0x80	; 128
   004E 88                  131 	.db #0x88	; 136
   004F 52                  132 	.db #0x52	; 82	'R'
   0050 00                  133 	.db #0x00	; 0
   0051 E1                  134 	.db #0xe1	; 225
   0052 77                  135 	.db #0x77	; 119	'w'
   0053 80                  136 	.db #0x80	; 128
   0054 88                  137 	.db #0x88	; 136
   0055 61                  138 	.db #0x61	; 97	'a'
   0056 00                  139 	.db #0x00	; 0
   0057 5E                  140 	.db #0x5e	; 94
   0058 77                  141 	.db #0x77	; 119	'w'
   0059 80                  142 	.db #0x80	; 128
   005A 88                  143 	.db #0x88	; 136
   005B 70                  144 	.db #0x70	; 112	'p'
   005C 00                  145 	.db #0x00	; 0
   005D B4                  146 	.db #0xb4	; 180
   005E 77                  147 	.db #0x77	; 119	'w'
   005F 80                  148 	.db #0x80	; 128
   0060                     149 _enemy_saw_spr_2:
   0060 CC                  150 	.db #0xcc	; 204
   0061 30                  151 	.db #0x30	; 48	'0'
   0062 00                  152 	.db #0x00	; 0
   0063 B4                  153 	.db #0xb4	; 180
   0064 33                  154 	.db #0x33	; 51	'3'
   0065 C0                  155 	.db #0xc0	; 192
   0066 CC                  156 	.db #0xcc	; 204
   0067 30                  157 	.db #0x30	; 48	'0'
   0068 00                  158 	.db #0x00	; 0
   0069 4F                  159 	.db #0x4f	; 79	'O'
   006A 33                  160 	.db #0x33	; 51	'3'
   006B C0                  161 	.db #0xc0	; 192
   006C CC                  162 	.db #0xcc	; 204
   006D 21                  163 	.db #0x21	; 33
   006E 00                  164 	.db #0x00	; 0
   006F F0                  165 	.db #0xf0	; 240
   0070 33                  166 	.db #0x33	; 51	'3'
   0071 48                  167 	.db #0x48	; 72	'H'
   0072 CC                  168 	.db #0xcc	; 204
   0073 21                  169 	.db #0x21	; 33
   0074 00                  170 	.db #0x00	; 0
   0075 F2                  171 	.db #0xf2	; 242
   0076 33                  172 	.db #0x33	; 51	'3'
   0077 8C                  173 	.db #0x8c	; 140
   0078 CC                  174 	.db #0xcc	; 204
   0079 13                  175 	.db #0x13	; 19
   007A 00                  176 	.db #0x00	; 0
   007B F4                  177 	.db #0xf4	; 244
   007C 33                  178 	.db #0x33	; 51	'3'
   007D 48                  179 	.db #0x48	; 72	'H'
   007E CC                  180 	.db #0xcc	; 204
   007F 21                  181 	.db #0x21	; 33
   0080 00                  182 	.db #0x00	; 0
   0081 F0                  183 	.db #0xf0	; 240
   0082 33                  184 	.db #0x33	; 51	'3'
   0083 48                  185 	.db #0x48	; 72	'H'
   0084 CC                  186 	.db #0xcc	; 204
   0085 30                  187 	.db #0x30	; 48	'0'
   0086 00                  188 	.db #0x00	; 0
   0087 2F                  189 	.db #0x2f	; 47
   0088 33                  190 	.db #0x33	; 51	'3'
   0089 C0                  191 	.db #0xc0	; 192
   008A CC                  192 	.db #0xcc	; 204
   008B 30                  193 	.db #0x30	; 48	'0'
   008C 00                  194 	.db #0x00	; 0
   008D D2                  195 	.db #0xd2	; 210
   008E 33                  196 	.db #0x33	; 51	'3'
   008F C0                  197 	.db #0xc0	; 192
   0090                     198 _enemy_saw_spr_3:
   0090 EE                  199 	.db #0xee	; 238
   0091 10                  200 	.db #0x10	; 16
   0092 00                  201 	.db #0x00	; 0
   0093 D2                  202 	.db #0xd2	; 210
   0094 11                  203 	.db #0x11	; 17
   0095 E0                  204 	.db #0xe0	; 224
   0096 EE                  205 	.db #0xee	; 238
   0097 10                  206 	.db #0x10	; 16
   0098 00                  207 	.db #0x00	; 0
   0099 A7                  208 	.db #0xa7	; 167
   009A 11                  209 	.db #0x11	; 17
   009B 68                  210 	.db #0x68	; 104	'h'
   009C EE                  211 	.db #0xee	; 238
   009D 10                  212 	.db #0x10	; 16
   009E 00                  213 	.db #0x00	; 0
   009F 78                  214 	.db #0x78	; 120	'x'
   00A0 11                  215 	.db #0x11	; 17
   00A1 A4                  216 	.db #0xa4	; 164
   00A2 EE                  217 	.db #0xee	; 238
   00A3 10                  218 	.db #0x10	; 16
   00A4 00                  219 	.db #0x00	; 0
   00A5 79                  220 	.db #0x79	; 121	'y'
   00A6 11                  221 	.db #0x11	; 17
   00A7 C6                  222 	.db #0xc6	; 198
   00A8 EE                  223 	.db #0xee	; 238
   00A9 01                  224 	.db #0x01	; 1
   00AA 00                  225 	.db #0x00	; 0
   00AB FA                  226 	.db #0xfa	; 250
   00AC 11                  227 	.db #0x11	; 17
   00AD A4                  228 	.db #0xa4	; 164
   00AE EE                  229 	.db #0xee	; 238
   00AF 10                  230 	.db #0x10	; 16
   00B0 00                  231 	.db #0x00	; 0
   00B1 78                  232 	.db #0x78	; 120	'x'
   00B2 11                  233 	.db #0x11	; 17
   00B3 A4                  234 	.db #0xa4	; 164
   00B4 EE                  235 	.db #0xee	; 238
   00B5 10                  236 	.db #0x10	; 16
   00B6 00                  237 	.db #0x00	; 0
   00B7 97                  238 	.db #0x97	; 151
   00B8 11                  239 	.db #0x11	; 17
   00B9 68                  240 	.db #0x68	; 104	'h'
   00BA EE                  241 	.db #0xee	; 238
   00BB 10                  242 	.db #0x10	; 16
   00BC 00                  243 	.db #0x00	; 0
   00BD E1                  244 	.db #0xe1	; 225
   00BE 11                  245 	.db #0x11	; 17
   00BF E0                  246 	.db #0xe0	; 224
   00C0                     247 _enemy_saw_spr_4:
   00C0 00                  248 	.db #0x00	; 0
   00C1 78                  249 	.db #0x78	; 120	'x'
   00C2 00                  250 	.db #0x00	; 0
   00C3 E1                  251 	.db #0xe1	; 225
   00C4 FF                  252 	.db #0xff	; 255
   00C5 00                  253 	.db #0x00	; 0
   00C6 00                  254 	.db #0x00	; 0
   00C7 E5                  255 	.db #0xe5	; 229
   00C8 00                  256 	.db #0x00	; 0
   00C9 7A                  257 	.db #0x7a	; 122	'z'
   00CA FF                  258 	.db #0xff	; 255
   00CB 00                  259 	.db #0x00	; 0
   00CC 00                  260 	.db #0x00	; 0
   00CD D2                  261 	.db #0xd2	; 210
   00CE 00                  262 	.db #0x00	; 0
   00CF B4                  263 	.db #0xb4	; 180
   00D0 FF                  264 	.db #0xff	; 255
   00D1 00                  265 	.db #0x00	; 0
   00D2 00                  266 	.db #0x00	; 0
   00D3 B5                  267 	.db #0xb5	; 181
   00D4 00                  268 	.db #0x00	; 0
   00D5 D2                  269 	.db #0xd2	; 210
   00D6 FF                  270 	.db #0xff	; 255
   00D7 00                  271 	.db #0x00	; 0
   00D8 00                  272 	.db #0x00	; 0
   00D9 B4                  273 	.db #0xb4	; 180
   00DA 00                  274 	.db #0x00	; 0
   00DB DA                  275 	.db #0xda	; 218
   00DC FF                  276 	.db #0xff	; 255
   00DD 00                  277 	.db #0x00	; 0
   00DE 00                  278 	.db #0x00	; 0
   00DF D2                  279 	.db #0xd2	; 210
   00E0 00                  280 	.db #0x00	; 0
   00E1 B4                  281 	.db #0xb4	; 180
   00E2 FF                  282 	.db #0xff	; 255
   00E3 00                  283 	.db #0x00	; 0
   00E4 00                  284 	.db #0x00	; 0
   00E5 E5                  285 	.db #0xe5	; 229
   00E6 00                  286 	.db #0x00	; 0
   00E7 7A                  287 	.db #0x7a	; 122	'z'
   00E8 FF                  288 	.db #0xff	; 255
   00E9 00                  289 	.db #0x00	; 0
   00EA 00                  290 	.db #0x00	; 0
   00EB 78                  291 	.db #0x78	; 120	'x'
   00EC 00                  292 	.db #0x00	; 0
   00ED E1                  293 	.db #0xe1	; 225
   00EE FF                  294 	.db #0xff	; 255
   00EF 00                  295 	.db #0x00	; 0
   00F0                     296 _enemy_saw_spr_5:
   00F0 88                  297 	.db #0x88	; 136
   00F1 34                  298 	.db #0x34	; 52	'4'
   00F2 00                  299 	.db #0x00	; 0
   00F3 F0                  300 	.db #0xf0	; 240
   00F4 77                  301 	.db #0x77	; 119	'w'
   00F5 08                  302 	.db #0x08	; 8
   00F6 88                  303 	.db #0x88	; 136
   00F7 72                  304 	.db #0x72	; 114	'r'
   00F8 00                  305 	.db #0x00	; 0
   00F9 3D                  306 	.db #0x3d	; 61
   00FA 77                  307 	.db #0x77	; 119	'w'
   00FB 80                  308 	.db #0x80	; 128
   00FC 88                  309 	.db #0x88	; 136
   00FD 61                  310 	.db #0x61	; 97	'a'
   00FE 00                  311 	.db #0x00	; 0
   00FF D2                  312 	.db #0xd2	; 210
   0100 77                  313 	.db #0x77	; 119	'w'
   0101 80                  314 	.db #0x80	; 128
   0102 88                  315 	.db #0x88	; 136
   0103 52                  316 	.db #0x52	; 82	'R'
   0104 00                  317 	.db #0x00	; 0
   0105 E9                  318 	.db #0xe9	; 233
   0106 77                  319 	.db #0x77	; 119	'w'
   0107 80                  320 	.db #0x80	; 128
   0108 88                  321 	.db #0x88	; 136
   0109 52                  322 	.db #0x52	; 82	'R'
   010A 00                  323 	.db #0x00	; 0
   010B E5                  324 	.db #0xe5	; 229
   010C 77                  325 	.db #0x77	; 119	'w'
   010D 80                  326 	.db #0x80	; 128
   010E 88                  327 	.db #0x88	; 136
   010F 61                  328 	.db #0x61	; 97	'a'
   0110 00                  329 	.db #0x00	; 0
   0111 D2                  330 	.db #0xd2	; 210
   0112 77                  331 	.db #0x77	; 119	'w'
   0113 80                  332 	.db #0x80	; 128
   0114 88                  333 	.db #0x88	; 136
   0115 72                  334 	.db #0x72	; 114	'r'
   0116 00                  335 	.db #0x00	; 0
   0117 3D                  336 	.db #0x3d	; 61
   0118 77                  337 	.db #0x77	; 119	'w'
   0119 80                  338 	.db #0x80	; 128
   011A 88                  339 	.db #0x88	; 136
   011B 34                  340 	.db #0x34	; 52	'4'
   011C 00                  341 	.db #0x00	; 0
   011D F0                  342 	.db #0xf0	; 240
   011E 77                  343 	.db #0x77	; 119	'w'
   011F 08                  344 	.db #0x08	; 8
   0120                     345 _enemy_saw_spr_6:
   0120 CC                  346 	.db #0xcc	; 204
   0121 12                  347 	.db #0x12	; 18
   0122 00                  348 	.db #0x00	; 0
   0123 F0                  349 	.db #0xf0	; 240
   0124 33                  350 	.db #0x33	; 51	'3'
   0125 84                  351 	.db #0x84	; 132
   0126 CC                  352 	.db #0xcc	; 204
   0127 31                  353 	.db #0x31	; 49	'1'
   0128 00                  354 	.db #0x00	; 0
   0129 96                  355 	.db #0x96	; 150
   012A 33                  356 	.db #0x33	; 51	'3'
   012B C8                  357 	.db #0xc8	; 200
   012C CC                  358 	.db #0xcc	; 204
   012D 30                  359 	.db #0x30	; 48	'0'
   012E 00                  360 	.db #0x00	; 0
   012F 69                  361 	.db #0x69	; 105	'i'
   0130 33                  362 	.db #0x33	; 51	'3'
   0131 C0                  363 	.db #0xc0	; 192
   0132 CC                  364 	.db #0xcc	; 204
   0133 21                  365 	.db #0x21	; 33
   0134 00                  366 	.db #0x00	; 0
   0135 F4                  367 	.db #0xf4	; 244
   0136 33                  368 	.db #0x33	; 51	'3'
   0137 48                  369 	.db #0x48	; 72	'H'
   0138 CC                  370 	.db #0xcc	; 204
   0139 21                  371 	.db #0x21	; 33
   013A 00                  372 	.db #0x00	; 0
   013B F2                  373 	.db #0xf2	; 242
   013C 33                  374 	.db #0x33	; 51	'3'
   013D 48                  375 	.db #0x48	; 72	'H'
   013E CC                  376 	.db #0xcc	; 204
   013F 30                  377 	.db #0x30	; 48	'0'
   0140 00                  378 	.db #0x00	; 0
   0141 69                  379 	.db #0x69	; 105	'i'
   0142 33                  380 	.db #0x33	; 51	'3'
   0143 C0                  381 	.db #0xc0	; 192
   0144 CC                  382 	.db #0xcc	; 204
   0145 31                  383 	.db #0x31	; 49	'1'
   0146 00                  384 	.db #0x00	; 0
   0147 96                  385 	.db #0x96	; 150
   0148 33                  386 	.db #0x33	; 51	'3'
   0149 C8                  387 	.db #0xc8	; 200
   014A CC                  388 	.db #0xcc	; 204
   014B 12                  389 	.db #0x12	; 18
   014C 00                  390 	.db #0x00	; 0
   014D F0                  391 	.db #0xf0	; 240
   014E 33                  392 	.db #0x33	; 51	'3'
   014F 84                  393 	.db #0x84	; 132
   0150                     394 _enemy_saw_spr_7:
   0150 EE                  395 	.db #0xee	; 238
   0151 01                  396 	.db #0x01	; 1
   0152 00                  397 	.db #0x00	; 0
   0153 F0                  398 	.db #0xf0	; 240
   0154 11                  399 	.db #0x11	; 17
   0155 C2                  400 	.db #0xc2	; 194
   0156 EE                  401 	.db #0xee	; 238
   0157 10                  402 	.db #0x10	; 16
   0158 00                  403 	.db #0x00	; 0
   0159 CB                  404 	.db #0xcb	; 203
   015A 11                  405 	.db #0x11	; 17
   015B E4                  406 	.db #0xe4	; 228
   015C EE                  407 	.db #0xee	; 238
   015D 10                  408 	.db #0x10	; 16
   015E 00                  409 	.db #0x00	; 0
   015F B4                  410 	.db #0xb4	; 180
   0160 11                  411 	.db #0x11	; 17
   0161 68                  412 	.db #0x68	; 104	'h'
   0162 EE                  413 	.db #0xee	; 238
   0163 10                  414 	.db #0x10	; 16
   0164 00                  415 	.db #0x00	; 0
   0165 7A                  416 	.db #0x7a	; 122	'z'
   0166 11                  417 	.db #0x11	; 17
   0167 A4                  418 	.db #0xa4	; 164
   0168 EE                  419 	.db #0xee	; 238
   0169 10                  420 	.db #0x10	; 16
   016A 00                  421 	.db #0x00	; 0
   016B 79                  422 	.db #0x79	; 121	'y'
   016C 11                  423 	.db #0x11	; 17
   016D A4                  424 	.db #0xa4	; 164
   016E EE                  425 	.db #0xee	; 238
   016F 10                  426 	.db #0x10	; 16
   0170 00                  427 	.db #0x00	; 0
   0171 B4                  428 	.db #0xb4	; 180
   0172 11                  429 	.db #0x11	; 17
   0173 68                  430 	.db #0x68	; 104	'h'
   0174 EE                  431 	.db #0xee	; 238
   0175 10                  432 	.db #0x10	; 16
   0176 00                  433 	.db #0x00	; 0
   0177 CB                  434 	.db #0xcb	; 203
   0178 11                  435 	.db #0x11	; 17
   0179 E4                  436 	.db #0xe4	; 228
   017A EE                  437 	.db #0xee	; 238
   017B 01                  438 	.db #0x01	; 1
   017C 00                  439 	.db #0x00	; 0
   017D F0                  440 	.db #0xf0	; 240
   017E 11                  441 	.db #0x11	; 17
   017F C2                  442 	.db #0xc2	; 194
                            443 	.area _INITIALIZER
                            444 	.area _CABS (ABS)
