                              1 ;--------------------------------------------------------
                              2 ; File Created by SDCC : free open source ANSI-C Compiler
                              3 ; Version 3.6.8 #9946 (Linux)
                              4 ;--------------------------------------------------------
                              5 	.module EnemySprites
                              6 	.optsdcc -mz80
                              7 	
                              8 ;--------------------------------------------------------
                              9 ; Public variables in this module
                             10 ;--------------------------------------------------------
                             11 	.globl _enemy_spr_23
                             12 	.globl _enemy_spr_22
                             13 	.globl _enemy_spr_21
                             14 	.globl _enemy_spr_20
                             15 	.globl _enemy_spr_19
                             16 	.globl _enemy_spr_18
                             17 	.globl _enemy_spr_17
                             18 	.globl _enemy_spr_16
                             19 	.globl _enemy_spr_15
                             20 	.globl _enemy_spr_14
                             21 	.globl _enemy_spr_13
                             22 	.globl _enemy_spr_12
                             23 	.globl _enemy_spr_11
                             24 	.globl _enemy_spr_10
                             25 	.globl _enemy_spr_09
                             26 	.globl _enemy_spr_08
                             27 	.globl _enemy_spr_07
                             28 	.globl _enemy_spr_06
                             29 	.globl _enemy_spr_05
                             30 	.globl _enemy_spr_04
                             31 	.globl _enemy_spr_03
                             32 	.globl _enemy_spr_02
                             33 	.globl _enemy_spr_01
                             34 	.globl _enemy_spr_00
                             35 ;--------------------------------------------------------
                             36 ; special function registers
                             37 ;--------------------------------------------------------
                             38 ;--------------------------------------------------------
                             39 ; ram data
                             40 ;--------------------------------------------------------
                             41 	.area _DATA
                             42 ;--------------------------------------------------------
                             43 ; ram data
                             44 ;--------------------------------------------------------
                             45 	.area _INITIALIZED
                             46 ;--------------------------------------------------------
                             47 ; absolute external ram data
                             48 ;--------------------------------------------------------
                             49 	.area _DABS (ABS)
                             50 ;--------------------------------------------------------
                             51 ; global & static initialisations
                             52 ;--------------------------------------------------------
                             53 	.area _HOME
                             54 	.area _GSINIT
                             55 	.area _GSFINAL
                             56 	.area _GSINIT
                             57 ;--------------------------------------------------------
                             58 ; Home
                             59 ;--------------------------------------------------------
                             60 	.area _HOME
                             61 	.area _HOME
                             62 ;--------------------------------------------------------
                             63 ; code
                             64 ;--------------------------------------------------------
                             65 	.area _CODE
                             66 	.area _CODE
   0000                      67 _enemy_spr_00:
   0000 00                   68 	.db #0x00	; 0
   0001 C3                   69 	.db #0xc3	; 195
   0002 00                   70 	.db #0x00	; 0
   0003 1E                   71 	.db #0x1e	; 30
   0004 FF                   72 	.db #0xff	; 255
   0005 00                   73 	.db #0x00	; 0
   0006 00                   74 	.db #0x00	; 0
   0007 87                   75 	.db #0x87	; 135
   0008 00                   76 	.db #0x00	; 0
   0009 8F                   77 	.db #0x8f	; 143
   000A FF                   78 	.db #0xff	; 255
   000B 00                   79 	.db #0x00	; 0
   000C 00                   80 	.db #0x00	; 0
   000D 1E                   81 	.db #0x1e	; 30
   000E 00                   82 	.db #0x00	; 0
   000F A7                   83 	.db #0xa7	; 167
   0010 FF                   84 	.db #0xff	; 255
   0011 00                   85 	.db #0x00	; 0
   0012 00                   86 	.db #0x00	; 0
   0013 4B                   87 	.db #0x4b	; 75	'K'
   0014 00                   88 	.db #0x00	; 0
   0015 2D                   89 	.db #0x2d	; 45
   0016 FF                   90 	.db #0xff	; 255
   0017 00                   91 	.db #0x00	; 0
   0018 00                   92 	.db #0x00	; 0
   0019 C3                   93 	.db #0xc3	; 195
   001A 00                   94 	.db #0x00	; 0
   001B D2                   95 	.db #0xd2	; 210
   001C FF                   96 	.db #0xff	; 255
   001D 00                   97 	.db #0x00	; 0
   001E 00                   98 	.db #0x00	; 0
   001F D2                   99 	.db #0xd2	; 210
   0020 00                  100 	.db #0x00	; 0
   0021 D2                  101 	.db #0xd2	; 210
   0022 FF                  102 	.db #0xff	; 255
   0023 00                  103 	.db #0x00	; 0
   0024 00                  104 	.db #0x00	; 0
   0025 87                  105 	.db #0x87	; 135
   0026 00                  106 	.db #0x00	; 0
   0027 CB                  107 	.db #0xcb	; 203
   0028 FF                  108 	.db #0xff	; 255
   0029 00                  109 	.db #0x00	; 0
   002A 00                  110 	.db #0x00	; 0
   002B 0F                  111 	.db #0x0f	; 15
   002C 00                  112 	.db #0x00	; 0
   002D 0F                  113 	.db #0x0f	; 15
   002E FF                  114 	.db #0xff	; 255
   002F 00                  115 	.db #0x00	; 0
   0030                     116 _enemy_spr_01:
   0030 88                  117 	.db #0x88	; 136
   0031 61                  118 	.db #0x61	; 97	'a'
   0032 00                  119 	.db #0x00	; 0
   0033 0F                  120 	.db #0x0f	; 15
   0034 77                  121 	.db #0x77	; 119	'w'
   0035 80                  122 	.db #0x80	; 128
   0036 88                  123 	.db #0x88	; 136
   0037 43                  124 	.db #0x43	; 67	'C'
   0038 00                  125 	.db #0x00	; 0
   0039 4F                  126 	.db #0x4f	; 79	'O'
   003A 77                  127 	.db #0x77	; 119	'w'
   003B 08                  128 	.db #0x08	; 8
   003C 88                  129 	.db #0x88	; 136
   003D 07                  130 	.db #0x07	; 7
   003E 00                  131 	.db #0x00	; 0
   003F D3                  132 	.db #0xd3	; 211
   0040 77                  133 	.db #0x77	; 119	'w'
   0041 08                  134 	.db #0x08	; 8
   0042 88                  135 	.db #0x88	; 136
   0043 25                  136 	.db #0x25	; 37
   0044 00                  137 	.db #0x00	; 0
   0045 1E                  138 	.db #0x1e	; 30
   0046 77                  139 	.db #0x77	; 119	'w'
   0047 08                  140 	.db #0x08	; 8
   0048 88                  141 	.db #0x88	; 136
   0049 61                  142 	.db #0x61	; 97	'a'
   004A 00                  143 	.db #0x00	; 0
   004B 69                  144 	.db #0x69	; 105	'i'
   004C 77                  145 	.db #0x77	; 119	'w'
   004D 80                  146 	.db #0x80	; 128
   004E 88                  147 	.db #0x88	; 136
   004F 61                  148 	.db #0x61	; 97	'a'
   0050 00                  149 	.db #0x00	; 0
   0051 E1                  150 	.db #0xe1	; 225
   0052 77                  151 	.db #0x77	; 119	'w'
   0053 80                  152 	.db #0x80	; 128
   0054 88                  153 	.db #0x88	; 136
   0055 43                  154 	.db #0x43	; 67	'C'
   0056 00                  155 	.db #0x00	; 0
   0057 6D                  156 	.db #0x6d	; 109	'm'
   0058 77                  157 	.db #0x77	; 119	'w'
   0059 08                  158 	.db #0x08	; 8
   005A 88                  159 	.db #0x88	; 136
   005B 07                  160 	.db #0x07	; 7
   005C 00                  161 	.db #0x00	; 0
   005D 0F                  162 	.db #0x0f	; 15
   005E 77                  163 	.db #0x77	; 119	'w'
   005F 08                  164 	.db #0x08	; 8
   0060                     165 _enemy_spr_02:
   0060 CC                  166 	.db #0xcc	; 204
   0061 30                  167 	.db #0x30	; 48	'0'
   0062 00                  168 	.db #0x00	; 0
   0063 0F                  169 	.db #0x0f	; 15
   0064 33                  170 	.db #0x33	; 51	'3'
   0065 48                  171 	.db #0x48	; 72	'H'
   0066 CC                  172 	.db #0xcc	; 204
   0067 21                  173 	.db #0x21	; 33
   0068 00                  174 	.db #0x00	; 0
   0069 2F                  175 	.db #0x2f	; 47
   006A 33                  176 	.db #0x33	; 51	'3'
   006B 0C                  177 	.db #0x0c	; 12
   006C CC                  178 	.db #0xcc	; 204
   006D 03                  179 	.db #0x03	; 3
   006E 00                  180 	.db #0x00	; 0
   006F 69                  181 	.db #0x69	; 105	'i'
   0070 33                  182 	.db #0x33	; 51	'3'
   0071 8C                  183 	.db #0x8c	; 140
   0072 CC                  184 	.db #0xcc	; 204
   0073 12                  185 	.db #0x12	; 18
   0074 00                  186 	.db #0x00	; 0
   0075 0F                  187 	.db #0x0f	; 15
   0076 33                  188 	.db #0x33	; 51	'3'
   0077 84                  189 	.db #0x84	; 132
   0078 CC                  190 	.db #0xcc	; 204
   0079 30                  191 	.db #0x30	; 48	'0'
   007A 00                  192 	.db #0x00	; 0
   007B 3C                  193 	.db #0x3c	; 60
   007C 33                  194 	.db #0x33	; 51	'3'
   007D 48                  195 	.db #0x48	; 72	'H'
   007E CC                  196 	.db #0xcc	; 204
   007F 30                  197 	.db #0x30	; 48	'0'
   0080 00                  198 	.db #0x00	; 0
   0081 78                  199 	.db #0x78	; 120	'x'
   0082 33                  200 	.db #0x33	; 51	'3'
   0083 48                  201 	.db #0x48	; 72	'H'
   0084 CC                  202 	.db #0xcc	; 204
   0085 21                  203 	.db #0x21	; 33
   0086 00                  204 	.db #0x00	; 0
   0087 3E                  205 	.db #0x3e	; 62
   0088 33                  206 	.db #0x33	; 51	'3'
   0089 0C                  207 	.db #0x0c	; 12
   008A CC                  208 	.db #0xcc	; 204
   008B 03                  209 	.db #0x03	; 3
   008C 00                  210 	.db #0x00	; 0
   008D 0F                  211 	.db #0x0f	; 15
   008E 33                  212 	.db #0x33	; 51	'3'
   008F 0C                  213 	.db #0x0c	; 12
   0090                     214 _enemy_spr_03:
   0090 EE                  215 	.db #0xee	; 238
   0091 10                  216 	.db #0x10	; 16
   0092 00                  217 	.db #0x00	; 0
   0093 87                  218 	.db #0x87	; 135
   0094 11                  219 	.db #0x11	; 17
   0095 2C                  220 	.db #0x2c	; 44
   0096 EE                  221 	.db #0xee	; 238
   0097 10                  222 	.db #0x10	; 16
   0098 00                  223 	.db #0x00	; 0
   0099 1F                  224 	.db #0x1f	; 31
   009A 11                  225 	.db #0x11	; 17
   009B 0E                  226 	.db #0x0e	; 14
   009C EE                  227 	.db #0xee	; 238
   009D 01                  228 	.db #0x01	; 1
   009E 00                  229 	.db #0x00	; 0
   009F 3C                  230 	.db #0x3c	; 60
   00A0 11                  231 	.db #0x11	; 17
   00A1 4E                  232 	.db #0x4e	; 78	'N'
   00A2 EE                  233 	.db #0xee	; 238
   00A3 01                  234 	.db #0x01	; 1
   00A4 00                  235 	.db #0x00	; 0
   00A5 87                  236 	.db #0x87	; 135
   00A6 11                  237 	.db #0x11	; 17
   00A7 4A                  238 	.db #0x4a	; 74	'J'
   00A8 EE                  239 	.db #0xee	; 238
   00A9 10                  240 	.db #0x10	; 16
   00AA 00                  241 	.db #0x00	; 0
   00AB 96                  242 	.db #0x96	; 150
   00AC 11                  243 	.db #0x11	; 17
   00AD A4                  244 	.db #0xa4	; 164
   00AE EE                  245 	.db #0xee	; 238
   00AF 10                  246 	.db #0x10	; 16
   00B0 00                  247 	.db #0x00	; 0
   00B1 B4                  248 	.db #0xb4	; 180
   00B2 11                  249 	.db #0x11	; 17
   00B3 A4                  250 	.db #0xa4	; 164
   00B4 EE                  251 	.db #0xee	; 238
   00B5 10                  252 	.db #0x10	; 16
   00B6 00                  253 	.db #0x00	; 0
   00B7 1F                  254 	.db #0x1f	; 31
   00B8 11                  255 	.db #0x11	; 17
   00B9 86                  256 	.db #0x86	; 134
   00BA EE                  257 	.db #0xee	; 238
   00BB 01                  258 	.db #0x01	; 1
   00BC 00                  259 	.db #0x00	; 0
   00BD 0F                  260 	.db #0x0f	; 15
   00BE 11                  261 	.db #0x11	; 17
   00BF 0E                  262 	.db #0x0e	; 14
   00C0                     263 _enemy_spr_04:
   00C0 00                  264 	.db #0x00	; 0
   00C1 F0                  265 	.db #0xf0	; 240
   00C2 00                  266 	.db #0x00	; 0
   00C3 3C                  267 	.db #0x3c	; 60
   00C4 FF                  268 	.db #0xff	; 255
   00C5 00                  269 	.db #0x00	; 0
   00C6 00                  270 	.db #0x00	; 0
   00C7 0F                  271 	.db #0x0f	; 15
   00C8 00                  272 	.db #0x00	; 0
   00C9 1E                  273 	.db #0x1e	; 30
   00CA FF                  274 	.db #0xff	; 255
   00CB 00                  275 	.db #0x00	; 0
   00CC 00                  276 	.db #0x00	; 0
   00CD 96                  277 	.db #0x96	; 150
   00CE 00                  278 	.db #0x00	; 0
   00CF AF                  279 	.db #0xaf	; 175
   00D0 FF                  280 	.db #0xff	; 255
   00D1 00                  281 	.db #0x00	; 0
   00D2 00                  282 	.db #0x00	; 0
   00D3 C3                  283 	.db #0xc3	; 195
   00D4 00                  284 	.db #0x00	; 0
   00D5 2D                  285 	.db #0x2d	; 45
   00D6 FF                  286 	.db #0xff	; 255
   00D7 00                  287 	.db #0x00	; 0
   00D8 00                  288 	.db #0x00	; 0
   00D9 C3                  289 	.db #0xc3	; 195
   00DA 00                  290 	.db #0x00	; 0
   00DB 0F                  291 	.db #0x0f	; 15
   00DC FF                  292 	.db #0xff	; 255
   00DD 00                  293 	.db #0x00	; 0
   00DE 00                  294 	.db #0x00	; 0
   00DF 96                  295 	.db #0x96	; 150
   00E0 00                  296 	.db #0x00	; 0
   00E1 C3                  297 	.db #0xc3	; 195
   00E2 FF                  298 	.db #0xff	; 255
   00E3 00                  299 	.db #0x00	; 0
   00E4 00                  300 	.db #0x00	; 0
   00E5 87                  301 	.db #0x87	; 135
   00E6 00                  302 	.db #0x00	; 0
   00E7 69                  303 	.db #0x69	; 105	'i'
   00E8 FF                  304 	.db #0xff	; 255
   00E9 00                  305 	.db #0x00	; 0
   00EA 00                  306 	.db #0x00	; 0
   00EB 0F                  307 	.db #0x0f	; 15
   00EC 00                  308 	.db #0x00	; 0
   00ED 0F                  309 	.db #0x0f	; 15
   00EE FF                  310 	.db #0xff	; 255
   00EF 00                  311 	.db #0x00	; 0
   00F0                     312 _enemy_spr_05:
   00F0 88                  313 	.db #0x88	; 136
   00F1 70                  314 	.db #0x70	; 112	'p'
   00F2 00                  315 	.db #0x00	; 0
   00F3 96                  316 	.db #0x96	; 150
   00F4 77                  317 	.db #0x77	; 119	'w'
   00F5 80                  318 	.db #0x80	; 128
   00F6 88                  319 	.db #0x88	; 136
   00F7 07                  320 	.db #0x07	; 7
   00F8 00                  321 	.db #0x00	; 0
   00F9 0F                  322 	.db #0x0f	; 15
   00FA 77                  323 	.db #0x77	; 119	'w'
   00FB 80                  324 	.db #0x80	; 128
   00FC 88                  325 	.db #0x88	; 136
   00FD 43                  326 	.db #0x43	; 67	'C'
   00FE 00                  327 	.db #0x00	; 0
   00FF D7                  328 	.db #0xd7	; 215
   0100 77                  329 	.db #0x77	; 119	'w'
   0101 08                  330 	.db #0x08	; 8
   0102 88                  331 	.db #0x88	; 136
   0103 61                  332 	.db #0x61	; 97	'a'
   0104 00                  333 	.db #0x00	; 0
   0105 1E                  334 	.db #0x1e	; 30
   0106 77                  335 	.db #0x77	; 119	'w'
   0107 08                  336 	.db #0x08	; 8
   0108 88                  337 	.db #0x88	; 136
   0109 61                  338 	.db #0x61	; 97	'a'
   010A 00                  339 	.db #0x00	; 0
   010B 0F                  340 	.db #0x0f	; 15
   010C 77                  341 	.db #0x77	; 119	'w'
   010D 08                  342 	.db #0x08	; 8
   010E 88                  343 	.db #0x88	; 136
   010F 43                  344 	.db #0x43	; 67	'C'
   0110 00                  345 	.db #0x00	; 0
   0111 E1                  346 	.db #0xe1	; 225
   0112 77                  347 	.db #0x77	; 119	'w'
   0113 08                  348 	.db #0x08	; 8
   0114 88                  349 	.db #0x88	; 136
   0115 43                  350 	.db #0x43	; 67	'C'
   0116 00                  351 	.db #0x00	; 0
   0117 3C                  352 	.db #0x3c	; 60
   0118 77                  353 	.db #0x77	; 119	'w'
   0119 08                  354 	.db #0x08	; 8
   011A 88                  355 	.db #0x88	; 136
   011B 07                  356 	.db #0x07	; 7
   011C 00                  357 	.db #0x00	; 0
   011D 0F                  358 	.db #0x0f	; 15
   011E 77                  359 	.db #0x77	; 119	'w'
   011F 08                  360 	.db #0x08	; 8
   0120                     361 _enemy_spr_06:
   0120 CC                  362 	.db #0xcc	; 204
   0121 30                  363 	.db #0x30	; 48	'0'
   0122 00                  364 	.db #0x00	; 0
   0123 C3                  365 	.db #0xc3	; 195
   0124 33                  366 	.db #0x33	; 51	'3'
   0125 C0                  367 	.db #0xc0	; 192
   0126 CC                  368 	.db #0xcc	; 204
   0127 03                  369 	.db #0x03	; 3
   0128 00                  370 	.db #0x00	; 0
   0129 0F                  371 	.db #0x0f	; 15
   012A 33                  372 	.db #0x33	; 51	'3'
   012B 48                  373 	.db #0x48	; 72	'H'
   012C CC                  374 	.db #0xcc	; 204
   012D 21                  375 	.db #0x21	; 33
   012E 00                  376 	.db #0x00	; 0
   012F 6B                  377 	.db #0x6b	; 107	'k'
   0130 33                  378 	.db #0x33	; 51	'3'
   0131 8C                  379 	.db #0x8c	; 140
   0132 CC                  380 	.db #0xcc	; 204
   0133 30                  381 	.db #0x30	; 48	'0'
   0134 00                  382 	.db #0x00	; 0
   0135 0F                  383 	.db #0x0f	; 15
   0136 33                  384 	.db #0x33	; 51	'3'
   0137 84                  385 	.db #0x84	; 132
   0138 CC                  386 	.db #0xcc	; 204
   0139 30                  387 	.db #0x30	; 48	'0'
   013A 00                  388 	.db #0x00	; 0
   013B 0F                  389 	.db #0x0f	; 15
   013C 33                  390 	.db #0x33	; 51	'3'
   013D 0C                  391 	.db #0x0c	; 12
   013E CC                  392 	.db #0xcc	; 204
   013F 21                  393 	.db #0x21	; 33
   0140 00                  394 	.db #0x00	; 0
   0141 78                  395 	.db #0x78	; 120	'x'
   0142 33                  396 	.db #0x33	; 51	'3'
   0143 0C                  397 	.db #0x0c	; 12
   0144 CC                  398 	.db #0xcc	; 204
   0145 21                  399 	.db #0x21	; 33
   0146 00                  400 	.db #0x00	; 0
   0147 1E                  401 	.db #0x1e	; 30
   0148 33                  402 	.db #0x33	; 51	'3'
   0149 84                  403 	.db #0x84	; 132
   014A CC                  404 	.db #0xcc	; 204
   014B 03                  405 	.db #0x03	; 3
   014C 00                  406 	.db #0x00	; 0
   014D 0F                  407 	.db #0x0f	; 15
   014E 33                  408 	.db #0x33	; 51	'3'
   014F 0C                  409 	.db #0x0c	; 12
   0150                     410 _enemy_spr_07:
   0150 EE                  411 	.db #0xee	; 238
   0151 10                  412 	.db #0x10	; 16
   0152 00                  413 	.db #0x00	; 0
   0153 E1                  414 	.db #0xe1	; 225
   0154 11                  415 	.db #0x11	; 17
   0155 68                  416 	.db #0x68	; 104	'h'
   0156 EE                  417 	.db #0xee	; 238
   0157 01                  418 	.db #0x01	; 1
   0158 00                  419 	.db #0x00	; 0
   0159 0F                  420 	.db #0x0f	; 15
   015A 11                  421 	.db #0x11	; 17
   015B 2C                  422 	.db #0x2c	; 44
   015C EE                  423 	.db #0xee	; 238
   015D 10                  424 	.db #0x10	; 16
   015E 00                  425 	.db #0x00	; 0
   015F 3D                  426 	.db #0x3d	; 61
   0160 11                  427 	.db #0x11	; 17
   0161 4E                  428 	.db #0x4e	; 78	'N'
   0162 EE                  429 	.db #0xee	; 238
   0163 10                  430 	.db #0x10	; 16
   0164 00                  431 	.db #0x00	; 0
   0165 87                  432 	.db #0x87	; 135
   0166 11                  433 	.db #0x11	; 17
   0167 4A                  434 	.db #0x4a	; 74	'J'
   0168 EE                  435 	.db #0xee	; 238
   0169 10                  436 	.db #0x10	; 16
   016A 00                  437 	.db #0x00	; 0
   016B 87                  438 	.db #0x87	; 135
   016C 11                  439 	.db #0x11	; 17
   016D 0E                  440 	.db #0x0e	; 14
   016E EE                  441 	.db #0xee	; 238
   016F 10                  442 	.db #0x10	; 16
   0170 00                  443 	.db #0x00	; 0
   0171 3C                  444 	.db #0x3c	; 60
   0172 11                  445 	.db #0x11	; 17
   0173 86                  446 	.db #0x86	; 134
   0174 EE                  447 	.db #0xee	; 238
   0175 10                  448 	.db #0x10	; 16
   0176 00                  449 	.db #0x00	; 0
   0177 0F                  450 	.db #0x0f	; 15
   0178 11                  451 	.db #0x11	; 17
   0179 C2                  452 	.db #0xc2	; 194
   017A EE                  453 	.db #0xee	; 238
   017B 01                  454 	.db #0x01	; 1
   017C 00                  455 	.db #0x00	; 0
   017D 0F                  456 	.db #0x0f	; 15
   017E 11                  457 	.db #0x11	; 17
   017F 0E                  458 	.db #0x0e	; 14
   0180                     459 _enemy_spr_08:
   0180 00                  460 	.db #0x00	; 0
   0181 87                  461 	.db #0x87	; 135
   0182 00                  462 	.db #0x00	; 0
   0183 3C                  463 	.db #0x3c	; 60
   0184 FF                  464 	.db #0xff	; 255
   0185 00                  465 	.db #0x00	; 0
   0186 00                  466 	.db #0x00	; 0
   0187 1F                  467 	.db #0x1f	; 31
   0188 00                  468 	.db #0x00	; 0
   0189 1E                  469 	.db #0x1e	; 30
   018A FF                  470 	.db #0xff	; 255
   018B 00                  471 	.db #0x00	; 0
   018C 00                  472 	.db #0x00	; 0
   018D 5E                  473 	.db #0x5e	; 94
   018E 00                  474 	.db #0x00	; 0
   018F 87                  475 	.db #0x87	; 135
   0190 FF                  476 	.db #0xff	; 255
   0191 00                  477 	.db #0x00	; 0
   0192 00                  478 	.db #0x00	; 0
   0193 4B                  479 	.db #0x4b	; 75	'K'
   0194 00                  480 	.db #0x00	; 0
   0195 2D                  481 	.db #0x2d	; 45
   0196 FF                  482 	.db #0xff	; 255
   0197 00                  483 	.db #0x00	; 0
   0198 00                  484 	.db #0x00	; 0
   0199 B4                  485 	.db #0xb4	; 180
   019A 00                  486 	.db #0x00	; 0
   019B 3C                  487 	.db #0x3c	; 60
   019C FF                  488 	.db #0xff	; 255
   019D 00                  489 	.db #0x00	; 0
   019E 00                  490 	.db #0x00	; 0
   019F B4                  491 	.db #0xb4	; 180
   01A0 00                  492 	.db #0x00	; 0
   01A1 B4                  493 	.db #0xb4	; 180
   01A2 FF                  494 	.db #0xff	; 255
   01A3 00                  495 	.db #0x00	; 0
   01A4 00                  496 	.db #0x00	; 0
   01A5 3D                  497 	.db #0x3d	; 61
   01A6 00                  498 	.db #0x00	; 0
   01A7 1E                  499 	.db #0x1e	; 30
   01A8 FF                  500 	.db #0xff	; 255
   01A9 00                  501 	.db #0x00	; 0
   01AA 00                  502 	.db #0x00	; 0
   01AB 0F                  503 	.db #0x0f	; 15
   01AC 00                  504 	.db #0x00	; 0
   01AD 0F                  505 	.db #0x0f	; 15
   01AE FF                  506 	.db #0xff	; 255
   01AF 00                  507 	.db #0x00	; 0
   01B0                     508 _enemy_spr_09:
   01B0 88                  509 	.db #0x88	; 136
   01B1 43                  510 	.db #0x43	; 67	'C'
   01B2 00                  511 	.db #0x00	; 0
   01B3 1E                  512 	.db #0x1e	; 30
   01B4 77                  513 	.db #0x77	; 119	'w'
   01B5 80                  514 	.db #0x80	; 128
   01B6 88                  515 	.db #0x88	; 136
   01B7 07                  516 	.db #0x07	; 7
   01B8 00                  517 	.db #0x00	; 0
   01B9 8F                  518 	.db #0x8f	; 143
   01BA 77                  519 	.db #0x77	; 119	'w'
   01BB 80                  520 	.db #0x80	; 128
   01BC 88                  521 	.db #0x88	; 136
   01BD 27                  522 	.db #0x27	; 39
   01BE 00                  523 	.db #0x00	; 0
   01BF C3                  524 	.db #0xc3	; 195
   01C0 77                  525 	.db #0x77	; 119	'w'
   01C1 08                  526 	.db #0x08	; 8
   01C2 88                  527 	.db #0x88	; 136
   01C3 25                  528 	.db #0x25	; 37
   01C4 00                  529 	.db #0x00	; 0
   01C5 1E                  530 	.db #0x1e	; 30
   01C6 77                  531 	.db #0x77	; 119	'w'
   01C7 08                  532 	.db #0x08	; 8
   01C8 88                  533 	.db #0x88	; 136
   01C9 52                  534 	.db #0x52	; 82	'R'
   01CA 00                  535 	.db #0x00	; 0
   01CB 96                  536 	.db #0x96	; 150
   01CC 77                  537 	.db #0x77	; 119	'w'
   01CD 80                  538 	.db #0x80	; 128
   01CE 88                  539 	.db #0x88	; 136
   01CF 52                  540 	.db #0x52	; 82	'R'
   01D0 00                  541 	.db #0x00	; 0
   01D1 D2                  542 	.db #0xd2	; 210
   01D2 77                  543 	.db #0x77	; 119	'w'
   01D3 80                  544 	.db #0x80	; 128
   01D4 88                  545 	.db #0x88	; 136
   01D5 16                  546 	.db #0x16	; 22
   01D6 00                  547 	.db #0x00	; 0
   01D7 8F                  548 	.db #0x8f	; 143
   01D8 77                  549 	.db #0x77	; 119	'w'
   01D9 80                  550 	.db #0x80	; 128
   01DA 88                  551 	.db #0x88	; 136
   01DB 07                  552 	.db #0x07	; 7
   01DC 00                  553 	.db #0x00	; 0
   01DD 0F                  554 	.db #0x0f	; 15
   01DE 77                  555 	.db #0x77	; 119	'w'
   01DF 08                  556 	.db #0x08	; 8
   01E0                     557 _enemy_spr_10:
   01E0 CC                  558 	.db #0xcc	; 204
   01E1 21                  559 	.db #0x21	; 33
   01E2 00                  560 	.db #0x00	; 0
   01E3 0F                  561 	.db #0x0f	; 15
   01E4 33                  562 	.db #0x33	; 51	'3'
   01E5 C0                  563 	.db #0xc0	; 192
   01E6 CC                  564 	.db #0xcc	; 204
   01E7 03                  565 	.db #0x03	; 3
   01E8 00                  566 	.db #0x00	; 0
   01E9 4F                  567 	.db #0x4f	; 79	'O'
   01EA 33                  568 	.db #0x33	; 51	'3'
   01EB 48                  569 	.db #0x48	; 72	'H'
   01EC CC                  570 	.db #0xcc	; 204
   01ED 13                  571 	.db #0x13	; 19
   01EE 00                  572 	.db #0x00	; 0
   01EF 69                  573 	.db #0x69	; 105	'i'
   01F0 33                  574 	.db #0x33	; 51	'3'
   01F1 0C                  575 	.db #0x0c	; 12
   01F2 CC                  576 	.db #0xcc	; 204
   01F3 12                  577 	.db #0x12	; 18
   01F4 00                  578 	.db #0x00	; 0
   01F5 0F                  579 	.db #0x0f	; 15
   01F6 33                  580 	.db #0x33	; 51	'3'
   01F7 84                  581 	.db #0x84	; 132
   01F8 CC                  582 	.db #0xcc	; 204
   01F9 21                  583 	.db #0x21	; 33
   01FA 00                  584 	.db #0x00	; 0
   01FB C3                  585 	.db #0xc3	; 195
   01FC 33                  586 	.db #0x33	; 51	'3'
   01FD C0                  587 	.db #0xc0	; 192
   01FE CC                  588 	.db #0xcc	; 204
   01FF 21                  589 	.db #0x21	; 33
   0200 00                  590 	.db #0x00	; 0
   0201 E1                  591 	.db #0xe1	; 225
   0202 33                  592 	.db #0x33	; 51	'3'
   0203 C0                  593 	.db #0xc0	; 192
   0204 CC                  594 	.db #0xcc	; 204
   0205 03                  595 	.db #0x03	; 3
   0206 00                  596 	.db #0x00	; 0
   0207 C7                  597 	.db #0xc7	; 199
   0208 33                  598 	.db #0x33	; 51	'3'
   0209 48                  599 	.db #0x48	; 72	'H'
   020A CC                  600 	.db #0xcc	; 204
   020B 03                  601 	.db #0x03	; 3
   020C 00                  602 	.db #0x00	; 0
   020D 0F                  603 	.db #0x0f	; 15
   020E 33                  604 	.db #0x33	; 51	'3'
   020F 0C                  605 	.db #0x0c	; 12
   0210                     606 _enemy_spr_11:
   0210 EE                  607 	.db #0xee	; 238
   0211 10                  608 	.db #0x10	; 16
   0212 00                  609 	.db #0x00	; 0
   0213 0F                  610 	.db #0x0f	; 15
   0214 11                  611 	.db #0x11	; 17
   0215 68                  612 	.db #0x68	; 104	'h'
   0216 EE                  613 	.db #0xee	; 238
   0217 01                  614 	.db #0x01	; 1
   0218 00                  615 	.db #0x00	; 0
   0219 2F                  616 	.db #0x2f	; 47
   021A 11                  617 	.db #0x11	; 17
   021B 2C                  618 	.db #0x2c	; 44
   021C EE                  619 	.db #0xee	; 238
   021D 01                  620 	.db #0x01	; 1
   021E 00                  621 	.db #0x00	; 0
   021F BC                  622 	.db #0xbc	; 188
   0220 11                  623 	.db #0x11	; 17
   0221 0E                  624 	.db #0x0e	; 14
   0222 EE                  625 	.db #0xee	; 238
   0223 01                  626 	.db #0x01	; 1
   0224 00                  627 	.db #0x00	; 0
   0225 87                  628 	.db #0x87	; 135
   0226 11                  629 	.db #0x11	; 17
   0227 4A                  630 	.db #0x4a	; 74	'J'
   0228 EE                  631 	.db #0xee	; 238
   0229 10                  632 	.db #0x10	; 16
   022A 00                  633 	.db #0x00	; 0
   022B 69                  634 	.db #0x69	; 105	'i'
   022C 11                  635 	.db #0x11	; 17
   022D 68                  636 	.db #0x68	; 104	'h'
   022E EE                  637 	.db #0xee	; 238
   022F 10                  638 	.db #0x10	; 16
   0230 00                  639 	.db #0x00	; 0
   0231 78                  640 	.db #0x78	; 120	'x'
   0232 11                  641 	.db #0x11	; 17
   0233 68                  642 	.db #0x68	; 104	'h'
   0234 EE                  643 	.db #0xee	; 238
   0235 01                  644 	.db #0x01	; 1
   0236 00                  645 	.db #0x00	; 0
   0237 6B                  646 	.db #0x6b	; 107	'k'
   0238 11                  647 	.db #0x11	; 17
   0239 2C                  648 	.db #0x2c	; 44
   023A EE                  649 	.db #0xee	; 238
   023B 01                  650 	.db #0x01	; 1
   023C 00                  651 	.db #0x00	; 0
   023D 0F                  652 	.db #0x0f	; 15
   023E 11                  653 	.db #0x11	; 17
   023F 0E                  654 	.db #0x0e	; 14
   0240                     655 _enemy_spr_12:
   0240 00                  656 	.db #0x00	; 0
   0241 C3                  657 	.db #0xc3	; 195
   0242 00                  658 	.db #0x00	; 0
   0243 F0                  659 	.db #0xf0	; 240
   0244 FF                  660 	.db #0xff	; 255
   0245 00                  661 	.db #0x00	; 0
   0246 00                  662 	.db #0x00	; 0
   0247 87                  663 	.db #0x87	; 135
   0248 00                  664 	.db #0x00	; 0
   0249 0F                  665 	.db #0x0f	; 15
   024A FF                  666 	.db #0xff	; 255
   024B 00                  667 	.db #0x00	; 0
   024C 00                  668 	.db #0x00	; 0
   024D 5F                  669 	.db #0x5f	; 95
   024E 00                  670 	.db #0x00	; 0
   024F 96                  671 	.db #0x96	; 150
   0250 FF                  672 	.db #0xff	; 255
   0251 00                  673 	.db #0x00	; 0
   0252 00                  674 	.db #0x00	; 0
   0253 4B                  675 	.db #0x4b	; 75	'K'
   0254 00                  676 	.db #0x00	; 0
   0255 3C                  677 	.db #0x3c	; 60
   0256 FF                  678 	.db #0xff	; 255
   0257 00                  679 	.db #0x00	; 0
   0258 00                  680 	.db #0x00	; 0
   0259 0F                  681 	.db #0x0f	; 15
   025A 00                  682 	.db #0x00	; 0
   025B 3C                  683 	.db #0x3c	; 60
   025C FF                  684 	.db #0xff	; 255
   025D 00                  685 	.db #0x00	; 0
   025E 00                  686 	.db #0x00	; 0
   025F 3C                  687 	.db #0x3c	; 60
   0260 00                  688 	.db #0x00	; 0
   0261 96                  689 	.db #0x96	; 150
   0262 FF                  690 	.db #0xff	; 255
   0263 00                  691 	.db #0x00	; 0
   0264 00                  692 	.db #0x00	; 0
   0265 69                  693 	.db #0x69	; 105	'i'
   0266 00                  694 	.db #0x00	; 0
   0267 1E                  695 	.db #0x1e	; 30
   0268 FF                  696 	.db #0xff	; 255
   0269 00                  697 	.db #0x00	; 0
   026A 00                  698 	.db #0x00	; 0
   026B 0F                  699 	.db #0x0f	; 15
   026C 00                  700 	.db #0x00	; 0
   026D 0F                  701 	.db #0x0f	; 15
   026E FF                  702 	.db #0xff	; 255
   026F 00                  703 	.db #0x00	; 0
   0270                     704 _enemy_spr_13:
   0270 88                  705 	.db #0x88	; 136
   0271 61                  706 	.db #0x61	; 97	'a'
   0272 00                  707 	.db #0x00	; 0
   0273 78                  708 	.db #0x78	; 120	'x'
   0274 77                  709 	.db #0x77	; 119	'w'
   0275 80                  710 	.db #0x80	; 128
   0276 88                  711 	.db #0x88	; 136
   0277 43                  712 	.db #0x43	; 67	'C'
   0278 00                  713 	.db #0x00	; 0
   0279 0F                  714 	.db #0x0f	; 15
   027A 77                  715 	.db #0x77	; 119	'w'
   027B 08                  716 	.db #0x08	; 8
   027C 88                  717 	.db #0x88	; 136
   027D 27                  718 	.db #0x27	; 39
   027E 00                  719 	.db #0x00	; 0
   027F CB                  720 	.db #0xcb	; 203
   0280 77                  721 	.db #0x77	; 119	'w'
   0281 80                  722 	.db #0x80	; 128
   0282 88                  723 	.db #0x88	; 136
   0283 25                  724 	.db #0x25	; 37
   0284 00                  725 	.db #0x00	; 0
   0285 1E                  726 	.db #0x1e	; 30
   0286 77                  727 	.db #0x77	; 119	'w'
   0287 80                  728 	.db #0x80	; 128
   0288 88                  729 	.db #0x88	; 136
   0289 07                  730 	.db #0x07	; 7
   028A 00                  731 	.db #0x00	; 0
   028B 1E                  732 	.db #0x1e	; 30
   028C 77                  733 	.db #0x77	; 119	'w'
   028D 80                  734 	.db #0x80	; 128
   028E 88                  735 	.db #0x88	; 136
   028F 16                  736 	.db #0x16	; 22
   0290 00                  737 	.db #0x00	; 0
   0291 C3                  738 	.db #0xc3	; 195
   0292 77                  739 	.db #0x77	; 119	'w'
   0293 80                  740 	.db #0x80	; 128
   0294 88                  741 	.db #0x88	; 136
   0295 34                  742 	.db #0x34	; 52	'4'
   0296 00                  743 	.db #0x00	; 0
   0297 0F                  744 	.db #0x0f	; 15
   0298 77                  745 	.db #0x77	; 119	'w'
   0299 80                  746 	.db #0x80	; 128
   029A 88                  747 	.db #0x88	; 136
   029B 07                  748 	.db #0x07	; 7
   029C 00                  749 	.db #0x00	; 0
   029D 0F                  750 	.db #0x0f	; 15
   029E 77                  751 	.db #0x77	; 119	'w'
   029F 08                  752 	.db #0x08	; 8
   02A0                     753 _enemy_spr_14:
   02A0 CC                  754 	.db #0xcc	; 204
   02A1 30                  755 	.db #0x30	; 48	'0'
   02A2 00                  756 	.db #0x00	; 0
   02A3 3C                  757 	.db #0x3c	; 60
   02A4 33                  758 	.db #0x33	; 51	'3'
   02A5 C0                  759 	.db #0xc0	; 192
   02A6 CC                  760 	.db #0xcc	; 204
   02A7 21                  761 	.db #0x21	; 33
   02A8 00                  762 	.db #0x00	; 0
   02A9 0F                  763 	.db #0x0f	; 15
   02AA 33                  764 	.db #0x33	; 51	'3'
   02AB 0C                  765 	.db #0x0c	; 12
   02AC CC                  766 	.db #0xcc	; 204
   02AD 13                  767 	.db #0x13	; 19
   02AE 00                  768 	.db #0x00	; 0
   02AF 6D                  769 	.db #0x6d	; 109	'm'
   02B0 33                  770 	.db #0x33	; 51	'3'
   02B1 48                  771 	.db #0x48	; 72	'H'
   02B2 CC                  772 	.db #0xcc	; 204
   02B3 12                  773 	.db #0x12	; 18
   02B4 00                  774 	.db #0x00	; 0
   02B5 0F                  775 	.db #0x0f	; 15
   02B6 33                  776 	.db #0x33	; 51	'3'
   02B7 C0                  777 	.db #0xc0	; 192
   02B8 CC                  778 	.db #0xcc	; 204
   02B9 03                  779 	.db #0x03	; 3
   02BA 00                  780 	.db #0x00	; 0
   02BB 0F                  781 	.db #0x0f	; 15
   02BC 33                  782 	.db #0x33	; 51	'3'
   02BD C0                  783 	.db #0xc0	; 192
   02BE CC                  784 	.db #0xcc	; 204
   02BF 03                  785 	.db #0x03	; 3
   02C0 00                  786 	.db #0x00	; 0
   02C1 E1                  787 	.db #0xe1	; 225
   02C2 33                  788 	.db #0x33	; 51	'3'
   02C3 48                  789 	.db #0x48	; 72	'H'
   02C4 CC                  790 	.db #0xcc	; 204
   02C5 12                  791 	.db #0x12	; 18
   02C6 00                  792 	.db #0x00	; 0
   02C7 87                  793 	.db #0x87	; 135
   02C8 33                  794 	.db #0x33	; 51	'3'
   02C9 48                  795 	.db #0x48	; 72	'H'
   02CA CC                  796 	.db #0xcc	; 204
   02CB 03                  797 	.db #0x03	; 3
   02CC 00                  798 	.db #0x00	; 0
   02CD 0F                  799 	.db #0x0f	; 15
   02CE 33                  800 	.db #0x33	; 51	'3'
   02CF 0C                  801 	.db #0x0c	; 12
   02D0                     802 _enemy_spr_15:
   02D0 EE                  803 	.db #0xee	; 238
   02D1 10                  804 	.db #0x10	; 16
   02D2 00                  805 	.db #0x00	; 0
   02D3 96                  806 	.db #0x96	; 150
   02D4 11                  807 	.db #0x11	; 17
   02D5 E0                  808 	.db #0xe0	; 224
   02D6 EE                  809 	.db #0xee	; 238
   02D7 10                  810 	.db #0x10	; 16
   02D8 00                  811 	.db #0x00	; 0
   02D9 0F                  812 	.db #0x0f	; 15
   02DA 11                  813 	.db #0x11	; 17
   02DB 0E                  814 	.db #0x0e	; 14
   02DC EE                  815 	.db #0xee	; 238
   02DD 01                  816 	.db #0x01	; 1
   02DE 00                  817 	.db #0x00	; 0
   02DF BE                  818 	.db #0xbe	; 190
   02E0 11                  819 	.db #0x11	; 17
   02E1 2C                  820 	.db #0x2c	; 44
   02E2 EE                  821 	.db #0xee	; 238
   02E3 01                  822 	.db #0x01	; 1
   02E4 00                  823 	.db #0x00	; 0
   02E5 87                  824 	.db #0x87	; 135
   02E6 11                  825 	.db #0x11	; 17
   02E7 68                  826 	.db #0x68	; 104	'h'
   02E8 EE                  827 	.db #0xee	; 238
   02E9 01                  828 	.db #0x01	; 1
   02EA 00                  829 	.db #0x00	; 0
   02EB 0F                  830 	.db #0x0f	; 15
   02EC 11                  831 	.db #0x11	; 17
   02ED 68                  832 	.db #0x68	; 104	'h'
   02EE EE                  833 	.db #0xee	; 238
   02EF 01                  834 	.db #0x01	; 1
   02F0 00                  835 	.db #0x00	; 0
   02F1 78                  836 	.db #0x78	; 120	'x'
   02F2 11                  837 	.db #0x11	; 17
   02F3 2C                  838 	.db #0x2c	; 44
   02F4 EE                  839 	.db #0xee	; 238
   02F5 01                  840 	.db #0x01	; 1
   02F6 00                  841 	.db #0x00	; 0
   02F7 C3                  842 	.db #0xc3	; 195
   02F8 11                  843 	.db #0x11	; 17
   02F9 2C                  844 	.db #0x2c	; 44
   02FA EE                  845 	.db #0xee	; 238
   02FB 01                  846 	.db #0x01	; 1
   02FC 00                  847 	.db #0x00	; 0
   02FD 0F                  848 	.db #0x0f	; 15
   02FE 11                  849 	.db #0x11	; 17
   02FF 0E                  850 	.db #0x0e	; 14
   0300                     851 _enemy_spr_16:
   0300 00                  852 	.db #0x00	; 0
   0301 C3                  853 	.db #0xc3	; 195
   0302 00                  854 	.db #0x00	; 0
   0303 3C                  855 	.db #0x3c	; 60
   0304 FF                  856 	.db #0xff	; 255
   0305 00                  857 	.db #0x00	; 0
   0306 00                  858 	.db #0x00	; 0
   0307 B4                  859 	.db #0xb4	; 180
   0308 00                  860 	.db #0x00	; 0
   0309 DE                  861 	.db #0xde	; 222
   030A FF                  862 	.db #0xff	; 255
   030B 00                  863 	.db #0x00	; 0
   030C 00                  864 	.db #0x00	; 0
   030D 5E                  865 	.db #0x5e	; 94
   030E 00                  866 	.db #0x00	; 0
   030F E3                  867 	.db #0xe3	; 227
   0310 FF                  868 	.db #0xff	; 255
   0311 00                  869 	.db #0x00	; 0
   0312 00                  870 	.db #0x00	; 0
   0313 6B                  871 	.db #0x6b	; 107	'k'
   0314 00                  872 	.db #0x00	; 0
   0315 69                  873 	.db #0x69	; 105	'i'
   0316 FF                  874 	.db #0xff	; 255
   0317 00                  875 	.db #0x00	; 0
   0318 00                  876 	.db #0x00	; 0
   0319 69                  877 	.db #0x69	; 105	'i'
   031A 00                  878 	.db #0x00	; 0
   031B 6D                  879 	.db #0x6d	; 109	'm'
   031C FF                  880 	.db #0xff	; 255
   031D 00                  881 	.db #0x00	; 0
   031E 00                  882 	.db #0x00	; 0
   031F 7C                  883 	.db #0x7c	; 124
   0320 00                  884 	.db #0x00	; 0
   0321 A7                  885 	.db #0xa7	; 167
   0322 FF                  886 	.db #0xff	; 255
   0323 00                  887 	.db #0x00	; 0
   0324 00                  888 	.db #0x00	; 0
   0325 B7                  889 	.db #0xb7	; 183
   0326 00                  890 	.db #0x00	; 0
   0327 D2                  891 	.db #0xd2	; 210
   0328 FF                  892 	.db #0xff	; 255
   0329 00                  893 	.db #0x00	; 0
   032A 00                  894 	.db #0x00	; 0
   032B C3                  895 	.db #0xc3	; 195
   032C 00                  896 	.db #0x00	; 0
   032D 3C                  897 	.db #0x3c	; 60
   032E FF                  898 	.db #0xff	; 255
   032F 00                  899 	.db #0x00	; 0
   0330                     900 _enemy_spr_17:
   0330 88                  901 	.db #0x88	; 136
   0331 61                  902 	.db #0x61	; 97	'a'
   0332 00                  903 	.db #0x00	; 0
   0333 1E                  904 	.db #0x1e	; 30
   0334 77                  905 	.db #0x77	; 119	'w'
   0335 80                  906 	.db #0x80	; 128
   0336 88                  907 	.db #0x88	; 136
   0337 52                  908 	.db #0x52	; 82	'R'
   0338 00                  909 	.db #0x00	; 0
   0339 E7                  910 	.db #0xe7	; 231
   033A 77                  911 	.db #0x77	; 119	'w'
   033B 80                  912 	.db #0x80	; 128
   033C 88                  913 	.db #0x88	; 136
   033D 27                  914 	.db #0x27	; 39
   033E 00                  915 	.db #0x00	; 0
   033F F1                  916 	.db #0xf1	; 241
   0340 77                  917 	.db #0x77	; 119	'w'
   0341 08                  918 	.db #0x08	; 8
   0342 88                  919 	.db #0x88	; 136
   0343 35                  920 	.db #0x35	; 53	'5'
   0344 00                  921 	.db #0x00	; 0
   0345 3C                  922 	.db #0x3c	; 60
   0346 77                  923 	.db #0x77	; 119	'w'
   0347 08                  924 	.db #0x08	; 8
   0348 88                  925 	.db #0x88	; 136
   0349 34                  926 	.db #0x34	; 52	'4'
   034A 00                  927 	.db #0x00	; 0
   034B 3E                  928 	.db #0x3e	; 62
   034C 77                  929 	.db #0x77	; 119	'w'
   034D 08                  930 	.db #0x08	; 8
   034E 88                  931 	.db #0x88	; 136
   034F 36                  932 	.db #0x36	; 54	'6'
   0350 00                  933 	.db #0x00	; 0
   0351 D3                  934 	.db #0xd3	; 211
   0352 77                  935 	.db #0x77	; 119	'w'
   0353 08                  936 	.db #0x08	; 8
   0354 88                  937 	.db #0x88	; 136
   0355 53                  938 	.db #0x53	; 83	'S'
   0356 00                  939 	.db #0x00	; 0
   0357 E9                  940 	.db #0xe9	; 233
   0358 77                  941 	.db #0x77	; 119	'w'
   0359 80                  942 	.db #0x80	; 128
   035A 88                  943 	.db #0x88	; 136
   035B 61                  944 	.db #0x61	; 97	'a'
   035C 00                  945 	.db #0x00	; 0
   035D 1E                  946 	.db #0x1e	; 30
   035E 77                  947 	.db #0x77	; 119	'w'
   035F 80                  948 	.db #0x80	; 128
   0360                     949 _enemy_spr_18:
   0360 CC                  950 	.db #0xcc	; 204
   0361 30                  951 	.db #0x30	; 48	'0'
   0362 00                  952 	.db #0x00	; 0
   0363 0F                  953 	.db #0x0f	; 15
   0364 33                  954 	.db #0x33	; 51	'3'
   0365 C0                  955 	.db #0xc0	; 192
   0366 CC                  956 	.db #0xcc	; 204
   0367 21                  957 	.db #0x21	; 33
   0368 00                  958 	.db #0x00	; 0
   0369 F3                  959 	.db #0xf3	; 243
   036A 33                  960 	.db #0x33	; 51	'3'
   036B 48                  961 	.db #0x48	; 72	'H'
   036C CC                  962 	.db #0xcc	; 204
   036D 13                  963 	.db #0x13	; 19
   036E 00                  964 	.db #0x00	; 0
   036F 78                  965 	.db #0x78	; 120	'x'
   0370 33                  966 	.db #0x33	; 51	'3'
   0371 8C                  967 	.db #0x8c	; 140
   0372 CC                  968 	.db #0xcc	; 204
   0373 12                  969 	.db #0x12	; 18
   0374 00                  970 	.db #0x00	; 0
   0375 9E                  971 	.db #0x9e	; 158
   0376 33                  972 	.db #0x33	; 51	'3'
   0377 84                  973 	.db #0x84	; 132
   0378 CC                  974 	.db #0xcc	; 204
   0379 12                  975 	.db #0x12	; 18
   037A 00                  976 	.db #0x00	; 0
   037B 97                  977 	.db #0x97	; 151
   037C 33                  978 	.db #0x33	; 51	'3'
   037D 84                  979 	.db #0x84	; 132
   037E CC                  980 	.db #0xcc	; 204
   037F 13                  981 	.db #0x13	; 19
   0380 00                  982 	.db #0x00	; 0
   0381 E1                  983 	.db #0xe1	; 225
   0382 33                  984 	.db #0x33	; 51	'3'
   0383 8C                  985 	.db #0x8c	; 140
   0384 CC                  986 	.db #0xcc	; 204
   0385 21                  987 	.db #0x21	; 33
   0386 00                  988 	.db #0x00	; 0
   0387 FC                  989 	.db #0xfc	; 252
   0388 33                  990 	.db #0x33	; 51	'3'
   0389 48                  991 	.db #0x48	; 72	'H'
   038A CC                  992 	.db #0xcc	; 204
   038B 30                  993 	.db #0x30	; 48	'0'
   038C 00                  994 	.db #0x00	; 0
   038D 0F                  995 	.db #0x0f	; 15
   038E 33                  996 	.db #0x33	; 51	'3'
   038F C0                  997 	.db #0xc0	; 192
   0390                     998 _enemy_spr_19:
   0390 EE                  999 	.db #0xee	; 238
   0391 10                 1000 	.db #0x10	; 16
   0392 00                 1001 	.db #0x00	; 0
   0393 87                 1002 	.db #0x87	; 135
   0394 11                 1003 	.db #0x11	; 17
   0395 68                 1004 	.db #0x68	; 104	'h'
   0396 EE                 1005 	.db #0xee	; 238
   0397 10                 1006 	.db #0x10	; 16
   0398 00                 1007 	.db #0x00	; 0
   0399 79                 1008 	.db #0x79	; 121	'y'
   039A 11                 1009 	.db #0x11	; 17
   039B AC                 1010 	.db #0xac	; 172
   039C EE                 1011 	.db #0xee	; 238
   039D 01                 1012 	.db #0x01	; 1
   039E 00                 1013 	.db #0x00	; 0
   039F BC                 1014 	.db #0xbc	; 188
   03A0 11                 1015 	.db #0x11	; 17
   03A1 C6                 1016 	.db #0xc6	; 198
   03A2 EE                 1017 	.db #0xee	; 238
   03A3 01                 1018 	.db #0x01	; 1
   03A4 00                 1019 	.db #0x00	; 0
   03A5 C7                 1020 	.db #0xc7	; 199
   03A6 11                 1021 	.db #0x11	; 17
   03A7 C2                 1022 	.db #0xc2	; 194
   03A8 EE                 1023 	.db #0xee	; 238
   03A9 01                 1024 	.db #0x01	; 1
   03AA 00                 1025 	.db #0x00	; 0
   03AB C3                 1026 	.db #0xc3	; 195
   03AC 11                 1027 	.db #0x11	; 17
   03AD CA                 1028 	.db #0xca	; 202
   03AE EE                 1029 	.db #0xee	; 238
   03AF 01                 1030 	.db #0x01	; 1
   03B0 00                 1031 	.db #0x00	; 0
   03B1 F8                 1032 	.db #0xf8	; 248
   03B2 11                 1033 	.db #0x11	; 17
   03B3 4E                 1034 	.db #0x4e	; 78	'N'
   03B4 EE                 1035 	.db #0xee	; 238
   03B5 10                 1036 	.db #0x10	; 16
   03B6 00                 1037 	.db #0x00	; 0
   03B7 7E                 1038 	.db #0x7e	; 126
   03B8 11                 1039 	.db #0x11	; 17
   03B9 A4                 1040 	.db #0xa4	; 164
   03BA EE                 1041 	.db #0xee	; 238
   03BB 10                 1042 	.db #0x10	; 16
   03BC 00                 1043 	.db #0x00	; 0
   03BD 87                 1044 	.db #0x87	; 135
   03BE 11                 1045 	.db #0x11	; 17
   03BF 68                 1046 	.db #0x68	; 104	'h'
   03C0                    1047 _enemy_spr_20:
   03C0 00                 1048 	.db #0x00	; 0
   03C1 C3                 1049 	.db #0xc3	; 195
   03C2 00                 1050 	.db #0x00	; 0
   03C3 3C                 1051 	.db #0x3c	; 60
   03C4 FF                 1052 	.db #0xff	; 255
   03C5 00                 1053 	.db #0x00	; 0
   03C6 00                 1054 	.db #0x00	; 0
   03C7 B6                 1055 	.db #0xb6	; 182
   03C8 00                 1056 	.db #0x00	; 0
   03C9 D6                 1057 	.db #0xd6	; 214
   03CA FF                 1058 	.db #0xff	; 255
   03CB 00                 1059 	.db #0x00	; 0
   03CC 00                 1060 	.db #0x00	; 0
   03CD 7C                 1061 	.db #0x7c	; 124
   03CE 00                 1062 	.db #0x00	; 0
   03CF AD                 1063 	.db #0xad	; 173
   03D0 FF                 1064 	.db #0xff	; 255
   03D1 00                 1065 	.db #0x00	; 0
   03D2 00                 1066 	.db #0x00	; 0
   03D3 6D                 1067 	.db #0x6d	; 109	'm'
   03D4 00                 1068 	.db #0x00	; 0
   03D5 69                 1069 	.db #0x69	; 105	'i'
   03D6 FF                 1070 	.db #0xff	; 255
   03D7 00                 1071 	.db #0x00	; 0
   03D8 00                 1072 	.db #0x00	; 0
   03D9 69                 1073 	.db #0x69	; 105	'i'
   03DA 00                 1074 	.db #0x00	; 0
   03DB 6B                 1075 	.db #0x6b	; 107	'k'
   03DC FF                 1076 	.db #0xff	; 255
   03DD 00                 1077 	.db #0x00	; 0
   03DE 00                 1078 	.db #0x00	; 0
   03DF 5B                 1079 	.db #0x5b	; 91
   03E0 00                 1080 	.db #0x00	; 0
   03E1 E3                 1081 	.db #0xe3	; 227
   03E2 FF                 1082 	.db #0xff	; 255
   03E3 00                 1083 	.db #0x00	; 0
   03E4 00                 1084 	.db #0x00	; 0
   03E5 B6                 1085 	.db #0xb6	; 182
   03E6 00                 1086 	.db #0x00	; 0
   03E7 D6                 1087 	.db #0xd6	; 214
   03E8 FF                 1088 	.db #0xff	; 255
   03E9 00                 1089 	.db #0x00	; 0
   03EA 00                 1090 	.db #0x00	; 0
   03EB C3                 1091 	.db #0xc3	; 195
   03EC 00                 1092 	.db #0x00	; 0
   03ED 3C                 1093 	.db #0x3c	; 60
   03EE FF                 1094 	.db #0xff	; 255
   03EF 00                 1095 	.db #0x00	; 0
   03F0                    1096 _enemy_spr_21:
   03F0 88                 1097 	.db #0x88	; 136
   03F1 61                 1098 	.db #0x61	; 97	'a'
   03F2 00                 1099 	.db #0x00	; 0
   03F3 1E                 1100 	.db #0x1e	; 30
   03F4 77                 1101 	.db #0x77	; 119	'w'
   03F5 80                 1102 	.db #0x80	; 128
   03F6 88                 1103 	.db #0x88	; 136
   03F7 53                 1104 	.db #0x53	; 83	'S'
   03F8 00                 1105 	.db #0x00	; 0
   03F9 E3                 1106 	.db #0xe3	; 227
   03FA 77                 1107 	.db #0x77	; 119	'w'
   03FB 80                 1108 	.db #0x80	; 128
   03FC 88                 1109 	.db #0x88	; 136
   03FD 36                 1110 	.db #0x36	; 54	'6'
   03FE 00                 1111 	.db #0x00	; 0
   03FF D6                 1112 	.db #0xd6	; 214
   0400 77                 1113 	.db #0x77	; 119	'w'
   0401 08                 1114 	.db #0x08	; 8
   0402 88                 1115 	.db #0x88	; 136
   0403 36                 1116 	.db #0x36	; 54	'6'
   0404 00                 1117 	.db #0x00	; 0
   0405 3C                 1118 	.db #0x3c	; 60
   0406 77                 1119 	.db #0x77	; 119	'w'
   0407 08                 1120 	.db #0x08	; 8
   0408 88                 1121 	.db #0x88	; 136
   0409 34                 1122 	.db #0x34	; 52	'4'
   040A 00                 1123 	.db #0x00	; 0
   040B 3D                 1124 	.db #0x3d	; 61
   040C 77                 1125 	.db #0x77	; 119	'w'
   040D 08                 1126 	.db #0x08	; 8
   040E 88                 1127 	.db #0x88	; 136
   040F 25                 1128 	.db #0x25	; 37
   0410 00                 1129 	.db #0x00	; 0
   0411 F9                 1130 	.db #0xf9	; 249
   0412 77                 1131 	.db #0x77	; 119	'w'
   0413 08                 1132 	.db #0x08	; 8
   0414 88                 1133 	.db #0x88	; 136
   0415 53                 1134 	.db #0x53	; 83	'S'
   0416 00                 1135 	.db #0x00	; 0
   0417 E3                 1136 	.db #0xe3	; 227
   0418 77                 1137 	.db #0x77	; 119	'w'
   0419 80                 1138 	.db #0x80	; 128
   041A 88                 1139 	.db #0x88	; 136
   041B 61                 1140 	.db #0x61	; 97	'a'
   041C 00                 1141 	.db #0x00	; 0
   041D 1E                 1142 	.db #0x1e	; 30
   041E 77                 1143 	.db #0x77	; 119	'w'
   041F 80                 1144 	.db #0x80	; 128
   0420                    1145 _enemy_spr_22:
   0420 CC                 1146 	.db #0xcc	; 204
   0421 30                 1147 	.db #0x30	; 48	'0'
   0422 00                 1148 	.db #0x00	; 0
   0423 0F                 1149 	.db #0x0f	; 15
   0424 33                 1150 	.db #0x33	; 51	'3'
   0425 C0                 1151 	.db #0xc0	; 192
   0426 CC                 1152 	.db #0xcc	; 204
   0427 21                 1153 	.db #0x21	; 33
   0428 00                 1154 	.db #0x00	; 0
   0429 F9                 1155 	.db #0xf9	; 249
   042A 33                 1156 	.db #0x33	; 51	'3'
   042B 48                 1157 	.db #0x48	; 72	'H'
   042C CC                 1158 	.db #0xcc	; 204
   042D 13                 1159 	.db #0x13	; 19
   042E 00                 1160 	.db #0x00	; 0
   042F E3                 1161 	.db #0xe3	; 227
   0430 33                 1162 	.db #0x33	; 51	'3'
   0431 84                 1163 	.db #0x84	; 132
   0432 CC                 1164 	.db #0xcc	; 204
   0433 13                 1165 	.db #0x13	; 19
   0434 00                 1166 	.db #0x00	; 0
   0435 96                 1167 	.db #0x96	; 150
   0436 33                 1168 	.db #0x33	; 51	'3'
   0437 84                 1169 	.db #0x84	; 132
   0438 CC                 1170 	.db #0xcc	; 204
   0439 12                 1171 	.db #0x12	; 18
   043A 00                 1172 	.db #0x00	; 0
   043B 96                 1173 	.db #0x96	; 150
   043C 33                 1174 	.db #0x33	; 51	'3'
   043D 8C                 1175 	.db #0x8c	; 140
   043E CC                 1176 	.db #0xcc	; 204
   043F 12                 1177 	.db #0x12	; 18
   0440 00                 1178 	.db #0x00	; 0
   0441 7C                 1179 	.db #0x7c	; 124
   0442 33                 1180 	.db #0x33	; 51	'3'
   0443 8C                 1181 	.db #0x8c	; 140
   0444 CC                 1182 	.db #0xcc	; 204
   0445 21                 1183 	.db #0x21	; 33
   0446 00                 1184 	.db #0x00	; 0
   0447 F9                 1185 	.db #0xf9	; 249
   0448 33                 1186 	.db #0x33	; 51	'3'
   0449 48                 1187 	.db #0x48	; 72	'H'
   044A CC                 1188 	.db #0xcc	; 204
   044B 30                 1189 	.db #0x30	; 48	'0'
   044C 00                 1190 	.db #0x00	; 0
   044D 0F                 1191 	.db #0x0f	; 15
   044E 33                 1192 	.db #0x33	; 51	'3'
   044F C0                 1193 	.db #0xc0	; 192
   0450                    1194 _enemy_spr_23:
   0450 EE                 1195 	.db #0xee	; 238
   0451 10                 1196 	.db #0x10	; 16
   0452 00                 1197 	.db #0x00	; 0
   0453 87                 1198 	.db #0x87	; 135
   0454 11                 1199 	.db #0x11	; 17
   0455 68                 1200 	.db #0x68	; 104	'h'
   0456 EE                 1201 	.db #0xee	; 238
   0457 10                 1202 	.db #0x10	; 16
   0458 00                 1203 	.db #0x00	; 0
   0459 7C                 1204 	.db #0x7c	; 124
   045A 11                 1205 	.db #0x11	; 17
   045B AC                 1206 	.db #0xac	; 172
   045C EE                 1207 	.db #0xee	; 238
   045D 01                 1208 	.db #0x01	; 1
   045E 00                 1209 	.db #0x00	; 0
   045F F9                 1210 	.db #0xf9	; 249
   0460 11                 1211 	.db #0x11	; 17
   0461 4A                 1212 	.db #0x4a	; 74	'J'
   0462 EE                 1213 	.db #0xee	; 238
   0463 01                 1214 	.db #0x01	; 1
   0464 00                 1215 	.db #0x00	; 0
   0465 CB                 1216 	.db #0xcb	; 203
   0466 11                 1217 	.db #0x11	; 17
   0467 C2                 1218 	.db #0xc2	; 194
   0468 EE                 1219 	.db #0xee	; 238
   0469 01                 1220 	.db #0x01	; 1
   046A 00                 1221 	.db #0x00	; 0
   046B C3                 1222 	.db #0xc3	; 195
   046C 11                 1223 	.db #0x11	; 17
   046D C6                 1224 	.db #0xc6	; 198
   046E EE                 1225 	.db #0xee	; 238
   046F 01                 1226 	.db #0x01	; 1
   0470 00                 1227 	.db #0x00	; 0
   0471 B6                 1228 	.db #0xb6	; 182
   0472 11                 1229 	.db #0x11	; 17
   0473 C6                 1230 	.db #0xc6	; 198
   0474 EE                 1231 	.db #0xee	; 238
   0475 10                 1232 	.db #0x10	; 16
   0476 00                 1233 	.db #0x00	; 0
   0477 7C                 1234 	.db #0x7c	; 124
   0478 11                 1235 	.db #0x11	; 17
   0479 AC                 1236 	.db #0xac	; 172
   047A EE                 1237 	.db #0xee	; 238
   047B 10                 1238 	.db #0x10	; 16
   047C 00                 1239 	.db #0x00	; 0
   047D 87                 1240 	.db #0x87	; 135
   047E 11                 1241 	.db #0x11	; 17
   047F 68                 1242 	.db #0x68	; 104	'h'
                           1243 	.area _INITIALIZER
                           1244 	.area _CABS (ABS)
