                              1 ;--------------------------------------------------------
                              2 ; File Created by SDCC : free open source ANSI-C Compiler
                              3 ; Version 3.6.8 #9946 (Linux)
                              4 ;--------------------------------------------------------
                              5 	.module GravityPowerUpSprites
                              6 	.optsdcc -mz80
                              7 	
                              8 ;--------------------------------------------------------
                              9 ; Public variables in this module
                             10 ;--------------------------------------------------------
                             11 	.globl _gravity_spr_13
                             12 	.globl _gravity_spr_12
                             13 	.globl _gravity_spr_11
                             14 	.globl _gravity_spr_10
                             15 	.globl _gravity_spr_09
                             16 	.globl _gravity_spr_08
                             17 	.globl _gravity_spr_07
                             18 	.globl _gravity_spr_06
                             19 	.globl _gravity_spr_05
                             20 	.globl _gravity_spr_04
                             21 	.globl _gravity_spr_03
                             22 	.globl _gravity_spr_02
                             23 	.globl _gravity_spr_01
                             24 	.globl _gravity_spr_00
                             25 ;--------------------------------------------------------
                             26 ; special function registers
                             27 ;--------------------------------------------------------
                             28 ;--------------------------------------------------------
                             29 ; ram data
                             30 ;--------------------------------------------------------
                             31 	.area _DATA
                             32 ;--------------------------------------------------------
                             33 ; ram data
                             34 ;--------------------------------------------------------
                             35 	.area _INITIALIZED
                             36 ;--------------------------------------------------------
                             37 ; absolute external ram data
                             38 ;--------------------------------------------------------
                             39 	.area _DABS (ABS)
                             40 ;--------------------------------------------------------
                             41 ; global & static initialisations
                             42 ;--------------------------------------------------------
                             43 	.area _HOME
                             44 	.area _GSINIT
                             45 	.area _GSFINAL
                             46 	.area _GSINIT
                             47 ;--------------------------------------------------------
                             48 ; Home
                             49 ;--------------------------------------------------------
                             50 	.area _HOME
                             51 	.area _HOME
                             52 ;--------------------------------------------------------
                             53 ; code
                             54 ;--------------------------------------------------------
                             55 	.area _CODE
                             56 	.area _CODE
   0000                      57 _gravity_spr_00:
   0000 C3                   58 	.db #0xc3	; 195
   0001 3C                   59 	.db #0x3c	; 60
   0002 B5                   60 	.db #0xb5	; 181
   0003 DA                   61 	.db #0xda	; 218
   0004 7B                   62 	.db #0x7b	; 123
   0005 ED                   63 	.db #0xed	; 237
   0006 7F                   64 	.db #0x7f	; 127
   0007 EF                   65 	.db #0xef	; 239
   0008 79                   66 	.db #0x79	; 121	'y'
   0009 E9                   67 	.db #0xe9	; 233
   000A 79                   68 	.db #0x79	; 121	'y'
   000B E9                   69 	.db #0xe9	; 233
   000C B5                   70 	.db #0xb5	; 181
   000D DA                   71 	.db #0xda	; 218
   000E C3                   72 	.db #0xc3	; 195
   000F 3C                   73 	.db #0x3c	; 60
   0010                      74 _gravity_spr_01:
   0010 E1                   75 	.db #0xe1	; 225
   0011 78                   76 	.db #0x78	; 120	'x'
   0012 D3                   77 	.db #0xd3	; 211
   0013 BC                   78 	.db #0xbc	; 188
   0014 B7                   79 	.db #0xb7	; 183
   0015 DE                   80 	.db #0xde	; 222
   0016 B7                   81 	.db #0xb7	; 183
   0017 FE                   82 	.db #0xfe	; 254
   0018 B5                   83 	.db #0xb5	; 181
   0019 DA                   84 	.db #0xda	; 218
   001A B5                   85 	.db #0xb5	; 181
   001B DA                   86 	.db #0xda	; 218
   001C D3                   87 	.db #0xd3	; 211
   001D BC                   88 	.db #0xbc	; 188
   001E E1                   89 	.db #0xe1	; 225
   001F 78                   90 	.db #0x78	; 120	'x'
   0020                      91 _gravity_spr_02:
   0020 E1                   92 	.db #0xe1	; 225
   0021 78                   93 	.db #0x78	; 120	'x'
   0022 D3                   94 	.db #0xd3	; 211
   0023 BC                   95 	.db #0xbc	; 188
   0024 D3                   96 	.db #0xd3	; 211
   0025 FC                   97 	.db #0xfc	; 252
   0026 D7                   98 	.db #0xd7	; 215
   0027 FE                   99 	.db #0xfe	; 254
   0028 D3                  100 	.db #0xd3	; 211
   0029 BC                  101 	.db #0xbc	; 188
   002A D3                  102 	.db #0xd3	; 211
   002B BC                  103 	.db #0xbc	; 188
   002C D3                  104 	.db #0xd3	; 211
   002D BC                  105 	.db #0xbc	; 188
   002E E1                  106 	.db #0xe1	; 225
   002F 78                  107 	.db #0x78	; 120	'x'
   0030                     108 _gravity_spr_03:
   0030 E1                  109 	.db #0xe1	; 225
   0031 78                  110 	.db #0x78	; 120	'x'
   0032 E1                  111 	.db #0xe1	; 225
   0033 F8                  112 	.db #0xf8	; 248
   0034 E3                  113 	.db #0xe3	; 227
   0035 FC                  114 	.db #0xfc	; 252
   0036 E7                  115 	.db #0xe7	; 231
   0037 FE                  116 	.db #0xfe	; 254
   0038 E1                  117 	.db #0xe1	; 225
   0039 F8                  118 	.db #0xf8	; 248
   003A E1                  119 	.db #0xe1	; 225
   003B F8                  120 	.db #0xf8	; 248
   003C E1                  121 	.db #0xe1	; 225
   003D F8                  122 	.db #0xf8	; 248
   003E E1                  123 	.db #0xe1	; 225
   003F 78                  124 	.db #0x78	; 120	'x'
   0040                     125 _gravity_spr_04:
   0040 E1                  126 	.db #0xe1	; 225
   0041 78                  127 	.db #0x78	; 120	'x'
   0042 F1                  128 	.db #0xf1	; 241
   0043 78                  129 	.db #0x78	; 120	'x'
   0044 F3                  130 	.db #0xf3	; 243
   0045 7C                  131 	.db #0x7c	; 124
   0046 F7                  132 	.db #0xf7	; 247
   0047 7E                  133 	.db #0x7e	; 126
   0048 F1                  134 	.db #0xf1	; 241
   0049 78                  135 	.db #0x78	; 120	'x'
   004A F1                  136 	.db #0xf1	; 241
   004B 78                  137 	.db #0x78	; 120	'x'
   004C F1                  138 	.db #0xf1	; 241
   004D 78                  139 	.db #0x78	; 120	'x'
   004E E1                  140 	.db #0xe1	; 225
   004F 78                  141 	.db #0x78	; 120	'x'
   0050                     142 _gravity_spr_05:
   0050 E1                  143 	.db #0xe1	; 225
   0051 78                  144 	.db #0x78	; 120	'x'
   0052 D3                  145 	.db #0xd3	; 211
   0053 BC                  146 	.db #0xbc	; 188
   0054 F3                  147 	.db #0xf3	; 243
   0055 BC                  148 	.db #0xbc	; 188
   0056 F7                  149 	.db #0xf7	; 247
   0057 BE                  150 	.db #0xbe	; 190
   0058 D3                  151 	.db #0xd3	; 211
   0059 BC                  152 	.db #0xbc	; 188
   005A D3                  153 	.db #0xd3	; 211
   005B BC                  154 	.db #0xbc	; 188
   005C D3                  155 	.db #0xd3	; 211
   005D BC                  156 	.db #0xbc	; 188
   005E E1                  157 	.db #0xe1	; 225
   005F 78                  158 	.db #0x78	; 120	'x'
   0060                     159 _gravity_spr_06:
   0060 E1                  160 	.db #0xe1	; 225
   0061 78                  161 	.db #0x78	; 120	'x'
   0062 D3                  162 	.db #0xd3	; 211
   0063 BC                  163 	.db #0xbc	; 188
   0064 B7                  164 	.db #0xb7	; 183
   0065 DE                  165 	.db #0xde	; 222
   0066 F7                  166 	.db #0xf7	; 247
   0067 DE                  167 	.db #0xde	; 222
   0068 B5                  168 	.db #0xb5	; 181
   0069 DA                  169 	.db #0xda	; 218
   006A B5                  170 	.db #0xb5	; 181
   006B DA                  171 	.db #0xda	; 218
   006C D3                  172 	.db #0xd3	; 211
   006D BC                  173 	.db #0xbc	; 188
   006E E1                  174 	.db #0xe1	; 225
   006F 78                  175 	.db #0x78	; 120	'x'
   0070                     176 _gravity_spr_07:
   0070 C3                  177 	.db #0xc3	; 195
   0071 3C                  178 	.db #0x3c	; 60
   0072 B5                  179 	.db #0xb5	; 181
   0073 DA                  180 	.db #0xda	; 218
   0074 79                  181 	.db #0x79	; 121	'y'
   0075 E9                  182 	.db #0xe9	; 233
   0076 79                  183 	.db #0x79	; 121	'y'
   0077 E9                  184 	.db #0xe9	; 233
   0078 7F                  185 	.db #0x7f	; 127
   0079 EF                  186 	.db #0xef	; 239
   007A 7B                  187 	.db #0x7b	; 123
   007B ED                  188 	.db #0xed	; 237
   007C B5                  189 	.db #0xb5	; 181
   007D DA                  190 	.db #0xda	; 218
   007E C3                  191 	.db #0xc3	; 195
   007F 3C                  192 	.db #0x3c	; 60
   0080                     193 _gravity_spr_08:
   0080 E1                  194 	.db #0xe1	; 225
   0081 78                  195 	.db #0x78	; 120	'x'
   0082 D3                  196 	.db #0xd3	; 211
   0083 BC                  197 	.db #0xbc	; 188
   0084 B5                  198 	.db #0xb5	; 181
   0085 DA                  199 	.db #0xda	; 218
   0086 B5                  200 	.db #0xb5	; 181
   0087 DA                  201 	.db #0xda	; 218
   0088 B7                  202 	.db #0xb7	; 183
   0089 FE                  203 	.db #0xfe	; 254
   008A B7                  204 	.db #0xb7	; 183
   008B DE                  205 	.db #0xde	; 222
   008C D3                  206 	.db #0xd3	; 211
   008D BC                  207 	.db #0xbc	; 188
   008E E1                  208 	.db #0xe1	; 225
   008F 78                  209 	.db #0x78	; 120	'x'
   0090                     210 _gravity_spr_09:
   0090 E1                  211 	.db #0xe1	; 225
   0091 78                  212 	.db #0x78	; 120	'x'
   0092 D3                  213 	.db #0xd3	; 211
   0093 BC                  214 	.db #0xbc	; 188
   0094 D3                  215 	.db #0xd3	; 211
   0095 BC                  216 	.db #0xbc	; 188
   0096 D3                  217 	.db #0xd3	; 211
   0097 BC                  218 	.db #0xbc	; 188
   0098 D7                  219 	.db #0xd7	; 215
   0099 FE                  220 	.db #0xfe	; 254
   009A D3                  221 	.db #0xd3	; 211
   009B FC                  222 	.db #0xfc	; 252
   009C D3                  223 	.db #0xd3	; 211
   009D BC                  224 	.db #0xbc	; 188
   009E E1                  225 	.db #0xe1	; 225
   009F 78                  226 	.db #0x78	; 120	'x'
   00A0                     227 _gravity_spr_10:
   00A0 E1                  228 	.db #0xe1	; 225
   00A1 78                  229 	.db #0x78	; 120	'x'
   00A2 E1                  230 	.db #0xe1	; 225
   00A3 F8                  231 	.db #0xf8	; 248
   00A4 E1                  232 	.db #0xe1	; 225
   00A5 F8                  233 	.db #0xf8	; 248
   00A6 E1                  234 	.db #0xe1	; 225
   00A7 F8                  235 	.db #0xf8	; 248
   00A8 E7                  236 	.db #0xe7	; 231
   00A9 FE                  237 	.db #0xfe	; 254
   00AA E3                  238 	.db #0xe3	; 227
   00AB FC                  239 	.db #0xfc	; 252
   00AC E1                  240 	.db #0xe1	; 225
   00AD F8                  241 	.db #0xf8	; 248
   00AE E1                  242 	.db #0xe1	; 225
   00AF 78                  243 	.db #0x78	; 120	'x'
   00B0                     244 _gravity_spr_11:
   00B0 E1                  245 	.db #0xe1	; 225
   00B1 78                  246 	.db #0x78	; 120	'x'
   00B2 F1                  247 	.db #0xf1	; 241
   00B3 78                  248 	.db #0x78	; 120	'x'
   00B4 F1                  249 	.db #0xf1	; 241
   00B5 78                  250 	.db #0x78	; 120	'x'
   00B6 F1                  251 	.db #0xf1	; 241
   00B7 78                  252 	.db #0x78	; 120	'x'
   00B8 F7                  253 	.db #0xf7	; 247
   00B9 7E                  254 	.db #0x7e	; 126
   00BA F3                  255 	.db #0xf3	; 243
   00BB 7C                  256 	.db #0x7c	; 124
   00BC F1                  257 	.db #0xf1	; 241
   00BD 78                  258 	.db #0x78	; 120	'x'
   00BE E1                  259 	.db #0xe1	; 225
   00BF 78                  260 	.db #0x78	; 120	'x'
   00C0                     261 _gravity_spr_12:
   00C0 E1                  262 	.db #0xe1	; 225
   00C1 78                  263 	.db #0x78	; 120	'x'
   00C2 D3                  264 	.db #0xd3	; 211
   00C3 BC                  265 	.db #0xbc	; 188
   00C4 D3                  266 	.db #0xd3	; 211
   00C5 BC                  267 	.db #0xbc	; 188
   00C6 D3                  268 	.db #0xd3	; 211
   00C7 BC                  269 	.db #0xbc	; 188
   00C8 F7                  270 	.db #0xf7	; 247
   00C9 BE                  271 	.db #0xbe	; 190
   00CA F3                  272 	.db #0xf3	; 243
   00CB BC                  273 	.db #0xbc	; 188
   00CC D3                  274 	.db #0xd3	; 211
   00CD BC                  275 	.db #0xbc	; 188
   00CE E1                  276 	.db #0xe1	; 225
   00CF 78                  277 	.db #0x78	; 120	'x'
   00D0                     278 _gravity_spr_13:
   00D0 E1                  279 	.db #0xe1	; 225
   00D1 78                  280 	.db #0x78	; 120	'x'
   00D2 D3                  281 	.db #0xd3	; 211
   00D3 BC                  282 	.db #0xbc	; 188
   00D4 B5                  283 	.db #0xb5	; 181
   00D5 DA                  284 	.db #0xda	; 218
   00D6 B5                  285 	.db #0xb5	; 181
   00D7 DA                  286 	.db #0xda	; 218
   00D8 F7                  287 	.db #0xf7	; 247
   00D9 DE                  288 	.db #0xde	; 222
   00DA B7                  289 	.db #0xb7	; 183
   00DB DE                  290 	.db #0xde	; 222
   00DC D3                  291 	.db #0xd3	; 211
   00DD BC                  292 	.db #0xbc	; 188
   00DE E1                  293 	.db #0xe1	; 225
   00DF 78                  294 	.db #0x78	; 120	'x'
                            295 	.area _INITIALIZER
                            296 	.area _CABS (ABS)
