                              1 ;--------------------------------------------------------
                              2 ; File Created by SDCC : free open source ANSI-C Compiler
                              3 ; Version 3.6.8 #9946 (Linux)
                              4 ;--------------------------------------------------------
                              5 	.module HUDSprites
                              6 	.optsdcc -mz80
                              7 	
                              8 ;--------------------------------------------------------
                              9 ; Public variables in this module
                             10 ;--------------------------------------------------------
                             11 	.globl _hud_spr_15
                             12 	.globl _hud_spr_14
                             13 	.globl _hud_spr_13
                             14 	.globl _hud_spr_12
                             15 	.globl _hud_spr_11
                             16 	.globl _hud_spr_10
                             17 	.globl _hud_spr_09
                             18 	.globl _hud_spr_08
                             19 	.globl _hud_spr_07
                             20 	.globl _hud_spr_06
                             21 	.globl _hud_spr_05
                             22 	.globl _hud_spr_04
                             23 	.globl _hud_spr_03
                             24 	.globl _hud_spr_02
                             25 	.globl _hud_spr_01
                             26 	.globl _hud_spr_00
                             27 ;--------------------------------------------------------
                             28 ; special function registers
                             29 ;--------------------------------------------------------
                             30 ;--------------------------------------------------------
                             31 ; ram data
                             32 ;--------------------------------------------------------
                             33 	.area _DATA
                             34 ;--------------------------------------------------------
                             35 ; ram data
                             36 ;--------------------------------------------------------
                             37 	.area _INITIALIZED
                             38 ;--------------------------------------------------------
                             39 ; absolute external ram data
                             40 ;--------------------------------------------------------
                             41 	.area _DABS (ABS)
                             42 ;--------------------------------------------------------
                             43 ; global & static initialisations
                             44 ;--------------------------------------------------------
                             45 	.area _HOME
                             46 	.area _GSINIT
                             47 	.area _GSFINAL
                             48 	.area _GSINIT
                             49 ;--------------------------------------------------------
                             50 ; Home
                             51 ;--------------------------------------------------------
                             52 	.area _HOME
                             53 	.area _HOME
                             54 ;--------------------------------------------------------
                             55 ; code
                             56 ;--------------------------------------------------------
                             57 	.area _CODE
                             58 	.area _CODE
   0000                      59 _hud_spr_00:
   0000 FE                   60 	.db #0xfe	; 254
   0001 FA                   61 	.db #0xfa	; 250
   0002 FA                   62 	.db #0xfa	; 250
   0003 FA                   63 	.db #0xfa	; 250
   0004 FE                   64 	.db #0xfe	; 254
   0005                      65 _hud_spr_01:
   0005 F4                   66 	.db #0xf4	; 244
   0006 FC                   67 	.db #0xfc	; 252
   0007 F4                   68 	.db #0xf4	; 244
   0008 F4                   69 	.db #0xf4	; 244
   0009 FE                   70 	.db #0xfe	; 254
   000A                      71 _hud_spr_02:
   000A FE                   72 	.db #0xfe	; 254
   000B F2                   73 	.db #0xf2	; 242
   000C FE                   74 	.db #0xfe	; 254
   000D F8                   75 	.db #0xf8	; 248
   000E FE                   76 	.db #0xfe	; 254
   000F                      77 _hud_spr_03:
   000F FE                   78 	.db #0xfe	; 254
   0010 F2                   79 	.db #0xf2	; 242
   0011 F6                   80 	.db #0xf6	; 246
   0012 F2                   81 	.db #0xf2	; 242
   0013 FE                   82 	.db #0xfe	; 254
   0014                      83 _hud_spr_04:
   0014 FA                   84 	.db #0xfa	; 250
   0015 FA                   85 	.db #0xfa	; 250
   0016 FE                   86 	.db #0xfe	; 254
   0017 F2                   87 	.db #0xf2	; 242
   0018 F2                   88 	.db #0xf2	; 242
   0019                      89 _hud_spr_05:
   0019 FE                   90 	.db #0xfe	; 254
   001A F8                   91 	.db #0xf8	; 248
   001B FE                   92 	.db #0xfe	; 254
   001C F2                   93 	.db #0xf2	; 242
   001D FE                   94 	.db #0xfe	; 254
   001E                      95 _hud_spr_06:
   001E FE                   96 	.db #0xfe	; 254
   001F F8                   97 	.db #0xf8	; 248
   0020 FE                   98 	.db #0xfe	; 254
   0021 FA                   99 	.db #0xfa	; 250
   0022 FE                  100 	.db #0xfe	; 254
   0023                     101 _hud_spr_07:
   0023 FE                  102 	.db #0xfe	; 254
   0024 F2                  103 	.db #0xf2	; 242
   0025 F2                  104 	.db #0xf2	; 242
   0026 F2                  105 	.db #0xf2	; 242
   0027 F2                  106 	.db #0xf2	; 242
   0028                     107 _hud_spr_08:
   0028 FE                  108 	.db #0xfe	; 254
   0029 FA                  109 	.db #0xfa	; 250
   002A FE                  110 	.db #0xfe	; 254
   002B FA                  111 	.db #0xfa	; 250
   002C FE                  112 	.db #0xfe	; 254
   002D                     113 _hud_spr_09:
   002D FE                  114 	.db #0xfe	; 254
   002E FA                  115 	.db #0xfa	; 250
   002F FE                  116 	.db #0xfe	; 254
   0030 F2                  117 	.db #0xf2	; 242
   0031 F2                  118 	.db #0xf2	; 242
   0032                     119 _hud_spr_10:
   0032 F7                  120 	.db #0xf7	; 247
   0033 FF                  121 	.db #0xff	; 255
   0034 FA                  122 	.db #0xfa	; 250
   0035 F7                  123 	.db #0xf7	; 247
   0036 F5                  124 	.db #0xf5	; 245
   0037                     125 _hud_spr_11:
   0037 F0                  126 	.db #0xf0	; 240
   0038 FA                  127 	.db #0xfa	; 250
   0039 F8                  128 	.db #0xf8	; 248
   003A F2                  129 	.db #0xf2	; 242
   003B F0                  130 	.db #0xf0	; 240
   003C                     131 _hud_spr_12:
   003C F0                  132 	.db #0xf0	; 240
   003D F6                  133 	.db #0xf6	; 246
   003E F0                  134 	.db #0xf0	; 240
   003F F7                  135 	.db #0xf7	; 247
   0040 F6                  136 	.db #0xf6	; 246
   0041                     137 _hud_spr_13:
   0041 FD                  138 	.db #0xfd	; 253
   0042 F9                  139 	.db #0xf9	; 249
   0043 FD                  140 	.db #0xfd	; 253
   0044 FD                  141 	.db #0xfd	; 253
   0045 F8                  142 	.db #0xf8	; 248
   0046                     143 _hud_spr_14:
   0046 F0                  144 	.db #0xf0	; 240
   0047 F6                  145 	.db #0xf6	; 246
   0048 F0                  146 	.db #0xf0	; 240
   0049 F7                  147 	.db #0xf7	; 247
   004A F6                  148 	.db #0xf6	; 246
   004B                     149 _hud_spr_15:
   004B F8                  150 	.db #0xf8	; 248
   004C FE                  151 	.db #0xfe	; 254
   004D F8                  152 	.db #0xf8	; 248
   004E FB                  153 	.db #0xfb	; 251
   004F F8                  154 	.db #0xf8	; 248
                            155 	.area _INITIALIZER
                            156 	.area _CABS (ABS)
