                              1 ;--------------------------------------------------------
                              2 ; File Created by SDCC : free open source ANSI-C Compiler
                              3 ; Version 3.6.8 #9946 (Linux)
                              4 ;--------------------------------------------------------
                              5 	.module HUDSkullSprites
                              6 	.optsdcc -mz80
                              7 	
                              8 ;--------------------------------------------------------
                              9 ; Public variables in this module
                             10 ;--------------------------------------------------------
                             11 	.globl _hud_skull_spr_2
                             12 	.globl _hud_skull_spr_1
                             13 	.globl _hud_skull_spr_0
                             14 ;--------------------------------------------------------
                             15 ; special function registers
                             16 ;--------------------------------------------------------
                             17 ;--------------------------------------------------------
                             18 ; ram data
                             19 ;--------------------------------------------------------
                             20 	.area _DATA
                             21 ;--------------------------------------------------------
                             22 ; ram data
                             23 ;--------------------------------------------------------
                             24 	.area _INITIALIZED
                             25 ;--------------------------------------------------------
                             26 ; absolute external ram data
                             27 ;--------------------------------------------------------
                             28 	.area _DABS (ABS)
                             29 ;--------------------------------------------------------
                             30 ; global & static initialisations
                             31 ;--------------------------------------------------------
                             32 	.area _HOME
                             33 	.area _GSINIT
                             34 	.area _GSFINAL
                             35 	.area _GSINIT
                             36 ;--------------------------------------------------------
                             37 ; Home
                             38 ;--------------------------------------------------------
                             39 	.area _HOME
                             40 	.area _HOME
                             41 ;--------------------------------------------------------
                             42 ; code
                             43 ;--------------------------------------------------------
                             44 	.area _CODE
                             45 	.area _CODE
   0000                      46 _hud_skull_spr_0:
   0000 F0                   47 	.db #0xf0	; 240
   0001 F0                   48 	.db #0xf0	; 240
   0002 F0                   49 	.db #0xf0	; 240
   0003 F0                   50 	.db #0xf0	; 240
   0004 F0                   51 	.db #0xf0	; 240
   0005 F0                   52 	.db #0xf0	; 240
   0006 F0                   53 	.db #0xf0	; 240
   0007 F0                   54 	.db #0xf0	; 240
   0008 F0                   55 	.db #0xf0	; 240
   0009 F0                   56 	.db #0xf0	; 240
   000A F0                   57 	.db #0xf0	; 240
   000B F0                   58 	.db #0xf0	; 240
   000C F0                   59 	.db #0xf0	; 240
   000D F0                   60 	.db #0xf0	; 240
   000E                      61 _hud_skull_spr_1:
   000E F7                   62 	.db #0xf7	; 247
   000F FE                   63 	.db #0xfe	; 254
   0010 FF                   64 	.db #0xff	; 255
   0011 FF                   65 	.db #0xff	; 255
   0012 F9                   66 	.db #0xf9	; 249
   0013 F9                   67 	.db #0xf9	; 249
   0014 F9                   68 	.db #0xf9	; 249
   0015 F9                   69 	.db #0xf9	; 249
   0016 FF                   70 	.db #0xff	; 255
   0017 FF                   71 	.db #0xff	; 255
   0018 F7                   72 	.db #0xf7	; 247
   0019 FE                   73 	.db #0xfe	; 254
   001A F5                   74 	.db #0xf5	; 245
   001B FA                   75 	.db #0xfa	; 250
   001C                      76 _hud_skull_spr_2:
   001C 87                   77 	.db #0x87	; 135
   001D 1E                   78 	.db #0x1e	; 30
   001E 0F                   79 	.db #0x0f	; 15
   001F 0F                   80 	.db #0x0f	; 15
   0020 4B                   81 	.db #0x4b	; 75	'K'
   0021 2D                   82 	.db #0x2d	; 45
   0022 69                   83 	.db #0x69	; 105	'i'
   0023 69                   84 	.db #0x69	; 105	'i'
   0024 0F                   85 	.db #0x0f	; 15
   0025 0F                   86 	.db #0x0f	; 15
   0026 87                   87 	.db #0x87	; 135
   0027 1E                   88 	.db #0x1e	; 30
   0028 A5                   89 	.db #0xa5	; 165
   0029 5A                   90 	.db #0x5a	; 90	'Z'
                             91 	.area _INITIALIZER
                             92 	.area _CABS (ABS)
