                              1 ;--------------------------------------------------------
                              2 ; File Created by SDCC : free open source ANSI-C Compiler
                              3 ; Version 3.6.8 #9946 (Linux)
                              4 ;--------------------------------------------------------
                              5 	.module OffOnSprites
                              6 	.optsdcc -mz80
                              7 	
                              8 ;--------------------------------------------------------
                              9 ; Public variables in this module
                             10 ;--------------------------------------------------------
                             11 	.globl _offon_spr_2
                             12 	.globl _offon_spr_1
                             13 	.globl _offon_spr_0
                             14 ;--------------------------------------------------------
                             15 ; special function registers
                             16 ;--------------------------------------------------------
                             17 ;--------------------------------------------------------
                             18 ; ram data
                             19 ;--------------------------------------------------------
                             20 	.area _DATA
                             21 ;--------------------------------------------------------
                             22 ; ram data
                             23 ;--------------------------------------------------------
                             24 	.area _INITIALIZED
                             25 ;--------------------------------------------------------
                             26 ; absolute external ram data
                             27 ;--------------------------------------------------------
                             28 	.area _DABS (ABS)
                             29 ;--------------------------------------------------------
                             30 ; global & static initialisations
                             31 ;--------------------------------------------------------
                             32 	.area _HOME
                             33 	.area _GSINIT
                             34 	.area _GSFINAL
                             35 	.area _GSINIT
                             36 ;--------------------------------------------------------
                             37 ; Home
                             38 ;--------------------------------------------------------
                             39 	.area _HOME
                             40 	.area _HOME
                             41 ;--------------------------------------------------------
                             42 ; code
                             43 ;--------------------------------------------------------
                             44 	.area _CODE
                             45 	.area _CODE
   0000                      46 _offon_spr_0:
   0000 1E                   47 	.db #0x1e	; 30
   0001 5A                   48 	.db #0x5a	; 90	'Z'
   0002 5A                   49 	.db #0x5a	; 90	'Z'
   0003 5A                   50 	.db #0x5a	; 90	'Z'
   0004 1E                   51 	.db #0x1e	; 30
   0005                      52 _offon_spr_1:
   0005 3C                   53 	.db #0x3c	; 60
   0006 5A                   54 	.db #0x5a	; 90	'Z'
   0007 5A                   55 	.db #0x5a	; 90	'Z'
   0008 5A                   56 	.db #0x5a	; 90	'Z'
   0009 5A                   57 	.db #0x5a	; 90	'Z'
   000A                      58 _offon_spr_2:
   000A 1E                   59 	.db #0x1e	; 30
   000B 78                   60 	.db #0x78	; 120	'x'
   000C 3C                   61 	.db #0x3c	; 60
   000D 78                   62 	.db #0x78	; 120	'x'
   000E 78                   63 	.db #0x78	; 120	'x'
                             64 	.area _INITIALIZER
                             65 	.area _CABS (ABS)
