                              1 ;--------------------------------------------------------
                              2 ; File Created by SDCC : free open source ANSI-C Compiler
                              3 ; Version 3.6.8 #9946 (Linux)
                              4 ;--------------------------------------------------------
                              5 	.module PlayerSprites
                              6 	.optsdcc -mz80
                              7 	
                              8 ;--------------------------------------------------------
                              9 ; Public variables in this module
                             10 ;--------------------------------------------------------
                             11 	.globl _player_spr_19
                             12 	.globl _player_spr_18
                             13 	.globl _player_spr_17
                             14 	.globl _player_spr_16
                             15 	.globl _player_spr_15
                             16 	.globl _player_spr_14
                             17 	.globl _player_spr_13
                             18 	.globl _player_spr_12
                             19 	.globl _player_spr_11
                             20 	.globl _player_spr_10
                             21 	.globl _player_spr_09
                             22 	.globl _player_spr_08
                             23 	.globl _player_spr_07
                             24 	.globl _player_spr_06
                             25 	.globl _player_spr_05
                             26 	.globl _player_spr_04
                             27 	.globl _player_spr_03
                             28 	.globl _player_spr_02
                             29 	.globl _player_spr_01
                             30 	.globl _player_spr_00
                             31 ;--------------------------------------------------------
                             32 ; special function registers
                             33 ;--------------------------------------------------------
                             34 ;--------------------------------------------------------
                             35 ; ram data
                             36 ;--------------------------------------------------------
                             37 	.area _DATA
                             38 ;--------------------------------------------------------
                             39 ; ram data
                             40 ;--------------------------------------------------------
                             41 	.area _INITIALIZED
                             42 ;--------------------------------------------------------
                             43 ; absolute external ram data
                             44 ;--------------------------------------------------------
                             45 	.area _DABS (ABS)
                             46 ;--------------------------------------------------------
                             47 ; global & static initialisations
                             48 ;--------------------------------------------------------
                             49 	.area _HOME
                             50 	.area _GSINIT
                             51 	.area _GSFINAL
                             52 	.area _GSINIT
                             53 ;--------------------------------------------------------
                             54 ; Home
                             55 ;--------------------------------------------------------
                             56 	.area _HOME
                             57 	.area _HOME
                             58 ;--------------------------------------------------------
                             59 ; code
                             60 ;--------------------------------------------------------
                             61 	.area _CODE
                             62 	.area _CODE
   0000                      63 _player_spr_00:
   0000 FF                   64 	.db #0xff	; 255
   0001 00                   65 	.db #0x00	; 0
   0002 FF                   66 	.db #0xff	; 255
   0003 00                   67 	.db #0x00	; 0
   0004 FF                   68 	.db #0xff	; 255
   0005 00                   69 	.db #0x00	; 0
   0006 00                   70 	.db #0x00	; 0
   0007 3F                   71 	.db #0x3f	; 63
   0008 11                   72 	.db #0x11	; 17
   0009 EE                   73 	.db #0xee	; 238
   000A FF                   74 	.db #0xff	; 255
   000B 00                   75 	.db #0x00	; 0
   000C 00                   76 	.db #0x00	; 0
   000D 3F                   77 	.db #0x3f	; 63
   000E 11                   78 	.db #0x11	; 17
   000F EE                   79 	.db #0xee	; 238
   0010 FF                   80 	.db #0xff	; 255
   0011 00                   81 	.db #0x00	; 0
   0012 00                   82 	.db #0x00	; 0
   0013 3E                   83 	.db #0x3e	; 62
   0014 11                   84 	.db #0x11	; 17
   0015 EC                   85 	.db #0xec	; 236
   0016 FF                   86 	.db #0xff	; 255
   0017 00                   87 	.db #0x00	; 0
   0018 00                   88 	.db #0x00	; 0
   0019 3F                   89 	.db #0x3f	; 63
   001A 11                   90 	.db #0x11	; 17
   001B EE                   91 	.db #0xee	; 238
   001C FF                   92 	.db #0xff	; 255
   001D 00                   93 	.db #0x00	; 0
   001E 00                   94 	.db #0x00	; 0
   001F 3F                   95 	.db #0x3f	; 63
   0020 11                   96 	.db #0x11	; 17
   0021 EE                   97 	.db #0xee	; 238
   0022 FF                   98 	.db #0xff	; 255
   0023 00                   99 	.db #0x00	; 0
   0024 88                  100 	.db #0x88	; 136
   0025 17                  101 	.db #0x17	; 23
   0026 33                  102 	.db #0x33	; 51	'3'
   0027 CC                  103 	.db #0xcc	; 204
   0028 FF                  104 	.db #0xff	; 255
   0029 00                  105 	.db #0x00	; 0
   002A 88                  106 	.db #0x88	; 136
   002B 37                  107 	.db #0x37	; 55	'7'
   002C 33                  108 	.db #0x33	; 51	'3'
   002D CC                  109 	.db #0xcc	; 204
   002E FF                  110 	.db #0xff	; 255
   002F 00                  111 	.db #0x00	; 0
   0030 99                  112 	.db #0x99	; 153
   0031 26                  113 	.db #0x26	; 38
   0032 33                  114 	.db #0x33	; 51	'3'
   0033 4C                  115 	.db #0x4c	; 76	'L'
   0034 FF                  116 	.db #0xff	; 255
   0035 00                  117 	.db #0x00	; 0
   0036                     118 _player_spr_01:
   0036 FF                  119 	.db #0xff	; 255
   0037 00                  120 	.db #0x00	; 0
   0038 FF                  121 	.db #0xff	; 255
   0039 00                  122 	.db #0x00	; 0
   003A FF                  123 	.db #0xff	; 255
   003B 00                  124 	.db #0x00	; 0
   003C 88                  125 	.db #0x88	; 136
   003D 77                  126 	.db #0x77	; 119	'w'
   003E 00                  127 	.db #0x00	; 0
   003F CF                  128 	.db #0xcf	; 207
   0040 FF                  129 	.db #0xff	; 255
   0041 00                  130 	.db #0x00	; 0
   0042 88                  131 	.db #0x88	; 136
   0043 77                  132 	.db #0x77	; 119	'w'
   0044 00                  133 	.db #0x00	; 0
   0045 CF                  134 	.db #0xcf	; 207
   0046 FF                  135 	.db #0xff	; 255
   0047 00                  136 	.db #0x00	; 0
   0048 88                  137 	.db #0x88	; 136
   0049 73                  138 	.db #0x73	; 115	's'
   004A 00                  139 	.db #0x00	; 0
   004B C7                  140 	.db #0xc7	; 199
   004C FF                  141 	.db #0xff	; 255
   004D 00                  142 	.db #0x00	; 0
   004E 88                  143 	.db #0x88	; 136
   004F 77                  144 	.db #0x77	; 119	'w'
   0050 00                  145 	.db #0x00	; 0
   0051 CF                  146 	.db #0xcf	; 207
   0052 FF                  147 	.db #0xff	; 255
   0053 00                  148 	.db #0x00	; 0
   0054 88                  149 	.db #0x88	; 136
   0055 77                  150 	.db #0x77	; 119	'w'
   0056 00                  151 	.db #0x00	; 0
   0057 CF                  152 	.db #0xcf	; 207
   0058 FF                  153 	.db #0xff	; 255
   0059 00                  154 	.db #0x00	; 0
   005A CC                  155 	.db #0xcc	; 204
   005B 33                  156 	.db #0x33	; 51	'3'
   005C 11                  157 	.db #0x11	; 17
   005D 8E                  158 	.db #0x8e	; 142
   005E FF                  159 	.db #0xff	; 255
   005F 00                  160 	.db #0x00	; 0
   0060 CC                  161 	.db #0xcc	; 204
   0061 33                  162 	.db #0x33	; 51	'3'
   0062 11                  163 	.db #0x11	; 17
   0063 CE                  164 	.db #0xce	; 206
   0064 FF                  165 	.db #0xff	; 255
   0065 00                  166 	.db #0x00	; 0
   0066 CC                  167 	.db #0xcc	; 204
   0067 23                  168 	.db #0x23	; 35
   0068 99                  169 	.db #0x99	; 153
   0069 46                  170 	.db #0x46	; 70	'F'
   006A FF                  171 	.db #0xff	; 255
   006B 00                  172 	.db #0x00	; 0
   006C                     173 _player_spr_02:
   006C FF                  174 	.db #0xff	; 255
   006D 00                  175 	.db #0x00	; 0
   006E FF                  176 	.db #0xff	; 255
   006F 00                  177 	.db #0x00	; 0
   0070 FF                  178 	.db #0xff	; 255
   0071 00                  179 	.db #0x00	; 0
   0072 CC                  180 	.db #0xcc	; 204
   0073 03                  181 	.db #0x03	; 3
   0074 00                  182 	.db #0x00	; 0
   0075 FF                  183 	.db #0xff	; 255
   0076 77                  184 	.db #0x77	; 119	'w'
   0077 88                  185 	.db #0x88	; 136
   0078 CC                  186 	.db #0xcc	; 204
   0079 03                  187 	.db #0x03	; 3
   007A 00                  188 	.db #0x00	; 0
   007B FF                  189 	.db #0xff	; 255
   007C 77                  190 	.db #0x77	; 119	'w'
   007D 88                  191 	.db #0x88	; 136
   007E CC                  192 	.db #0xcc	; 204
   007F 03                  193 	.db #0x03	; 3
   0080 00                  194 	.db #0x00	; 0
   0081 FB                  195 	.db #0xfb	; 251
   0082 77                  196 	.db #0x77	; 119	'w'
   0083 80                  197 	.db #0x80	; 128
   0084 CC                  198 	.db #0xcc	; 204
   0085 03                  199 	.db #0x03	; 3
   0086 00                  200 	.db #0x00	; 0
   0087 FF                  201 	.db #0xff	; 255
   0088 77                  202 	.db #0x77	; 119	'w'
   0089 88                  203 	.db #0x88	; 136
   008A CC                  204 	.db #0xcc	; 204
   008B 03                  205 	.db #0x03	; 3
   008C 00                  206 	.db #0x00	; 0
   008D FF                  207 	.db #0xff	; 255
   008E 77                  208 	.db #0x77	; 119	'w'
   008F 88                  209 	.db #0x88	; 136
   0090 EE                  210 	.db #0xee	; 238
   0091 01                  211 	.db #0x01	; 1
   0092 00                  212 	.db #0x00	; 0
   0093 7F                  213 	.db #0x7f	; 127
   0094 FF                  214 	.db #0xff	; 255
   0095 00                  215 	.db #0x00	; 0
   0096 EE                  216 	.db #0xee	; 238
   0097 01                  217 	.db #0x01	; 1
   0098 00                  218 	.db #0x00	; 0
   0099 FF                  219 	.db #0xff	; 255
   009A FF                  220 	.db #0xff	; 255
   009B 00                  221 	.db #0x00	; 0
   009C EE                  222 	.db #0xee	; 238
   009D 01                  223 	.db #0x01	; 1
   009E 44                  224 	.db #0x44	; 68	'D'
   009F 9B                  225 	.db #0x9b	; 155
   00A0 FF                  226 	.db #0xff	; 255
   00A1 00                  227 	.db #0x00	; 0
   00A2                     228 _player_spr_03:
   00A2 FF                  229 	.db #0xff	; 255
   00A3 00                  230 	.db #0x00	; 0
   00A4 FF                  231 	.db #0xff	; 255
   00A5 00                  232 	.db #0x00	; 0
   00A6 FF                  233 	.db #0xff	; 255
   00A7 00                  234 	.db #0x00	; 0
   00A8 EE                  235 	.db #0xee	; 238
   00A9 11                  236 	.db #0x11	; 17
   00AA 00                  237 	.db #0x00	; 0
   00AB FF                  238 	.db #0xff	; 255
   00AC 33                  239 	.db #0x33	; 51	'3'
   00AD 0C                  240 	.db #0x0c	; 12
   00AE EE                  241 	.db #0xee	; 238
   00AF 11                  242 	.db #0x11	; 17
   00B0 00                  243 	.db #0x00	; 0
   00B1 FF                  244 	.db #0xff	; 255
   00B2 33                  245 	.db #0x33	; 51	'3'
   00B3 0C                  246 	.db #0x0c	; 12
   00B4 EE                  247 	.db #0xee	; 238
   00B5 10                  248 	.db #0x10	; 16
   00B6 00                  249 	.db #0x00	; 0
   00B7 FD                  250 	.db #0xfd	; 253
   00B8 33                  251 	.db #0x33	; 51	'3'
   00B9 0C                  252 	.db #0x0c	; 12
   00BA EE                  253 	.db #0xee	; 238
   00BB 11                  254 	.db #0x11	; 17
   00BC 00                  255 	.db #0x00	; 0
   00BD FF                  256 	.db #0xff	; 255
   00BE 33                  257 	.db #0x33	; 51	'3'
   00BF 0C                  258 	.db #0x0c	; 12
   00C0 EE                  259 	.db #0xee	; 238
   00C1 11                  260 	.db #0x11	; 17
   00C2 00                  261 	.db #0x00	; 0
   00C3 FF                  262 	.db #0xff	; 255
   00C4 33                  263 	.db #0x33	; 51	'3'
   00C5 0C                  264 	.db #0x0c	; 12
   00C6 FF                  265 	.db #0xff	; 255
   00C7 00                  266 	.db #0x00	; 0
   00C8 00                  267 	.db #0x00	; 0
   00C9 EF                  268 	.db #0xef	; 239
   00CA 77                  269 	.db #0x77	; 119	'w'
   00CB 08                  270 	.db #0x08	; 8
   00CC FF                  271 	.db #0xff	; 255
   00CD 00                  272 	.db #0x00	; 0
   00CE 00                  273 	.db #0x00	; 0
   00CF FF                  274 	.db #0xff	; 255
   00D0 77                  275 	.db #0x77	; 119	'w'
   00D1 08                  276 	.db #0x08	; 8
   00D2 FF                  277 	.db #0xff	; 255
   00D3 00                  278 	.db #0x00	; 0
   00D4 22                  279 	.db #0x22	; 34
   00D5 9D                  280 	.db #0x9d	; 157
   00D6 77                  281 	.db #0x77	; 119	'w'
   00D7 08                  282 	.db #0x08	; 8
   00D8                     283 _player_spr_04:
   00D8 00                  284 	.db #0x00	; 0
   00D9 3F                  285 	.db #0x3f	; 63
   00DA 11                  286 	.db #0x11	; 17
   00DB EE                  287 	.db #0xee	; 238
   00DC FF                  288 	.db #0xff	; 255
   00DD 00                  289 	.db #0x00	; 0
   00DE 00                  290 	.db #0x00	; 0
   00DF 3F                  291 	.db #0x3f	; 63
   00E0 11                  292 	.db #0x11	; 17
   00E1 EE                  293 	.db #0xee	; 238
   00E2 FF                  294 	.db #0xff	; 255
   00E3 00                  295 	.db #0x00	; 0
   00E4 00                  296 	.db #0x00	; 0
   00E5 3E                  297 	.db #0x3e	; 62
   00E6 11                  298 	.db #0x11	; 17
   00E7 EC                  299 	.db #0xec	; 236
   00E8 FF                  300 	.db #0xff	; 255
   00E9 00                  301 	.db #0x00	; 0
   00EA 00                  302 	.db #0x00	; 0
   00EB 3F                  303 	.db #0x3f	; 63
   00EC 11                  304 	.db #0x11	; 17
   00ED EE                  305 	.db #0xee	; 238
   00EE FF                  306 	.db #0xff	; 255
   00EF 00                  307 	.db #0x00	; 0
   00F0 00                  308 	.db #0x00	; 0
   00F1 3F                  309 	.db #0x3f	; 63
   00F2 11                  310 	.db #0x11	; 17
   00F3 EE                  311 	.db #0xee	; 238
   00F4 FF                  312 	.db #0xff	; 255
   00F5 00                  313 	.db #0x00	; 0
   00F6 88                  314 	.db #0x88	; 136
   00F7 17                  315 	.db #0x17	; 23
   00F8 33                  316 	.db #0x33	; 51	'3'
   00F9 CC                  317 	.db #0xcc	; 204
   00FA FF                  318 	.db #0xff	; 255
   00FB 00                  319 	.db #0x00	; 0
   00FC 88                  320 	.db #0x88	; 136
   00FD 37                  321 	.db #0x37	; 55	'7'
   00FE 33                  322 	.db #0x33	; 51	'3'
   00FF CC                  323 	.db #0xcc	; 204
   0100 FF                  324 	.db #0xff	; 255
   0101 00                  325 	.db #0x00	; 0
   0102 33                  326 	.db #0x33	; 51	'3'
   0103 4C                  327 	.db #0x4c	; 76	'L'
   0104 99                  328 	.db #0x99	; 153
   0105 26                  329 	.db #0x26	; 38
   0106 FF                  330 	.db #0xff	; 255
   0107 00                  331 	.db #0x00	; 0
   0108 FF                  332 	.db #0xff	; 255
   0109 00                  333 	.db #0x00	; 0
   010A FF                  334 	.db #0xff	; 255
   010B 00                  335 	.db #0x00	; 0
   010C FF                  336 	.db #0xff	; 255
   010D 00                  337 	.db #0x00	; 0
   010E                     338 _player_spr_05:
   010E 88                  339 	.db #0x88	; 136
   010F 77                  340 	.db #0x77	; 119	'w'
   0110 00                  341 	.db #0x00	; 0
   0111 CF                  342 	.db #0xcf	; 207
   0112 FF                  343 	.db #0xff	; 255
   0113 00                  344 	.db #0x00	; 0
   0114 88                  345 	.db #0x88	; 136
   0115 77                  346 	.db #0x77	; 119	'w'
   0116 00                  347 	.db #0x00	; 0
   0117 CF                  348 	.db #0xcf	; 207
   0118 FF                  349 	.db #0xff	; 255
   0119 00                  350 	.db #0x00	; 0
   011A 88                  351 	.db #0x88	; 136
   011B 73                  352 	.db #0x73	; 115	's'
   011C 00                  353 	.db #0x00	; 0
   011D C7                  354 	.db #0xc7	; 199
   011E FF                  355 	.db #0xff	; 255
   011F 00                  356 	.db #0x00	; 0
   0120 88                  357 	.db #0x88	; 136
   0121 77                  358 	.db #0x77	; 119	'w'
   0122 00                  359 	.db #0x00	; 0
   0123 CF                  360 	.db #0xcf	; 207
   0124 FF                  361 	.db #0xff	; 255
   0125 00                  362 	.db #0x00	; 0
   0126 88                  363 	.db #0x88	; 136
   0127 77                  364 	.db #0x77	; 119	'w'
   0128 00                  365 	.db #0x00	; 0
   0129 CF                  366 	.db #0xcf	; 207
   012A FF                  367 	.db #0xff	; 255
   012B 00                  368 	.db #0x00	; 0
   012C CC                  369 	.db #0xcc	; 204
   012D 33                  370 	.db #0x33	; 51	'3'
   012E 11                  371 	.db #0x11	; 17
   012F 8E                  372 	.db #0x8e	; 142
   0130 FF                  373 	.db #0xff	; 255
   0131 00                  374 	.db #0x00	; 0
   0132 CC                  375 	.db #0xcc	; 204
   0133 33                  376 	.db #0x33	; 51	'3'
   0134 11                  377 	.db #0x11	; 17
   0135 CE                  378 	.db #0xce	; 206
   0136 FF                  379 	.db #0xff	; 255
   0137 00                  380 	.db #0x00	; 0
   0138 99                  381 	.db #0x99	; 153
   0139 46                  382 	.db #0x46	; 70	'F'
   013A CC                  383 	.db #0xcc	; 204
   013B 23                  384 	.db #0x23	; 35
   013C FF                  385 	.db #0xff	; 255
   013D 00                  386 	.db #0x00	; 0
   013E FF                  387 	.db #0xff	; 255
   013F 00                  388 	.db #0x00	; 0
   0140 FF                  389 	.db #0xff	; 255
   0141 00                  390 	.db #0x00	; 0
   0142 FF                  391 	.db #0xff	; 255
   0143 00                  392 	.db #0x00	; 0
   0144                     393 _player_spr_06:
   0144 CC                  394 	.db #0xcc	; 204
   0145 03                  395 	.db #0x03	; 3
   0146 00                  396 	.db #0x00	; 0
   0147 FF                  397 	.db #0xff	; 255
   0148 77                  398 	.db #0x77	; 119	'w'
   0149 88                  399 	.db #0x88	; 136
   014A CC                  400 	.db #0xcc	; 204
   014B 03                  401 	.db #0x03	; 3
   014C 00                  402 	.db #0x00	; 0
   014D FF                  403 	.db #0xff	; 255
   014E 77                  404 	.db #0x77	; 119	'w'
   014F 88                  405 	.db #0x88	; 136
   0150 CC                  406 	.db #0xcc	; 204
   0151 03                  407 	.db #0x03	; 3
   0152 00                  408 	.db #0x00	; 0
   0153 FB                  409 	.db #0xfb	; 251
   0154 77                  410 	.db #0x77	; 119	'w'
   0155 80                  411 	.db #0x80	; 128
   0156 CC                  412 	.db #0xcc	; 204
   0157 03                  413 	.db #0x03	; 3
   0158 00                  414 	.db #0x00	; 0
   0159 FF                  415 	.db #0xff	; 255
   015A 77                  416 	.db #0x77	; 119	'w'
   015B 88                  417 	.db #0x88	; 136
   015C CC                  418 	.db #0xcc	; 204
   015D 03                  419 	.db #0x03	; 3
   015E 00                  420 	.db #0x00	; 0
   015F FF                  421 	.db #0xff	; 255
   0160 77                  422 	.db #0x77	; 119	'w'
   0161 88                  423 	.db #0x88	; 136
   0162 EE                  424 	.db #0xee	; 238
   0163 01                  425 	.db #0x01	; 1
   0164 00                  426 	.db #0x00	; 0
   0165 7F                  427 	.db #0x7f	; 127
   0166 FF                  428 	.db #0xff	; 255
   0167 00                  429 	.db #0x00	; 0
   0168 EE                  430 	.db #0xee	; 238
   0169 01                  431 	.db #0x01	; 1
   016A 00                  432 	.db #0x00	; 0
   016B FF                  433 	.db #0xff	; 255
   016C FF                  434 	.db #0xff	; 255
   016D 00                  435 	.db #0x00	; 0
   016E CC                  436 	.db #0xcc	; 204
   016F 13                  437 	.db #0x13	; 19
   0170 EE                  438 	.db #0xee	; 238
   0171 01                  439 	.db #0x01	; 1
   0172 77                  440 	.db #0x77	; 119	'w'
   0173 88                  441 	.db #0x88	; 136
   0174 FF                  442 	.db #0xff	; 255
   0175 00                  443 	.db #0x00	; 0
   0176 FF                  444 	.db #0xff	; 255
   0177 00                  445 	.db #0x00	; 0
   0178 FF                  446 	.db #0xff	; 255
   0179 00                  447 	.db #0x00	; 0
   017A                     448 _player_spr_07:
   017A EE                  449 	.db #0xee	; 238
   017B 11                  450 	.db #0x11	; 17
   017C 00                  451 	.db #0x00	; 0
   017D FF                  452 	.db #0xff	; 255
   017E 33                  453 	.db #0x33	; 51	'3'
   017F 0C                  454 	.db #0x0c	; 12
   0180 EE                  455 	.db #0xee	; 238
   0181 11                  456 	.db #0x11	; 17
   0182 00                  457 	.db #0x00	; 0
   0183 FF                  458 	.db #0xff	; 255
   0184 33                  459 	.db #0x33	; 51	'3'
   0185 0C                  460 	.db #0x0c	; 12
   0186 EE                  461 	.db #0xee	; 238
   0187 10                  462 	.db #0x10	; 16
   0188 00                  463 	.db #0x00	; 0
   0189 FD                  464 	.db #0xfd	; 253
   018A 33                  465 	.db #0x33	; 51	'3'
   018B 0C                  466 	.db #0x0c	; 12
   018C EE                  467 	.db #0xee	; 238
   018D 11                  468 	.db #0x11	; 17
   018E 00                  469 	.db #0x00	; 0
   018F FF                  470 	.db #0xff	; 255
   0190 33                  471 	.db #0x33	; 51	'3'
   0191 0C                  472 	.db #0x0c	; 12
   0192 EE                  473 	.db #0xee	; 238
   0193 11                  474 	.db #0x11	; 17
   0194 00                  475 	.db #0x00	; 0
   0195 FF                  476 	.db #0xff	; 255
   0196 33                  477 	.db #0x33	; 51	'3'
   0197 0C                  478 	.db #0x0c	; 12
   0198 FF                  479 	.db #0xff	; 255
   0199 00                  480 	.db #0x00	; 0
   019A 00                  481 	.db #0x00	; 0
   019B EF                  482 	.db #0xef	; 239
   019C 77                  483 	.db #0x77	; 119	'w'
   019D 08                  484 	.db #0x08	; 8
   019E FF                  485 	.db #0xff	; 255
   019F 00                  486 	.db #0x00	; 0
   01A0 00                  487 	.db #0x00	; 0
   01A1 FF                  488 	.db #0xff	; 255
   01A2 77                  489 	.db #0x77	; 119	'w'
   01A3 08                  490 	.db #0x08	; 8
   01A4 EE                  491 	.db #0xee	; 238
   01A5 11                  492 	.db #0x11	; 17
   01A6 77                  493 	.db #0x77	; 119	'w'
   01A7 08                  494 	.db #0x08	; 8
   01A8 33                  495 	.db #0x33	; 51	'3'
   01A9 8C                  496 	.db #0x8c	; 140
   01AA FF                  497 	.db #0xff	; 255
   01AB 00                  498 	.db #0x00	; 0
   01AC FF                  499 	.db #0xff	; 255
   01AD 00                  500 	.db #0x00	; 0
   01AE FF                  501 	.db #0xff	; 255
   01AF 00                  502 	.db #0x00	; 0
   01B0                     503 _player_spr_08:
   01B0 00                  504 	.db #0x00	; 0
   01B1 3F                  505 	.db #0x3f	; 63
   01B2 11                  506 	.db #0x11	; 17
   01B3 EE                  507 	.db #0xee	; 238
   01B4 FF                  508 	.db #0xff	; 255
   01B5 00                  509 	.db #0x00	; 0
   01B6 00                  510 	.db #0x00	; 0
   01B7 3F                  511 	.db #0x3f	; 63
   01B8 11                  512 	.db #0x11	; 17
   01B9 EE                  513 	.db #0xee	; 238
   01BA FF                  514 	.db #0xff	; 255
   01BB 00                  515 	.db #0x00	; 0
   01BC 00                  516 	.db #0x00	; 0
   01BD 3E                  517 	.db #0x3e	; 62
   01BE 11                  518 	.db #0x11	; 17
   01BF EC                  519 	.db #0xec	; 236
   01C0 FF                  520 	.db #0xff	; 255
   01C1 00                  521 	.db #0x00	; 0
   01C2 00                  522 	.db #0x00	; 0
   01C3 3F                  523 	.db #0x3f	; 63
   01C4 11                  524 	.db #0x11	; 17
   01C5 EE                  525 	.db #0xee	; 238
   01C6 FF                  526 	.db #0xff	; 255
   01C7 00                  527 	.db #0x00	; 0
   01C8 00                  528 	.db #0x00	; 0
   01C9 3F                  529 	.db #0x3f	; 63
   01CA 11                  530 	.db #0x11	; 17
   01CB EE                  531 	.db #0xee	; 238
   01CC FF                  532 	.db #0xff	; 255
   01CD 00                  533 	.db #0x00	; 0
   01CE 88                  534 	.db #0x88	; 136
   01CF 17                  535 	.db #0x17	; 23
   01D0 33                  536 	.db #0x33	; 51	'3'
   01D1 CC                  537 	.db #0xcc	; 204
   01D2 FF                  538 	.db #0xff	; 255
   01D3 00                  539 	.db #0x00	; 0
   01D4 88                  540 	.db #0x88	; 136
   01D5 37                  541 	.db #0x37	; 55	'7'
   01D6 33                  542 	.db #0x33	; 51	'3'
   01D7 CC                  543 	.db #0xcc	; 204
   01D8 FF                  544 	.db #0xff	; 255
   01D9 00                  545 	.db #0x00	; 0
   01DA CC                  546 	.db #0xcc	; 204
   01DB 13                  547 	.db #0x13	; 19
   01DC 77                  548 	.db #0x77	; 119	'w'
   01DD 08                  549 	.db #0x08	; 8
   01DE FF                  550 	.db #0xff	; 255
   01DF 00                  551 	.db #0x00	; 0
   01E0 FF                  552 	.db #0xff	; 255
   01E1 00                  553 	.db #0x00	; 0
   01E2 FF                  554 	.db #0xff	; 255
   01E3 00                  555 	.db #0x00	; 0
   01E4 FF                  556 	.db #0xff	; 255
   01E5 00                  557 	.db #0x00	; 0
   01E6                     558 _player_spr_09:
   01E6 88                  559 	.db #0x88	; 136
   01E7 77                  560 	.db #0x77	; 119	'w'
   01E8 00                  561 	.db #0x00	; 0
   01E9 CF                  562 	.db #0xcf	; 207
   01EA FF                  563 	.db #0xff	; 255
   01EB 00                  564 	.db #0x00	; 0
   01EC 88                  565 	.db #0x88	; 136
   01ED 77                  566 	.db #0x77	; 119	'w'
   01EE 00                  567 	.db #0x00	; 0
   01EF CF                  568 	.db #0xcf	; 207
   01F0 FF                  569 	.db #0xff	; 255
   01F1 00                  570 	.db #0x00	; 0
   01F2 88                  571 	.db #0x88	; 136
   01F3 73                  572 	.db #0x73	; 115	's'
   01F4 00                  573 	.db #0x00	; 0
   01F5 C7                  574 	.db #0xc7	; 199
   01F6 FF                  575 	.db #0xff	; 255
   01F7 00                  576 	.db #0x00	; 0
   01F8 88                  577 	.db #0x88	; 136
   01F9 77                  578 	.db #0x77	; 119	'w'
   01FA 00                  579 	.db #0x00	; 0
   01FB CF                  580 	.db #0xcf	; 207
   01FC FF                  581 	.db #0xff	; 255
   01FD 00                  582 	.db #0x00	; 0
   01FE 88                  583 	.db #0x88	; 136
   01FF 77                  584 	.db #0x77	; 119	'w'
   0200 00                  585 	.db #0x00	; 0
   0201 CF                  586 	.db #0xcf	; 207
   0202 FF                  587 	.db #0xff	; 255
   0203 00                  588 	.db #0x00	; 0
   0204 CC                  589 	.db #0xcc	; 204
   0205 33                  590 	.db #0x33	; 51	'3'
   0206 11                  591 	.db #0x11	; 17
   0207 8E                  592 	.db #0x8e	; 142
   0208 FF                  593 	.db #0xff	; 255
   0209 00                  594 	.db #0x00	; 0
   020A CC                  595 	.db #0xcc	; 204
   020B 33                  596 	.db #0x33	; 51	'3'
   020C 11                  597 	.db #0x11	; 17
   020D CE                  598 	.db #0xce	; 206
   020E FF                  599 	.db #0xff	; 255
   020F 00                  600 	.db #0x00	; 0
   0210 EE                  601 	.db #0xee	; 238
   0211 01                  602 	.db #0x01	; 1
   0212 33                  603 	.db #0x33	; 51	'3'
   0213 8C                  604 	.db #0x8c	; 140
   0214 FF                  605 	.db #0xff	; 255
   0215 00                  606 	.db #0x00	; 0
   0216 FF                  607 	.db #0xff	; 255
   0217 00                  608 	.db #0x00	; 0
   0218 FF                  609 	.db #0xff	; 255
   0219 00                  610 	.db #0x00	; 0
   021A FF                  611 	.db #0xff	; 255
   021B 00                  612 	.db #0x00	; 0
   021C                     613 _player_spr_10:
   021C CC                  614 	.db #0xcc	; 204
   021D 03                  615 	.db #0x03	; 3
   021E 00                  616 	.db #0x00	; 0
   021F FF                  617 	.db #0xff	; 255
   0220 77                  618 	.db #0x77	; 119	'w'
   0221 88                  619 	.db #0x88	; 136
   0222 CC                  620 	.db #0xcc	; 204
   0223 03                  621 	.db #0x03	; 3
   0224 00                  622 	.db #0x00	; 0
   0225 FF                  623 	.db #0xff	; 255
   0226 77                  624 	.db #0x77	; 119	'w'
   0227 88                  625 	.db #0x88	; 136
   0228 CC                  626 	.db #0xcc	; 204
   0229 03                  627 	.db #0x03	; 3
   022A 00                  628 	.db #0x00	; 0
   022B FB                  629 	.db #0xfb	; 251
   022C 77                  630 	.db #0x77	; 119	'w'
   022D 80                  631 	.db #0x80	; 128
   022E CC                  632 	.db #0xcc	; 204
   022F 03                  633 	.db #0x03	; 3
   0230 00                  634 	.db #0x00	; 0
   0231 FF                  635 	.db #0xff	; 255
   0232 77                  636 	.db #0x77	; 119	'w'
   0233 88                  637 	.db #0x88	; 136
   0234 CC                  638 	.db #0xcc	; 204
   0235 03                  639 	.db #0x03	; 3
   0236 00                  640 	.db #0x00	; 0
   0237 FF                  641 	.db #0xff	; 255
   0238 77                  642 	.db #0x77	; 119	'w'
   0239 88                  643 	.db #0x88	; 136
   023A EE                  644 	.db #0xee	; 238
   023B 01                  645 	.db #0x01	; 1
   023C 00                  646 	.db #0x00	; 0
   023D 7F                  647 	.db #0x7f	; 127
   023E FF                  648 	.db #0xff	; 255
   023F 00                  649 	.db #0x00	; 0
   0240 EE                  650 	.db #0xee	; 238
   0241 01                  651 	.db #0x01	; 1
   0242 00                  652 	.db #0x00	; 0
   0243 FF                  653 	.db #0xff	; 255
   0244 FF                  654 	.db #0xff	; 255
   0245 00                  655 	.db #0x00	; 0
   0246 FF                  656 	.db #0xff	; 255
   0247 00                  657 	.db #0x00	; 0
   0248 11                  658 	.db #0x11	; 17
   0249 4E                  659 	.db #0x4e	; 78	'N'
   024A FF                  660 	.db #0xff	; 255
   024B 00                  661 	.db #0x00	; 0
   024C FF                  662 	.db #0xff	; 255
   024D 00                  663 	.db #0x00	; 0
   024E FF                  664 	.db #0xff	; 255
   024F 00                  665 	.db #0x00	; 0
   0250 FF                  666 	.db #0xff	; 255
   0251 00                  667 	.db #0x00	; 0
   0252                     668 _player_spr_11:
   0252 EE                  669 	.db #0xee	; 238
   0253 11                  670 	.db #0x11	; 17
   0254 00                  671 	.db #0x00	; 0
   0255 FF                  672 	.db #0xff	; 255
   0256 33                  673 	.db #0x33	; 51	'3'
   0257 0C                  674 	.db #0x0c	; 12
   0258 EE                  675 	.db #0xee	; 238
   0259 11                  676 	.db #0x11	; 17
   025A 00                  677 	.db #0x00	; 0
   025B FF                  678 	.db #0xff	; 255
   025C 33                  679 	.db #0x33	; 51	'3'
   025D 0C                  680 	.db #0x0c	; 12
   025E EE                  681 	.db #0xee	; 238
   025F 10                  682 	.db #0x10	; 16
   0260 00                  683 	.db #0x00	; 0
   0261 FD                  684 	.db #0xfd	; 253
   0262 33                  685 	.db #0x33	; 51	'3'
   0263 0C                  686 	.db #0x0c	; 12
   0264 EE                  687 	.db #0xee	; 238
   0265 11                  688 	.db #0x11	; 17
   0266 00                  689 	.db #0x00	; 0
   0267 FF                  690 	.db #0xff	; 255
   0268 33                  691 	.db #0x33	; 51	'3'
   0269 0C                  692 	.db #0x0c	; 12
   026A EE                  693 	.db #0xee	; 238
   026B 11                  694 	.db #0x11	; 17
   026C 00                  695 	.db #0x00	; 0
   026D FF                  696 	.db #0xff	; 255
   026E 33                  697 	.db #0x33	; 51	'3'
   026F 0C                  698 	.db #0x0c	; 12
   0270 FF                  699 	.db #0xff	; 255
   0271 00                  700 	.db #0x00	; 0
   0272 00                  701 	.db #0x00	; 0
   0273 EF                  702 	.db #0xef	; 239
   0274 77                  703 	.db #0x77	; 119	'w'
   0275 08                  704 	.db #0x08	; 8
   0276 FF                  705 	.db #0xff	; 255
   0277 00                  706 	.db #0x00	; 0
   0278 00                  707 	.db #0x00	; 0
   0279 FF                  708 	.db #0xff	; 255
   027A 77                  709 	.db #0x77	; 119	'w'
   027B 08                  710 	.db #0x08	; 8
   027C FF                  711 	.db #0xff	; 255
   027D 00                  712 	.db #0x00	; 0
   027E 88                  713 	.db #0x88	; 136
   027F 27                  714 	.db #0x27	; 39
   0280 FF                  715 	.db #0xff	; 255
   0281 00                  716 	.db #0x00	; 0
   0282 FF                  717 	.db #0xff	; 255
   0283 00                  718 	.db #0x00	; 0
   0284 FF                  719 	.db #0xff	; 255
   0285 00                  720 	.db #0x00	; 0
   0286 FF                  721 	.db #0xff	; 255
   0287 00                  722 	.db #0x00	; 0
   0288                     723 _player_spr_12:
   0288 FF                  724 	.db #0xff	; 255
   0289 00                  725 	.db #0x00	; 0
   028A FF                  726 	.db #0xff	; 255
   028B 00                  727 	.db #0x00	; 0
   028C FF                  728 	.db #0xff	; 255
   028D 00                  729 	.db #0x00	; 0
   028E CC                  730 	.db #0xcc	; 204
   028F 33                  731 	.db #0x33	; 51	'3'
   0290 00                  732 	.db #0x00	; 0
   0291 EF                  733 	.db #0xef	; 239
   0292 FF                  734 	.db #0xff	; 255
   0293 00                  735 	.db #0x00	; 0
   0294 CC                  736 	.db #0xcc	; 204
   0295 33                  737 	.db #0x33	; 51	'3'
   0296 00                  738 	.db #0x00	; 0
   0297 EF                  739 	.db #0xef	; 239
   0298 FF                  740 	.db #0xff	; 255
   0299 00                  741 	.db #0x00	; 0
   029A CC                  742 	.db #0xcc	; 204
   029B 32                  743 	.db #0x32	; 50	'2'
   029C 00                  744 	.db #0x00	; 0
   029D ED                  745 	.db #0xed	; 237
   029E FF                  746 	.db #0xff	; 255
   029F 00                  747 	.db #0x00	; 0
   02A0 CC                  748 	.db #0xcc	; 204
   02A1 33                  749 	.db #0x33	; 51	'3'
   02A2 00                  750 	.db #0x00	; 0
   02A3 EF                  751 	.db #0xef	; 239
   02A4 FF                  752 	.db #0xff	; 255
   02A5 00                  753 	.db #0x00	; 0
   02A6 CC                  754 	.db #0xcc	; 204
   02A7 33                  755 	.db #0x33	; 51	'3'
   02A8 00                  756 	.db #0x00	; 0
   02A9 EF                  757 	.db #0xef	; 239
   02AA FF                  758 	.db #0xff	; 255
   02AB 00                  759 	.db #0x00	; 0
   02AC FF                  760 	.db #0xff	; 255
   02AD 00                  761 	.db #0x00	; 0
   02AE 00                  762 	.db #0x00	; 0
   02AF CF                  763 	.db #0xcf	; 207
   02B0 FF                  764 	.db #0xff	; 255
   02B1 00                  765 	.db #0x00	; 0
   02B2 FF                  766 	.db #0xff	; 255
   02B3 00                  767 	.db #0x00	; 0
   02B4 00                  768 	.db #0x00	; 0
   02B5 EF                  769 	.db #0xef	; 239
   02B6 FF                  770 	.db #0xff	; 255
   02B7 00                  771 	.db #0x00	; 0
   02B8 FF                  772 	.db #0xff	; 255
   02B9 00                  773 	.db #0x00	; 0
   02BA 88                  774 	.db #0x88	; 136
   02BB 57                  775 	.db #0x57	; 87	'W'
   02BC FF                  776 	.db #0xff	; 255
   02BD 00                  777 	.db #0x00	; 0
   02BE                     778 _player_spr_13:
   02BE FF                  779 	.db #0xff	; 255
   02BF 00                  780 	.db #0x00	; 0
   02C0 FF                  781 	.db #0xff	; 255
   02C1 00                  782 	.db #0x00	; 0
   02C2 FF                  783 	.db #0xff	; 255
   02C3 00                  784 	.db #0x00	; 0
   02C4 FF                  785 	.db #0xff	; 255
   02C5 00                  786 	.db #0x00	; 0
   02C6 77                  787 	.db #0x77	; 119	'w'
   02C7 08                  788 	.db #0x08	; 8
   02C8 FF                  789 	.db #0xff	; 255
   02C9 00                  790 	.db #0x00	; 0
   02CA FF                  791 	.db #0xff	; 255
   02CB 00                  792 	.db #0x00	; 0
   02CC 77                  793 	.db #0x77	; 119	'w'
   02CD 08                  794 	.db #0x08	; 8
   02CE FF                  795 	.db #0xff	; 255
   02CF 00                  796 	.db #0x00	; 0
   02D0 DD                  797 	.db #0xdd	; 221
   02D1 02                  798 	.db #0x02	; 2
   02D2 77                  799 	.db #0x77	; 119	'w'
   02D3 08                  800 	.db #0x08	; 8
   02D4 FF                  801 	.db #0xff	; 255
   02D5 00                  802 	.db #0x00	; 0
   02D6 DD                  803 	.db #0xdd	; 221
   02D7 02                  804 	.db #0x02	; 2
   02D8 55                  805 	.db #0x55	; 85	'U'
   02D9 0A                  806 	.db #0x0a	; 10
   02DA FF                  807 	.db #0xff	; 255
   02DB 00                  808 	.db #0x00	; 0
   02DC FF                  809 	.db #0xff	; 255
   02DD 00                  810 	.db #0x00	; 0
   02DE 55                  811 	.db #0x55	; 85	'U'
   02DF 0A                  812 	.db #0x0a	; 10
   02E0 FF                  813 	.db #0xff	; 255
   02E1 00                  814 	.db #0x00	; 0
   02E2 FF                  815 	.db #0xff	; 255
   02E3 00                  816 	.db #0x00	; 0
   02E4 77                  817 	.db #0x77	; 119	'w'
   02E5 08                  818 	.db #0x08	; 8
   02E6 FF                  819 	.db #0xff	; 255
   02E7 00                  820 	.db #0x00	; 0
   02E8 FF                  821 	.db #0xff	; 255
   02E9 00                  822 	.db #0x00	; 0
   02EA 77                  823 	.db #0x77	; 119	'w'
   02EB 08                  824 	.db #0x08	; 8
   02EC FF                  825 	.db #0xff	; 255
   02ED 00                  826 	.db #0x00	; 0
   02EE FF                  827 	.db #0xff	; 255
   02EF 00                  828 	.db #0x00	; 0
   02F0 FF                  829 	.db #0xff	; 255
   02F1 00                  830 	.db #0x00	; 0
   02F2 FF                  831 	.db #0xff	; 255
   02F3 00                  832 	.db #0x00	; 0
   02F4                     833 _player_spr_14:
   02F4 FF                  834 	.db #0xff	; 255
   02F5 00                  835 	.db #0x00	; 0
   02F6 FF                  836 	.db #0xff	; 255
   02F7 00                  837 	.db #0x00	; 0
   02F8 FF                  838 	.db #0xff	; 255
   02F9 00                  839 	.db #0x00	; 0
   02FA 00                  840 	.db #0x00	; 0
   02FB FF                  841 	.db #0xff	; 255
   02FC 11                  842 	.db #0x11	; 17
   02FD 8E                  843 	.db #0x8e	; 142
   02FE FF                  844 	.db #0xff	; 255
   02FF 00                  845 	.db #0x00	; 0
   0300 00                  846 	.db #0x00	; 0
   0301 FF                  847 	.db #0xff	; 255
   0302 11                  848 	.db #0x11	; 17
   0303 8E                  849 	.db #0x8e	; 142
   0304 FF                  850 	.db #0xff	; 255
   0305 00                  851 	.db #0x00	; 0
   0306 00                  852 	.db #0x00	; 0
   0307 FB                  853 	.db #0xfb	; 251
   0308 11                  854 	.db #0x11	; 17
   0309 86                  855 	.db #0x86	; 134
   030A FF                  856 	.db #0xff	; 255
   030B 00                  857 	.db #0x00	; 0
   030C 00                  858 	.db #0x00	; 0
   030D FF                  859 	.db #0xff	; 255
   030E 11                  860 	.db #0x11	; 17
   030F 8E                  861 	.db #0x8e	; 142
   0310 FF                  862 	.db #0xff	; 255
   0311 00                  863 	.db #0x00	; 0
   0312 00                  864 	.db #0x00	; 0
   0313 FF                  865 	.db #0xff	; 255
   0314 11                  866 	.db #0x11	; 17
   0315 8E                  867 	.db #0x8e	; 142
   0316 FF                  868 	.db #0xff	; 255
   0317 00                  869 	.db #0x00	; 0
   0318 00                  870 	.db #0x00	; 0
   0319 EF                  871 	.db #0xef	; 239
   031A 77                  872 	.db #0x77	; 119	'w'
   031B 08                  873 	.db #0x08	; 8
   031C FF                  874 	.db #0xff	; 255
   031D 00                  875 	.db #0x00	; 0
   031E 00                  876 	.db #0x00	; 0
   031F FF                  877 	.db #0xff	; 255
   0320 77                  878 	.db #0x77	; 119	'w'
   0321 08                  879 	.db #0x08	; 8
   0322 FF                  880 	.db #0xff	; 255
   0323 00                  881 	.db #0x00	; 0
   0324 CC                  882 	.db #0xcc	; 204
   0325 23                  883 	.db #0x23	; 35
   0326 FF                  884 	.db #0xff	; 255
   0327 00                  885 	.db #0x00	; 0
   0328 FF                  886 	.db #0xff	; 255
   0329 00                  887 	.db #0x00	; 0
   032A                     888 _player_spr_15:
   032A FF                  889 	.db #0xff	; 255
   032B 00                  890 	.db #0x00	; 0
   032C FF                  891 	.db #0xff	; 255
   032D 00                  892 	.db #0x00	; 0
   032E FF                  893 	.db #0xff	; 255
   032F 00                  894 	.db #0x00	; 0
   0330 FF                  895 	.db #0xff	; 255
   0331 00                  896 	.db #0x00	; 0
   0332 BB                  897 	.db #0xbb	; 187
   0333 04                  898 	.db #0x04	; 4
   0334 FF                  899 	.db #0xff	; 255
   0335 00                  900 	.db #0x00	; 0
   0336 FF                  901 	.db #0xff	; 255
   0337 00                  902 	.db #0x00	; 0
   0338 BB                  903 	.db #0xbb	; 187
   0339 04                  904 	.db #0x04	; 4
   033A FF                  905 	.db #0xff	; 255
   033B 00                  906 	.db #0x00	; 0
   033C EE                  907 	.db #0xee	; 238
   033D 01                  908 	.db #0x01	; 1
   033E BB                  909 	.db #0xbb	; 187
   033F 04                  910 	.db #0x04	; 4
   0340 FF                  911 	.db #0xff	; 255
   0341 00                  912 	.db #0x00	; 0
   0342 EE                  913 	.db #0xee	; 238
   0343 01                  914 	.db #0x01	; 1
   0344 AA                  915 	.db #0xaa	; 170
   0345 05                  916 	.db #0x05	; 5
   0346 FF                  917 	.db #0xff	; 255
   0347 00                  918 	.db #0x00	; 0
   0348 FF                  919 	.db #0xff	; 255
   0349 00                  920 	.db #0x00	; 0
   034A AA                  921 	.db #0xaa	; 170
   034B 05                  922 	.db #0x05	; 5
   034C FF                  923 	.db #0xff	; 255
   034D 00                  924 	.db #0x00	; 0
   034E FF                  925 	.db #0xff	; 255
   034F 00                  926 	.db #0x00	; 0
   0350 BB                  927 	.db #0xbb	; 187
   0351 04                  928 	.db #0x04	; 4
   0352 FF                  929 	.db #0xff	; 255
   0353 00                  930 	.db #0x00	; 0
   0354 FF                  931 	.db #0xff	; 255
   0355 00                  932 	.db #0x00	; 0
   0356 BB                  933 	.db #0xbb	; 187
   0357 04                  934 	.db #0x04	; 4
   0358 FF                  935 	.db #0xff	; 255
   0359 00                  936 	.db #0x00	; 0
   035A FF                  937 	.db #0xff	; 255
   035B 00                  938 	.db #0x00	; 0
   035C FF                  939 	.db #0xff	; 255
   035D 00                  940 	.db #0x00	; 0
   035E FF                  941 	.db #0xff	; 255
   035F 00                  942 	.db #0x00	; 0
   0360                     943 _player_spr_16:
   0360 FF                  944 	.db #0xff	; 255
   0361 00                  945 	.db #0x00	; 0
   0362 FF                  946 	.db #0xff	; 255
   0363 00                  947 	.db #0x00	; 0
   0364 FF                  948 	.db #0xff	; 255
   0365 00                  949 	.db #0x00	; 0
   0366 00                  950 	.db #0x00	; 0
   0367 7F                  951 	.db #0x7f	; 127
   0368 11                  952 	.db #0x11	; 17
   0369 EE                  953 	.db #0xee	; 238
   036A FF                  954 	.db #0xff	; 255
   036B 00                  955 	.db #0x00	; 0
   036C 00                  956 	.db #0x00	; 0
   036D 7B                  957 	.db #0x7b	; 123
   036E 11                  958 	.db #0x11	; 17
   036F EC                  959 	.db #0xec	; 236
   0370 FF                  960 	.db #0xff	; 255
   0371 00                  961 	.db #0x00	; 0
   0372 00                  962 	.db #0x00	; 0
   0373 7D                  963 	.db #0x7d	; 125
   0374 11                  964 	.db #0x11	; 17
   0375 EA                  965 	.db #0xea	; 234
   0376 FF                  966 	.db #0xff	; 255
   0377 00                  967 	.db #0x00	; 0
   0378 00                  968 	.db #0x00	; 0
   0379 7B                  969 	.db #0x7b	; 123
   037A 11                  970 	.db #0x11	; 17
   037B EC                  971 	.db #0xec	; 236
   037C FF                  972 	.db #0xff	; 255
   037D 00                  973 	.db #0x00	; 0
   037E 00                  974 	.db #0x00	; 0
   037F 7F                  975 	.db #0x7f	; 127
   0380 11                  976 	.db #0x11	; 17
   0381 EE                  977 	.db #0xee	; 238
   0382 FF                  978 	.db #0xff	; 255
   0383 00                  979 	.db #0x00	; 0
   0384 88                  980 	.db #0x88	; 136
   0385 17                  981 	.db #0x17	; 23
   0386 33                  982 	.db #0x33	; 51	'3'
   0387 CC                  983 	.db #0xcc	; 204
   0388 FF                  984 	.db #0xff	; 255
   0389 00                  985 	.db #0x00	; 0
   038A 88                  986 	.db #0x88	; 136
   038B 37                  987 	.db #0x37	; 55	'7'
   038C 33                  988 	.db #0x33	; 51	'3'
   038D CC                  989 	.db #0xcc	; 204
   038E FF                  990 	.db #0xff	; 255
   038F 00                  991 	.db #0x00	; 0
   0390 33                  992 	.db #0x33	; 51	'3'
   0391 4C                  993 	.db #0x4c	; 76	'L'
   0392 99                  994 	.db #0x99	; 153
   0393 26                  995 	.db #0x26	; 38
   0394 FF                  996 	.db #0xff	; 255
   0395 00                  997 	.db #0x00	; 0
   0396                     998 _player_spr_17:
   0396 FF                  999 	.db #0xff	; 255
   0397 00                 1000 	.db #0x00	; 0
   0398 FF                 1001 	.db #0xff	; 255
   0399 00                 1002 	.db #0x00	; 0
   039A FF                 1003 	.db #0xff	; 255
   039B 00                 1004 	.db #0x00	; 0
   039C CC                 1005 	.db #0xcc	; 204
   039D 13                 1006 	.db #0x13	; 19
   039E 33                 1007 	.db #0x33	; 51	'3'
   039F 8C                 1008 	.db #0x8c	; 140
   03A0 FF                 1009 	.db #0xff	; 255
   03A1 00                 1010 	.db #0x00	; 0
   03A2 CC                 1011 	.db #0xcc	; 204
   03A3 13                 1012 	.db #0x13	; 19
   03A4 33                 1013 	.db #0x33	; 51	'3'
   03A5 8C                 1014 	.db #0x8c	; 140
   03A6 FF                 1015 	.db #0xff	; 255
   03A7 00                 1016 	.db #0x00	; 0
   03A8 44                 1017 	.db #0x44	; 68	'D'
   03A9 39                 1018 	.db #0x39	; 57	'9'
   03AA 22                 1019 	.db #0x22	; 34
   03AB C9                 1020 	.db #0xc9	; 201
   03AC FF                 1021 	.db #0xff	; 255
   03AD 00                 1022 	.db #0x00	; 0
   03AE 44                 1023 	.db #0x44	; 68	'D'
   03AF 1B                 1024 	.db #0x1b	; 27
   03B0 22                 1025 	.db #0x22	; 34
   03B1 8D                 1026 	.db #0x8d	; 141
   03B2 FF                 1027 	.db #0xff	; 255
   03B3 00                 1028 	.db #0x00	; 0
   03B4 44                 1029 	.db #0x44	; 68	'D'
   03B5 1B                 1030 	.db #0x1b	; 27
   03B6 22                 1031 	.db #0x22	; 34
   03B7 8D                 1032 	.db #0x8d	; 141
   03B8 FF                 1033 	.db #0xff	; 255
   03B9 00                 1034 	.db #0x00	; 0
   03BA CC                 1035 	.db #0xcc	; 204
   03BB 13                 1036 	.db #0x13	; 19
   03BC 22                 1037 	.db #0x22	; 34
   03BD 8D                 1038 	.db #0x8d	; 141
   03BE FF                 1039 	.db #0xff	; 255
   03BF 00                 1040 	.db #0x00	; 0
   03C0 CC                 1041 	.db #0xcc	; 204
   03C1 13                 1042 	.db #0x13	; 19
   03C2 33                 1043 	.db #0x33	; 51	'3'
   03C3 8C                 1044 	.db #0x8c	; 140
   03C4 FF                 1045 	.db #0xff	; 255
   03C5 00                 1046 	.db #0x00	; 0
   03C6 FF                 1047 	.db #0xff	; 255
   03C7 00                 1048 	.db #0x00	; 0
   03C8 BB                 1049 	.db #0xbb	; 187
   03C9 04                 1050 	.db #0x04	; 4
   03CA FF                 1051 	.db #0xff	; 255
   03CB 00                 1052 	.db #0x00	; 0
   03CC                    1053 _player_spr_18:
   03CC FF                 1054 	.db #0xff	; 255
   03CD 00                 1055 	.db #0x00	; 0
   03CE FF                 1056 	.db #0xff	; 255
   03CF 00                 1057 	.db #0x00	; 0
   03D0 FF                 1058 	.db #0xff	; 255
   03D1 00                 1059 	.db #0x00	; 0
   03D2 CC                 1060 	.db #0xcc	; 204
   03D3 13                 1061 	.db #0x13	; 19
   03D4 00                 1062 	.db #0x00	; 0
   03D5 FF                 1063 	.db #0xff	; 255
   03D6 77                 1064 	.db #0x77	; 119	'w'
   03D7 88                 1065 	.db #0x88	; 136
   03D8 CC                 1066 	.db #0xcc	; 204
   03D9 12                 1067 	.db #0x12	; 18
   03DA 00                 1068 	.db #0x00	; 0
   03DB FF                 1069 	.db #0xff	; 255
   03DC 77                 1070 	.db #0x77	; 119	'w'
   03DD 80                 1071 	.db #0x80	; 128
   03DE CC                 1072 	.db #0xcc	; 204
   03DF 13                 1073 	.db #0x13	; 19
   03E0 00                 1074 	.db #0x00	; 0
   03E1 F6                 1075 	.db #0xf6	; 246
   03E2 77                 1076 	.db #0x77	; 119	'w'
   03E3 88                 1077 	.db #0x88	; 136
   03E4 CC                 1078 	.db #0xcc	; 204
   03E5 12                 1079 	.db #0x12	; 18
   03E6 00                 1080 	.db #0x00	; 0
   03E7 FF                 1081 	.db #0xff	; 255
   03E8 77                 1082 	.db #0x77	; 119	'w'
   03E9 80                 1083 	.db #0x80	; 128
   03EA CC                 1084 	.db #0xcc	; 204
   03EB 13                 1085 	.db #0x13	; 19
   03EC 00                 1086 	.db #0x00	; 0
   03ED FF                 1087 	.db #0xff	; 255
   03EE 77                 1088 	.db #0x77	; 119	'w'
   03EF 88                 1089 	.db #0x88	; 136
   03F0 EE                 1090 	.db #0xee	; 238
   03F1 01                 1091 	.db #0x01	; 1
   03F2 00                 1092 	.db #0x00	; 0
   03F3 7F                 1093 	.db #0x7f	; 127
   03F4 FF                 1094 	.db #0xff	; 255
   03F5 00                 1095 	.db #0x00	; 0
   03F6 EE                 1096 	.db #0xee	; 238
   03F7 01                 1097 	.db #0x01	; 1
   03F8 00                 1098 	.db #0x00	; 0
   03F9 FF                 1099 	.db #0xff	; 255
   03FA FF                 1100 	.db #0xff	; 255
   03FB 00                 1101 	.db #0x00	; 0
   03FC CC                 1102 	.db #0xcc	; 204
   03FD 13                 1103 	.db #0x13	; 19
   03FE EE                 1104 	.db #0xee	; 238
   03FF 01                 1105 	.db #0x01	; 1
   0400 77                 1106 	.db #0x77	; 119	'w'
   0401 88                 1107 	.db #0x88	; 136
   0402                    1108 _player_spr_19:
   0402 FF                 1109 	.db #0xff	; 255
   0403 00                 1110 	.db #0x00	; 0
   0404 FF                 1111 	.db #0xff	; 255
   0405 00                 1112 	.db #0x00	; 0
   0406 FF                 1113 	.db #0xff	; 255
   0407 00                 1114 	.db #0x00	; 0
   0408 FF                 1115 	.db #0xff	; 255
   0409 00                 1116 	.db #0x00	; 0
   040A 00                 1117 	.db #0x00	; 0
   040B 6F                 1118 	.db #0x6f	; 111	'o'
   040C FF                 1119 	.db #0xff	; 255
   040D 00                 1120 	.db #0x00	; 0
   040E FF                 1121 	.db #0xff	; 255
   040F 00                 1122 	.db #0x00	; 0
   0410 00                 1123 	.db #0x00	; 0
   0411 6F                 1124 	.db #0x6f	; 111	'o'
   0412 FF                 1125 	.db #0xff	; 255
   0413 00                 1126 	.db #0x00	; 0
   0414 DD                 1127 	.db #0xdd	; 221
   0415 02                 1128 	.db #0x02	; 2
   0416 00                 1129 	.db #0x00	; 0
   0417 F6                 1130 	.db #0xf6	; 246
   0418 BB                 1131 	.db #0xbb	; 187
   0419 04                 1132 	.db #0x04	; 4
   041A DD                 1133 	.db #0xdd	; 221
   041B 02                 1134 	.db #0x02	; 2
   041C 00                 1135 	.db #0x00	; 0
   041D 6F                 1136 	.db #0x6f	; 111	'o'
   041E BB                 1137 	.db #0xbb	; 187
   041F 04                 1138 	.db #0x04	; 4
   0420 DD                 1139 	.db #0xdd	; 221
   0421 02                 1140 	.db #0x02	; 2
   0422 00                 1141 	.db #0x00	; 0
   0423 6F                 1142 	.db #0x6f	; 111	'o'
   0424 BB                 1143 	.db #0xbb	; 187
   0425 04                 1144 	.db #0x04	; 4
   0426 FF                 1145 	.db #0xff	; 255
   0427 00                 1146 	.db #0x00	; 0
   0428 00                 1147 	.db #0x00	; 0
   0429 6F                 1148 	.db #0x6f	; 111	'o'
   042A BB                 1149 	.db #0xbb	; 187
   042B 04                 1150 	.db #0x04	; 4
   042C FF                 1151 	.db #0xff	; 255
   042D 00                 1152 	.db #0x00	; 0
   042E 00                 1153 	.db #0x00	; 0
   042F 6F                 1154 	.db #0x6f	; 111	'o'
   0430 FF                 1155 	.db #0xff	; 255
   0431 00                 1156 	.db #0x00	; 0
   0432 FF                 1157 	.db #0xff	; 255
   0433 00                 1158 	.db #0x00	; 0
   0434 EE                 1159 	.db #0xee	; 238
   0435 01                 1160 	.db #0x01	; 1
   0436 FF                 1161 	.db #0xff	; 255
   0437 00                 1162 	.db #0x00	; 0
                           1163 	.area _INITIALIZER
                           1164 	.area _CABS (ABS)
