ASxxxx Assembler V02.00 + NoICE + SDCC mods  (Zilog Z80 / Hitachi HD64180), page 1.
Hexadecimal [16-Bits]



                              1 ;; File 'src/bins/map_00.s' generated using cpct_pack
                              2 ;; Compresor used:   zx7b
                              3 ;; Files compressed: [ 'src/maps/Mapa_00.bin' ]
                              4 ;; Uncompressed:     460 bytes
                              5 ;; Compressed:       120 bytes
                              6 ;; Space saved:      340 bytes
                              7 ;;
                              8 
                              9 ;; Data array definition
   0000                      10 _map_00::
   0000 80 55 00 D5 14 77    11    .db  0x80, 0x55, 0x00, 0xd5, 0x14, 0x77, 0x4c, 0x13, 0x30, 0xc1, 0xaf, 0x4f, 0x78, 0x5d, 0x40, 0x00
        4C 13 30 C1 AF 4F
        78 5D 40 00
   0010 3B 52 07 08 0F 1F    12    .db  0x3b, 0x52, 0x07, 0x08, 0x0f, 0x1f, 0x3b, 0x21, 0x21, 0x05, 0x0c, 0x15, 0x00, 0x1d, 0x03, 0x22
        3B 21 21 05 0C 15
        00 1D 03 22
   0020 3B 5B 1D 09 00 1E    13    .db  0x3b, 0x5b, 0x1d, 0x09, 0x00, 0x1e, 0x12, 0xa5, 0x00, 0x57, 0x13, 0x57, 0x02, 0x65, 0x07, 0x9f
        12 A5 00 57 13 57
        02 65 07 9F
   0030 13 63 3B EA 20 A3    14    .db  0x13, 0x63, 0x3b, 0xea, 0x20, 0xa3, 0x82, 0x13, 0xd0, 0x74, 0x75, 0x3b, 0x5d, 0x12, 0x56, 0x53
        82 13 D0 74 75 3B
        5D 12 56 53
   0040 57 00 13 C2 20 D4    15    .db  0x57, 0x00, 0x13, 0xc2, 0x20, 0xd4, 0x5e, 0x13, 0x29, 0x77, 0xb5, 0x13, 0xd4, 0x62, 0x54, 0x0c
        5E 13 29 77 B5 13
        D4 62 54 0C
   0050 03 E9 04 28 13 5B    16    .db  0x03, 0xe9, 0x04, 0x28, 0x13, 0x5b, 0x27, 0x0c, 0x07, 0xed, 0x2c, 0x2d, 0x13, 0x84, 0x1a, 0x8b
        27 0C 07 ED 2C 2D
        13 84 1A 8B
   0060 13 04 00 AB 13 D4    17    .db  0x13, 0x04, 0x00, 0xab, 0x13, 0xd4, 0x03, 0x64, 0x00, 0x5c, 0x60, 0x05, 0x01, 0x08, 0x00, 0x9f
        03 64 00 5C 60 05
        01 08 00 9F
   0070 00 13 4A 26 00 50    18    .db  0x00, 0x13, 0x4a, 0x26, 0x00, 0x50, 0x88, 0x0f
        88 0F
                             19 ;; Address of the latest byte of the compressed array (for unpacking purposes)
                     0077    20 _map_00_end == . - 1
                             21 
