ASxxxx Assembler V02.00 + NoICE + SDCC mods  (Zilog Z80 / Hitachi HD64180), page 1.
Hexadecimal [16-Bits]



                              1 ;; File 'src/bins/menu_tileset.s' generated using cpct_pack
                              2 ;; Compresor used:   zx7b
                              3 ;; Files compressed: [ 'src/bins/MenuTileset.bin' ]
                              4 ;; Uncompressed:     1536 bytes
                              5 ;; Compressed:       486 bytes
                              6 ;; Space saved:      1050 bytes
                              7 ;;
                              8 
                              9 ;; Data array definition
   0000                      10 _menu_tileset::
   0000 C0 AA 49 EA 41 E2    11    .db  0xc0, 0xaa, 0x49, 0xea, 0x41, 0xe2, 0x82, 0xd5, 0x37, 0x6f, 0x3a, 0xe0, 0x93, 0xac, 0x00, 0x2e
        82 D5 37 6F 3A E0
        93 AC 00 2E
   0010 1D E2 1B BA 07 E8    12    .db  0x1d, 0xe2, 0x1b, 0xba, 0x07, 0xe8, 0xa0, 0x6b, 0x07, 0x9b, 0x02, 0xe8, 0x82, 0xc6, 0x07, 0x2b
        A0 6B 07 9B 02 E8
        82 C6 07 2B
   0020 04 AE E6 16 07 26    13    .db  0x04, 0xae, 0xe6, 0x16, 0x07, 0x26, 0x0a, 0xb8, 0xa7, 0x38, 0xef, 0x04, 0x3d, 0xb8, 0x1b, 0xa3
        0A B8 A7 38 EF 04
        3D B8 1B A3
   0030 0F 8B 1F 8F D7 A8    14    .db  0x0f, 0x8b, 0x1f, 0x8f, 0xd7, 0xa8, 0x21, 0x3f, 0x3b, 0x1f, 0xea, 0x04, 0xea, 0x1d, 0xba, 0x68
        21 3F 3B 1F EA 04
        EA 1D BA 68
   0040 CD E1 08 2D A1 85    15    .db  0xcd, 0xe1, 0x08, 0x2d, 0xa1, 0x85, 0x05, 0xf1, 0x07, 0xa5, 0x06, 0x98, 0xbf, 0x4e, 0x0f, 0xea
        05 F1 07 A5 06 98
        BF 4E 0F EA
   0050 1D EA 5A BD 23 11    16    .db  0x1d, 0xea, 0x5a, 0xbd, 0x23, 0x11, 0xee, 0x81, 0x2c, 0x58, 0x8b, 0x2b, 0x00, 0x0f, 0xa6, 0xef
        EE 81 2C 58 8B 2B
        00 0F A6 EF
   0060 5A 0F 71 4F 2F F9    17    .db  0x5a, 0x0f, 0x71, 0x4f, 0x2f, 0xf9, 0x77, 0xf7, 0x8e, 0x66, 0x06, 0xf9, 0x0d, 0x37, 0xb0, 0x2f
        77 F7 8E 66 06 F9
        0D 37 B0 2F
   0070 BC 0F F4 0F 2E D4    18    .db  0xbc, 0x0f, 0xf4, 0x0f, 0x2e, 0xd4, 0xfb, 0x63, 0xfa, 0xf1, 0x2f, 0x1a, 0x64, 0xfa, 0x21, 0x27
        FB 63 FA F1 2F 1A
        64 FA 21 27
   0080 F4 7A FC FB FD 1F    19    .db  0xf4, 0x7a, 0xfc, 0xfb, 0xfd, 0x1f, 0xf4, 0xf6, 0xf9, 0x18, 0x1f, 0xfd, 0xf2, 0xf9, 0xf4, 0xf5
        F4 F6 F9 18 1F FD
        F2 F9 F4 F5
   0090 14 83 FD 1F 2D F4    20    .db  0x14, 0x83, 0xfd, 0x1f, 0x2d, 0xf4, 0xf9, 0xfe, 0x07, 0xe2, 0xc2, 0x07, 0x1a, 0xf8, 0xfd, 0x06
        F9 FE 07 E2 C2 07
        1A F8 FD 06
   00A0 1D CA F6 67 F5 5B    21    .db  0x1d, 0xca, 0xf6, 0x67, 0xf5, 0x5b, 0xff, 0x2c, 0xf6, 0xac, 0x8a, 0xf5, 0x07, 0xad, 0x06, 0xb8
        FF 2C F6 AC 8A F5
        07 AD 06 B8
   00B0 D6 B2 07 89 F1 F1    22    .db  0xd6, 0xb2, 0x07, 0x89, 0xf1, 0xf1, 0x21, 0x32, 0x07, 0xf1, 0x78, 0xa6, 0xef, 0xef, 0x0f, 0x07
        21 32 07 F1 78 A6
        EF EF 0F 07
   00C0 E5 F3 90 8B 8C E3    23    .db  0xe5, 0xf3, 0x90, 0x8b, 0x8c, 0xe3, 0xe3, 0x90, 0xc4, 0x3c, 0x47, 0xa0, 0x37, 0x74, 0x3f, 0x74
        E3 90 C4 3C 47 A0
        37 74 3F 74
   00D0 FC 07 AD FF 36 F7    24    .db  0xfc, 0x07, 0xad, 0xff, 0x36, 0xf7, 0x46, 0xef, 0x2f, 0xbb, 0xc0, 0x5e, 0xff, 0xcf, 0x26, 0xce
        46 EF 2F BB C0 5E
        FF CF 26 CE
   00E0 07 8E 0F 07 3E F0    25    .db  0x07, 0x8e, 0x0f, 0x07, 0x3e, 0xf0, 0x1e, 0x0f, 0x3f, 0x22, 0x3c, 0x0f, 0x05, 0x07, 0xe4, 0x00
        1E 0F 3F 22 3C 0F
        05 07 E4 00
ASxxxx Assembler V02.00 + NoICE + SDCC mods  (Zilog Z80 / Hitachi HD64180), page 2.
Hexadecimal [16-Bits]



   00F0 3A F5 00 46 0D 3F    26    .db  0x3a, 0xf5, 0x00, 0x46, 0x0d, 0x3f, 0xef, 0x0a, 0x16, 0xe5, 0x4d, 0xbf, 0xf3, 0x06, 0xf0, 0x07
        EF 0A 16 E5 4D BF
        F3 06 F0 07
   0100 B3 CF 78 11 85 08    27    .db  0xb3, 0xcf, 0x78, 0x11, 0x85, 0x08, 0x8f, 0xf3, 0x9e, 0x07, 0xb1, 0xfe, 0x1a, 0x3c, 0x57, 0xb6
        8F F3 9E 07 B1 FE
        1A 3C 57 B6
   0110 78 EF 1F FD 01 A4    28    .db  0x78, 0xef, 0x1f, 0xfd, 0x01, 0xa4, 0x1f, 0xf7, 0x04, 0x2b, 0xf7, 0x01, 0xf1, 0x16, 0x69, 0x8f
        1F F7 04 2B F7 01
        F1 16 69 8F
   0120 1C F0 79 F1 FE F2    29    .db  0x1c, 0xf0, 0x79, 0xf1, 0xfe, 0xf2, 0xf7, 0xf3, 0x1f, 0xf4, 0x60, 0x0e, 0xfc, 0x07, 0x69, 0x08
        F7 F3 1F F4 60 0E
        FC 07 69 08
   0130 FD 87 FE 64 79 1F    30    .db  0xfd, 0x87, 0xfe, 0x64, 0x79, 0x1f, 0xfd, 0xfe, 0xe0, 0xf6, 0x60, 0x03, 0xf6, 0xb0, 0x83, 0xf4
        FD FE E0 F6 60 03
        F6 B0 83 F4
   0140 F3 00 65 0F 71 00    31    .db  0xf3, 0x00, 0x65, 0x0f, 0x71, 0x00, 0xf5, 0xaf, 0x18, 0x30, 0x81, 0x56, 0x1e, 0x17, 0x97, 0x78
        F5 AF 18 30 81 56
        1E 17 97 78
   0150 72 1B 3F E1 07 67    32    .db  0x72, 0x1b, 0x3f, 0xe1, 0x07, 0x67, 0xff, 0x87, 0x70, 0x64, 0xf9, 0xf9, 0x36, 0x19, 0x8f, 0x61
        FF 87 70 64 F9 F9
        36 19 8F 61
   0160 46 FF 53 07 63 8E    33    .db  0x46, 0xff, 0x53, 0x07, 0x63, 0x8e, 0x1c, 0x88, 0x2f, 0x9b, 0x86, 0x48, 0x71, 0x07, 0x87, 0x08
        1C 88 2F 9B 86 48
        71 07 87 08
   0170 A6 10 3E 7C C3 1F    34    .db  0xa6, 0x10, 0x3e, 0x7c, 0xc3, 0x1f, 0x2f, 0x24, 0x3f, 0xff, 0x0f, 0xe1, 0xf0, 0x05, 0x16, 0x2f
        2F 24 3F FF 0F E1
        F0 05 16 2F
   0180 00 FB 06 08 BB 2F    35    .db  0x00, 0xfb, 0x06, 0x08, 0xbb, 0x2f, 0x81, 0xfc, 0x0b, 0x6b, 0x76, 0xc3, 0x7f, 0x07, 0x1b, 0x79
        81 FC 0B 6B 76 C3
        7F 07 1B 79
   0190 87 FF 7F C3 08 21    36    .db  0x87, 0xff, 0x7f, 0xc3, 0x08, 0x21, 0x26, 0xfc, 0xf1, 0x0a, 0x97, 0x3f, 0x0a, 0x97, 0x47, 0xb4
        26 FC F1 0A 97 3F
        0A 97 47 B4
   01A0 F8 07 34 78 07 BE    37    .db  0xf8, 0x07, 0x34, 0x78, 0x07, 0xbe, 0xf8, 0xff, 0xc3, 0x7e, 0x07, 0xb0, 0xfc, 0xd3, 0xe1, 0x7f
        F8 FF C3 7E 07 B0
        FC D3 E1 7F
   01B0 25 B0 7F FF 00 84    38    .db  0x25, 0xb0, 0x7f, 0xff, 0x00, 0x84, 0xf2, 0x00, 0x02, 0xb6, 0x00, 0x1f, 0x00, 0xa5, 0x4f, 0x00
        F2 00 02 B6 00 1F
        00 A5 4F 00
   01C0 94 B7 17 1A 73 1C    39    .db  0x94, 0xb7, 0x17, 0x1a, 0x73, 0x1c, 0x07, 0x31, 0x02, 0x07, 0xf1, 0x45, 0xd0, 0x07, 0x5d, 0x0f
        07 31 02 07 F1 45
        D0 07 5D 0F
   01D0 00 D7 FF 44 FE F7    40    .db  0x00, 0xd7, 0xff, 0x44, 0xfe, 0xf7, 0xf7, 0xfe, 0x07, 0x30, 0x05, 0xe8, 0xf3, 0xfc, 0xfc, 0xf3
        F7 FE 07 30 05 E8
        F3 FC FC F3
   01E0 FF FF 00 40 AA F0    41    .db  0xff, 0xff, 0x00, 0x40, 0xaa, 0xf0
                             42 ;; Address of the latest byte of the compressed array (for unpacking purposes)
                     01E5    43 _menu_tileset_end == . - 1
                             44 
